[2015.07.12-10.31.50:449][  0]Log file open, 07/12/15 12:31:50
[2015.07.12-10.31.50:449][  0]LogInit:Display: Running engine for game: UnrealProject
[2015.07.12-10.31.50:449][  0]LogInit:Display: RandInit(1150856095) SRandInit(1150856096).
[2015.07.12-10.31.50:449][  0]LogTaskGraph: Started task graph with 4 named threads and 7 total threads.
[2015.07.12-10.31.50:449][  0]LogStats: Stats thread started
[2015.07.12-10.31.50:449][  0]LogInit: Version: 4.8.1-2591939+++depot+UE4-Releases+4.8
[2015.07.12-10.31.50:449][  0]LogInit: API Version: 2579680
[2015.07.12-10.31.50:449][  0]LogInit: Compiled (64-bit): Jun 18 2015 11:02:04
[2015.07.12-10.31.50:449][  0]LogInit: Compiled with Visual C++: 18.00.21005.01
[2015.07.12-10.31.50:449][  0]LogInit: Build Configuration: Development
[2015.07.12-10.31.50:449][  0]LogInit: Branch Name: ++depot+UE4-Releases+4.8
[2015.07.12-10.31.50:449][  0]LogInit: Command line: 
[2015.07.12-10.31.50:449][  0]LogInit: Base directory: C:/Program Files/Epic Games/4.8/Engine/Binaries/Win64/
[2015.07.12-10.31.50:449][  0]LogInit: Rocket: 1
[2015.07.12-10.31.50:465][  0]LogInit: Using libcurl 7.41.0
[2015.07.12-10.31.50:465][  0]LogInit:  - built for x86_64-pc-win32
[2015.07.12-10.31.50:465][  0]LogInit:  - supports SSL with WinSSL
[2015.07.12-10.31.50:465][  0]LogInit:  - other features:
[2015.07.12-10.31.50:465][  0]LogInit:      CURL_VERSION_SSL
[2015.07.12-10.31.50:465][  0]LogInit:      CURL_VERSION_IPV6
[2015.07.12-10.31.50:465][  0]LogInit:      CURL_VERSION_ASYNCHDNS
[2015.07.12-10.31.50:465][  0]LogInit:      CURL_VERSION_LARGEFILE
[2015.07.12-10.31.50:465][  0]LogInit:      CURL_VERSION_IDN
[2015.07.12-10.31.50:465][  0]LogInit:  CurlRequestOptions (configurable via config and command line):
[2015.07.12-10.31.50:465][  0]LogInit:  - bVerifyPeer = true  - Libcurl will verify peer certificate
[2015.07.12-10.31.50:465][  0]LogInit:  - bUseHttpProxy = false  - Libcurl will NOT use HTTP proxy
[2015.07.12-10.31.50:465][  0]LogInit:  - bDontReuseConnections = false  - Libcurl will reuse connections
[2015.07.12-10.31.50:465][  0]LogInit:  - CertBundlePath = nullptr  - Libcurl will use whatever was configured at build time.
[2015.07.12-10.31.50:481][  0]LogOnline:Warning: No default platform service specified for OnlineSubsystem
[2015.07.12-10.31.50:498][  0]LogInit: Presizing for 0 objects not considered by GC, pre-allocating 0 bytes.
[2015.07.12-10.31.50:504][  0]LogInit: Object subsystem initialized
[2015.07.12-10.31.50:505][  0]LogConsoleResponse:Warning: Skipping Unknown console variable: 'TranslucentSortAxis = (X=0.000000,Y=-1.000000,Z=0.000000)'
[2015.07.12-10.31.50:505][  0]LogConsoleResponse:Warning:   Found in ini file 'C:/Users/Viktor.Pekar/Documents/12-07-2015/UnrealProject/Saved/Config/Windows/Engine.ini', in section '[/Script/Engine.RendererSettings]'
[2015.07.12-10.31.50:505][  0]LogConsoleResponse:Warning: Skipping Unknown console variable: 'UIScaleRule = ShortestSide'
[2015.07.12-10.31.50:505][  0]LogConsoleResponse:Warning:   Found in ini file 'C:/Users/Viktor.Pekar/Documents/12-07-2015/UnrealProject/Saved/Config/Windows/Engine.ini', in section '[/Script/Engine.RendererSettings]'
[2015.07.12-10.31.50:505][  0]LogConsoleResponse:Warning: Skipping Unknown console variable: 'UIScaleCurve = (EditorCurveData=(Keys=),ExternalCurve=None)'
[2015.07.12-10.31.50:505][  0]LogConsoleResponse:Warning:   Found in ini file 'C:/Users/Viktor.Pekar/Documents/12-07-2015/UnrealProject/Saved/Config/Windows/Engine.ini', in section '[/Script/Engine.RendererSettings]'
[2015.07.12-10.31.50:505][  0]LogInit: Selected Device Profile: [Windows]
[2015.07.12-10.31.50:505][  0]LogInit: Applying CVar settings loaded from the selected device profile: [Windows]
[2015.07.12-10.31.50:513][  0]LogInit: Computer: 2015-GP-02
[2015.07.12-10.31.50:513][  0]LogInit: User: ViktorPekar
[2015.07.12-10.31.50:513][  0]LogInit: CPU Page size=4096, Cores=4
[2015.07.12-10.31.50:513][  0]LogInit: High frequency timer resolution =2.435830 MHz
[2015.07.12-10.31.50:513][  0]LogMemory: Memory total: Physical=15.9GB (16GB approx)
[2015.07.12-10.31.50:513][  0]LogMemory: Platform Memory Stats for Windows
[2015.07.12-10.31.50:513][  0]LogMemory: Process Physical Memory: 50.75 MB used, 50.75 MB peak
[2015.07.12-10.31.50:513][  0]LogMemory: Process Virtual Memory: 26.85 MB used, 26.85 MB peak
[2015.07.12-10.31.50:513][  0]LogMemory: Physical Memory: 5397.26 MB used, 16300.36 MB total
[2015.07.12-10.31.50:513][  0]LogMemory: Virtual Memory: 287.19 MB used, 8388608.00 MB total
[2015.07.12-10.31.50:551][  0]LogTextLocalizationManager: The requested culture ('de_DE') has no localization data; falling back to 'en' for localization and internationalization data.
[2015.07.12-10.31.50:761][  0]LogTextLocalizationManager:Warning: Loaded localization resources contain conflicting entries for (Namespace:ContentBrowser, Key:ImportAssetToolTip):
Localization Resource: (C:/Program Files/Epic Games/4.8/Engine/Content/Localization/Editor/en/Editor.locres) Source String Hash: (-630476809) Localized String: (Import to {0}...)
Localization Resource: (C:/Program Files/Epic Games/4.8/Engine/Content/Localization/Editor/en/Editor.locres) Source String Hash: (1271782899) Localized String: (Imports an asset from file to this folder.)
[2015.07.12-10.31.51:078][  0]LogD3D11RHI: Found D3D11 adapter 0: Intel(R) HD Graphics 4600 (Feature Level 11_0)
[2015.07.12-10.31.51:078][  0]LogD3D11RHI: Adapter has 64MB of dedicated video memory, 0MB of dedicated system memory, and 1632MB of shared system memory, 1 output[s]
[2015.07.12-10.31.51:090][  0]LogD3D11RHI: Found D3D11 adapter 1: NVIDIA GeForce GTX 860M   (Feature Level 11_0)
[2015.07.12-10.31.51:090][  0]LogD3D11RHI: Adapter has 4018MB of dedicated video memory, 0MB of dedicated system memory, and 7894MB of shared system memory, 0 output[s]
[2015.07.12-10.31.51:090][  0]LogD3D11RHI: Chosen D3D11 Adapter Id = 0
[2015.07.12-10.31.51:096][  0]LogRHI: Texture pool is 616 MB (70% of 880 MB)
[2015.07.12-10.31.51:107][  0]LogD3D11RHI: Async texture creation enabled
[2015.07.12-10.31.51:493][  0]LogShaderCompilers:Display: Using Local Shader Compiler.
[2015.07.12-10.31.52:206][  0]LogTemp:Display: Loaded TP DesktopTargetPlatform
[2015.07.12-10.31.52:218][  0]LogTemp:Display: Loaded TP WindowsClientTargetPlatform
[2015.07.12-10.31.52:230][  0]LogTemp:Display: Loaded TP WindowsNoEditorTargetPlatform
[2015.07.12-10.31.52:243][  0]LogTemp:Display: Loaded TP WindowsServerTargetPlatform
[2015.07.12-10.31.52:256][  0]LogTemp:Display: Loaded TP WindowsTargetPlatform
[2015.07.12-10.31.52:266][  0]LogTemp:Display: Loaded TP AndroidTargetPlatform
[2015.07.12-10.31.52:277][  0]LogTemp:Display: Loaded TP Android_ASTCTargetPlatform
[2015.07.12-10.31.52:287][  0]LogTemp:Display: Loaded TP Android_ATCTargetPlatform
[2015.07.12-10.31.52:297][  0]LogTemp:Display: Loaded TP Android_DXTTargetPlatform
[2015.07.12-10.31.52:308][  0]LogTemp:Display: Loaded TP Android_ETC1TargetPlatform
[2015.07.12-10.31.52:318][  0]LogTemp:Display: Loaded TP Android_ETC2TargetPlatform
[2015.07.12-10.31.52:329][  0]LogTemp:Display: Loaded TP Android_PVRTCTargetPlatform
[2015.07.12-10.31.52:369][  0]LogTemp:Display: Loaded TP IOSTargetPlatform
[2015.07.12-10.31.52:379][  0]LogTemp:Display: Loaded TP LinuxNoEditorTargetPlatform
[2015.07.12-10.31.52:389][  0]LogTemp:Display: Loaded TP LinuxServerTargetPlatform
[2015.07.12-10.31.52:400][  0]LogTemp:Display: Loaded TP LinuxTargetPlatform
[2015.07.12-10.31.52:400][  0]LogTargetPlatformManager:Display: Building Assets For Windows
[2015.07.12-10.31.52:568][  0]LogDerivedDataCache:Display: Max Cache Size: 512 MB
[2015.07.12-10.31.52:625][  0]LogDerivedDataCache: Loaded boot cache 0.06s 53MB C:/Users/Viktor.Pekar/AppData/Local/UnrealEngine/4.8/DerivedDataCache/Boot.ddc.
[2015.07.12-10.31.52:625][  0]LogDerivedDataCache:Display: Loaded Boot cache: C:/Users/Viktor.Pekar/AppData/Local/UnrealEngine/4.8/DerivedDataCache/Boot.ddc
[2015.07.12-10.31.52:625][  0]LogDerivedDataCache: FDerivedDataBackendGraph:  Pak pak cache file ../../../../../../Users/Viktor.Pekar/Documents/12-07-2015/UnrealProject/DerivedDataCache/DDC.ddp not found, will not use a pak cache.
[2015.07.12-10.31.52:625][  0]LogDerivedDataCache: Unable to find inner node Pak for hierarchical cache Hierarchy.
[2015.07.12-10.31.52:625][  0]LogDerivedDataCache: FDerivedDataBackendGraph:  CompressedPak pak cache file ../../../../../../Users/Viktor.Pekar/Documents/12-07-2015/UnrealProject/DerivedDataCache/Compressed.ddp not found, will not use a pak cache.
[2015.07.12-10.31.52:625][  0]LogDerivedDataCache: Unable to find inner node CompressedPak for hierarchical cache Hierarchy.
[2015.07.12-10.31.52:766][  0]LogDerivedDataCache:Display: Pak cache opened for reading ../../../Engine/DerivedDataCache/Compressed.ddp.
[2015.07.12-10.31.52:777][  0]LogDerivedDataCache: Using Local data cache path C:/Users/Viktor.Pekar/AppData/Local/UnrealEngine/Common/DerivedDataCache: Writable
[2015.07.12-10.31.52:956][  0]LogInit: Selected Device Profile: [Windows]
[2015.07.12-10.31.52:964][  0]ImportText (ComponentSweepMultiTests): Missing closing parenthesis: (RootShapeAsset="/Engine/BasicShapes/Cube.Cube",ShapeType="TriggerCapsule",HitResult=(Time=0.50,Location=(X=-100.000015,Y=0.0,Z=100.000015),ImpactPoint=(X=-50.0,Y=0.0,Z=50.0),Normal=(X=-1.0,Y=-0.0,Z=0.0),ImpactNormal=(X=0.0,Y=0.0,Z=1.0),TraceStart=(X=-200.0,Y=0.0,Z=200.0),TraceEnd=(X=0.0,Y=0.0,Z=0.0))
[2015.07.12-10.31.52:964][  0]ImportText (LineTraceSingleByChannelTests): Missing closing parenthesis: (RootShapeAsset="/Engine/BasicShapes/Cube.Cube",HitResult=(Time=0.50,Location=(X=-100.000015,Y=0.0,Z=100.000015),ImpactPoint=(X=-50.0,Y=0.0,Z=50.0),Normal=(X=-1.0,Y=-0.0,Z=0.0),ImpactNormal=(X=0.0,Y=0.0,Z=1.0),TraceStart=(X=-200.0,Y=0.0,Z=200.0),TraceEnd=(X=0.0,Y=0.0,Z=0.0))
[2015.07.12-10.31.52:988][  0]LogMeshUtilities: No automatic mesh reduction module available
[2015.07.12-10.31.52:988][  0]LogMeshUtilities: No automatic mesh merging module available
[2015.07.12-10.31.53:376][  0]LogInit: WinSock: version 1.1 (2.2), MaxSocks=32767, MaxUdp=65467
[2015.07.12-10.31.54:206][  0]UdpMessaging: Initializing bridge on interface 0.0.0.0:0 to multicast group 230.0.0.1:6666.
[2015.07.12-10.31.54:487][  0]SourceControl: Info Source control is disabled
[2015.07.12-10.31.54:498][  0]SourceControl: Info Source control is disabled
[2015.07.12-10.31.54:506][  0]SourceControl: Info Source control is disabled
[2015.07.12-10.31.54:514][  0]SourceControl: Info Source control is disabled
[2015.07.12-10.31.54:692][  0]LogObj: 26273 objects as part of root set at end of initial load.
[2015.07.12-10.31.54:692][  0]LogUObjectAllocator: 5409248 out of 0 bytes used by permanent object pool.
[2015.07.12-10.31.54:753][  0]LogEngine: Initializing Engine...
[2015.07.12-10.31.54:754][  0]LogHMD: Can't find Oculus library dev build: is proper Runtime installed? Version: 0.6.0.0
[2015.07.12-10.31.54:756][  0]LogHMD:Warning: SteamVR failed to initialize.  Error: 110
[2015.07.12-10.31.54:885][  0]LogAIModule: Creating AISystem for world NewWorld
[2015.07.12-10.31.54:891][  0]LogInit: XAudio2 using 'Lautsprecher (Realtek High Definition Audio)' : 2 channels at 48 kHz using 32 bits per sample (channel mask 0x3)
[2015.07.12-10.31.54:901][  0]LogInit: FAudioDevice initialized.
[2015.07.12-10.31.54:949][  0]LogDerivedDataCache: Saved boot cache 0.05s 53MB C:/Users/Viktor.Pekar/AppData/Local/UnrealEngine/4.8/DerivedDataCache/Boot.ddc.
[2015.07.12-10.31.54:954][  0]LogInit: Texture streaming: Disabled
[2015.07.12-10.31.54:973][  0]LogAnalytics: Creating configured Analytics provider AnalyticsET
[2015.07.12-10.31.54:973][  0]LogAnalytics: [UEEditor.Rocket.Release] APIServer = http://et2.epicgames.com/ET2/. AppVersion = 4.8.1-2591939+++depot+UE4-Releases+4.8
[2015.07.12-10.31.54:973][  0]LogAnalytics: [UEEditor.Rocket.Release] SetUserId fcdff1e148dbd36abe3e3593466647f0|7c8f08b2764d43e787567189fb578fc5|c56fab96-539e-4a88-91c5-28770007cfab
[2015.07.12-10.31.54:973][  0]LogAnalytics: [UEEditor.Rocket.Release] AnalyticsET::StartSession
[2015.07.12-10.31.54:999][  0]LogInit: Transaction tracking system initialized
[2015.07.12-10.31.55:103][  0]BlueprintLog: New page: Editor Load
[2015.07.12-10.31.55:132][  0]LogAssetRegistry: FAssetRegistry took 0.0099 seconds to start up
[2015.07.12-10.31.55:132][  0]LogDirectoryWatcher:Warning: Failed to begin reading directory changes for ../../../Engine/Plugins/Experimental/CharacterAI/Content/. Error: 0
[2015.07.12-10.31.55:721][  0]LogConsoleManager:Warning: Console variable 'r.VSync' wasn't set ('GameSetting' has a lower priority than 'SystemSettingsIni')
[2015.07.12-10.31.55:721][  0]LogConsoleResponse:Display: 
[2015.07.12-10.31.55:809][  0]LogCook:Display: Done creating registry. It took  0.00s.
[2015.07.12-10.31.55:948][  0]SourceControl: Info Source control is disabled
[2015.07.12-10.31.55:948][  0]Cmd: MAP LOAD FILE="../../../../../../Users/Viktor.Pekar/Documents/12-07-2015/UnrealProject/Content/FirstPersonBP/Maps/FirstPersonExampleMap.umap" TEMPLATE=0 SHOWPROGRESS=1 FEATURELEVEL=3
[2015.07.12-10.31.55:948][  0]LightingResults: New page: Lighting Build
[2015.07.12-10.31.55:959][  0]MapCheck: New page: Map Check
[2015.07.12-10.31.55:959][  0]LightingResults: New page: Lighting Build
[2015.07.12-10.31.55:970][  0]LogParticles: Destroying 0 GPU particle simulations for FXSystem 0x0000000015CD4B80
[2015.07.12-10.31.57:143][  0]LogAIModule: Creating AISystem for world FirstPersonExampleMap
[2015.07.12-10.31.57:156][  0]LogEditorServer: Finished looking for orphan Actors (0.000 secs)
[2015.07.12-10.31.59:110][  0]Cmd: MAP CHECKDEP NOCLEARLOG
[2015.07.12-10.31.59:154][  0]MapCheck: Info Map check complete: 0 Error(s), 0 Warning(s), took 43.711ms to complete.
[2015.07.12-10.31.59:154][  0]LogFileHelpers: Loading map 'FirstPersonExampleMap' took 3.206
[2015.07.12-10.31.59:289][  0]LogCollectionManager: Loaded 0 collections in 0.002177 seconds
[2015.07.12-10.31.59:297][  0]LogContentBrowser: Native class hierarchy populated in 0.0075 seconds. Added 1793 classes and 303 folders.
[2015.07.12-10.31.59:342][  0]LogContentBrowser: Native class hierarchy updated for 'WidgetCarousel' in 0.0003 seconds. Added 0 classes and 0 folders.
[2015.07.12-10.31.59:373][  0]LogContentBrowser: Native class hierarchy updated for 'AddContentDialog' in 0.0003 seconds. Added 0 classes and 0 folders.
[2015.07.12-10.31.59:439][  0]LogCrashTracker: Crashtracker disabled due to settings.
[2015.07.12-10.31.59:444][  0]LogUObjectGlobals:Warning: Failed to find object 'Class None.'
[2015.07.12-10.31.59:464][  0]LogLoad: Full Startup: 10.16 seconds (BP compile: 0.35 seconds)
[2015.07.12-10.31.59:529][  0]LogContentStreaming: Texture pool size is 0.000000MB
[2015.07.12-10.31.59:555][  0]LogContentStreaming: Texture pool size now 700 MB
[2015.07.12-10.31.59:705][  0]LogRenderer: Reallocating scene render targets to support 936x640 (Frame:2).
[2015.07.12-10.32.00:409][  8]LogAssetRegistry: Asset discovery search completed in 5.2876 seconds
[2015.07.12-10.32.03:371][278]LogPlayLevel: PIE:  No blueprints needed recompiling
[2015.07.12-10.32.03:374][278]PIE: New page: PIE session: FirstPersonExampleMap (Jul 12, 2015, 2:32:03 PM)
[2015.07.12-10.32.03:375][278]LogPlayLevel: Creating play world package: /Game/FirstPersonBP/Maps/UEDPIE_0_FirstPersonExampleMap
[2015.07.12-10.32.03:393][278]LogPlayLevel: PIE: StaticDuplicateObject took: (0.017993s)
[2015.07.12-10.32.03:393][278]LogAIModule: Creating AISystem for world FirstPersonExampleMap
[2015.07.12-10.32.03:394][278]LogPlayLevel: PIE: World Init took: (0.001250s)
[2015.07.12-10.32.03:394][278]LogPlayLevel: PIE: Created PIE world by copying editor world from /Game/FirstPersonBP/Maps/FirstPersonExampleMap.FirstPersonExampleMap to /Game/FirstPersonBP/Maps/UEDPIE_0_FirstPersonExampleMap.FirstPersonExampleMap (0.019528s)
[2015.07.12-10.32.03:469][278]LogInit: XAudio2 using 'Lautsprecher (Realtek High Definition Audio)' : 2 channels at 48 kHz using 32 bits per sample (channel mask 0x3)
[2015.07.12-10.32.03:478][278]LogInit: FAudioDevice initialized.
[2015.07.12-10.32.03:623][278]LogWorld: Game class is 'FirstPersonGameMode_C'
[2015.07.12-10.32.03:631][278]LogWorld: Bringing World /Game/FirstPersonBP/Maps/UEDPIE_0_FirstPersonExampleMap.FirstPersonExampleMap up for play (max tick rate 0) at 2015.07.12-12.32.03
[2015.07.12-10.32.03:631][278]LogActor:Warning: GameSession /Game/FirstPersonBP/Maps/UEDPIE_0_FirstPersonExampleMap.FirstPersonExampleMap:PersistentLevel.GameSession_0 has natively added scene component(s), but none of them were set as the actor's RootComponent - picking one arbitrarily
[2015.07.12-10.32.03:632][278]LogActor:Warning: GameNetworkManager /Game/FirstPersonBP/Maps/UEDPIE_0_FirstPersonExampleMap.FirstPersonExampleMap:PersistentLevel.GameNetworkManager_0 has natively added scene component(s), but none of them were set as the actor's RootComponent - picking one arbitrarily
[2015.07.12-10.32.03:633][278]LogWorld: Bringing up level for play took: 0.007902
[2015.07.12-10.32.03:635][278]PIE: Info Play in editor start time for /Game/FirstPersonBP/Maps/UEDPIE_0_FirstPersonExampleMap -0.151
[2015.07.12-10.33.16:717][372]LogParticles: Destroying 0 GPU particle simulations for FXSystem 0x0000000016C3F4C0
[2015.07.12-10.33.29:676][850]LogEditorViewport: Clicking on Actor (LMB): StaticMeshActor (Floor2)
[2015.07.12-10.33.42:517][850]LogEditorViewport: Clicking on Actor (LMB): FirstPersonCharacter_C (FirstPersonCharacter)
[2015.07.12-10.33.51:648][433]LogLinker:Warning: Asset '../../../Engine/Content/ArtTools/RenderToTexture/Macros/RenderToTextureMacros.uasset' has been saved with empty engine version. The asset will be loaded but may be incompatible.
[2015.07.12-10.33.51:694][433]LogLinker:Warning: Asset '../../../Engine/Content/ArtTools/RenderToTexture/Enums/RenderToTexture_Enum.uasset' has been saved with empty engine version. The asset will be loaded but may be incompatible.
[2015.07.12-10.36.39:780][766]LogPlayLevel: PIE:  No blueprints needed recompiling
[2015.07.12-10.36.39:780][766]PIE: New page: PIE session: FirstPersonExampleMap (Jul 12, 2015, 2:36:39 PM)
[2015.07.12-10.36.39:780][766]LogPlayLevel: Creating play world package: /Game/FirstPersonBP/Maps/UEDPIE_0_FirstPersonExampleMap
[2015.07.12-10.36.39:803][766]LogPlayLevel: PIE: StaticDuplicateObject took: (0.022822s)
[2015.07.12-10.36.39:804][766]LogAIModule: Creating AISystem for world FirstPersonExampleMap
[2015.07.12-10.36.39:804][766]LogPlayLevel: PIE: World Init took: (0.001220s)
[2015.07.12-10.36.39:805][766]LogPlayLevel: PIE: Created PIE world by copying editor world from /Game/FirstPersonBP/Maps/FirstPersonExampleMap.FirstPersonExampleMap to /Game/FirstPersonBP/Maps/UEDPIE_0_FirstPersonExampleMap.FirstPersonExampleMap (0.024338s)
[2015.07.12-10.36.39:869][766]LogInit: XAudio2 using 'Lautsprecher (Realtek High Definition Audio)' : 2 channels at 48 kHz using 32 bits per sample (channel mask 0x3)
[2015.07.12-10.36.39:877][766]LogInit: FAudioDevice initialized.
[2015.07.12-10.36.39:915][766]LogWorld: Game class is 'FirstPersonGameMode_C'
[2015.07.12-10.36.39:923][766]LogWorld: Bringing World /Game/FirstPersonBP/Maps/UEDPIE_0_FirstPersonExampleMap.FirstPersonExampleMap up for play (max tick rate 0) at 2015.07.12-12.36.39
[2015.07.12-10.36.39:923][766]LogActor:Warning: GameSession /Game/FirstPersonBP/Maps/UEDPIE_0_FirstPersonExampleMap.FirstPersonExampleMap:PersistentLevel.GameSession_1 has natively added scene component(s), but none of them were set as the actor's RootComponent - picking one arbitrarily
[2015.07.12-10.36.39:924][766]LogActor:Warning: GameNetworkManager /Game/FirstPersonBP/Maps/UEDPIE_0_FirstPersonExampleMap.FirstPersonExampleMap:PersistentLevel.GameNetworkManager_1 has natively added scene component(s), but none of them were set as the actor's RootComponent - picking one arbitrarily
[2015.07.12-10.36.39:924][766]LogWorld: Bringing up level for play took: 0.007084
[2015.07.12-10.36.39:926][766]PIE: Info Play in editor start time for /Game/FirstPersonBP/Maps/UEDPIE_0_FirstPersonExampleMap 0.132
[2015.07.12-10.36.45:074][992]LogParticles: Destroying 0 GPU particle simulations for FXSystem 0x0000000028E1D9E0
[2015.07.12-10.36.47:265][ 70]LogRenderer: Reallocating scene render targets to support 1144x904 (Frame:27763).
[2015.07.12-10.36.52:877][373]LogPlayLevel: PIE:  No blueprints needed recompiling
[2015.07.12-10.36.52:877][373]PIE: New page: PIE session: FirstPersonExampleMap (Jul 12, 2015, 2:36:52 PM)
[2015.07.12-10.36.52:878][373]LogPlayLevel: Creating play world package: /Game/FirstPersonBP/Maps/UEDPIE_0_FirstPersonExampleMap
[2015.07.12-10.36.52:902][373]LogPlayLevel: PIE: StaticDuplicateObject took: (0.024302s)
[2015.07.12-10.36.52:903][373]LogAIModule: Creating AISystem for world FirstPersonExampleMap
[2015.07.12-10.36.52:904][373]LogPlayLevel: PIE: World Init took: (0.001175s)
[2015.07.12-10.36.52:904][373]LogPlayLevel: PIE: Created PIE world by copying editor world from /Game/FirstPersonBP/Maps/FirstPersonExampleMap.FirstPersonExampleMap to /Game/FirstPersonBP/Maps/UEDPIE_0_FirstPersonExampleMap.FirstPersonExampleMap (0.025761s)
[2015.07.12-10.36.52:957][373]LogInit: XAudio2 using 'Lautsprecher (Realtek High Definition Audio)' : 2 channels at 48 kHz using 32 bits per sample (channel mask 0x3)
[2015.07.12-10.36.52:966][373]LogInit: FAudioDevice initialized.
[2015.07.12-10.36.53:001][373]LogWorld: Game class is 'FirstPersonGameMode_C'
[2015.07.12-10.36.53:010][373]LogWorld: Bringing World /Game/FirstPersonBP/Maps/UEDPIE_0_FirstPersonExampleMap.FirstPersonExampleMap up for play (max tick rate 0) at 2015.07.12-12.36.53
[2015.07.12-10.36.53:010][373]LogActor:Warning: GameSession /Game/FirstPersonBP/Maps/UEDPIE_0_FirstPersonExampleMap.FirstPersonExampleMap:PersistentLevel.GameSession_2 has natively added scene component(s), but none of them were set as the actor's RootComponent - picking one arbitrarily
[2015.07.12-10.36.53:010][373]LogActor:Warning: GameNetworkManager /Game/FirstPersonBP/Maps/UEDPIE_0_FirstPersonExampleMap.FirstPersonExampleMap:PersistentLevel.GameNetworkManager_2 has natively added scene component(s), but none of them were set as the actor's RootComponent - picking one arbitrarily
[2015.07.12-10.36.53:011][373]LogWorld: Bringing up level for play took: 0.007117
[2015.07.12-10.36.53:013][373]PIE: Info Play in editor start time for /Game/FirstPersonBP/Maps/UEDPIE_0_FirstPersonExampleMap -0.782
[2015.07.12-10.36.56:151][577]LogParticles: Destroying 0 GPU particle simulations for FXSystem 0x000000005039BF60
[2015.07.12-10.37.23:033][895]LogPlayLevel: PIE:  No blueprints needed recompiling
[2015.07.12-10.37.23:033][895]PIE: New page: PIE session: FirstPersonExampleMap (Jul 12, 2015, 2:37:23 PM)
[2015.07.12-10.37.23:034][895]LogPlayLevel: Creating play world package: /Game/FirstPersonBP/Maps/UEDPIE_0_FirstPersonExampleMap
[2015.07.12-10.37.23:063][895]LogPlayLevel: PIE: StaticDuplicateObject took: (0.028650s)
[2015.07.12-10.37.23:064][895]LogAIModule: Creating AISystem for world FirstPersonExampleMap
[2015.07.12-10.37.23:064][895]LogPlayLevel: PIE: World Init took: (0.001221s)
[2015.07.12-10.37.23:064][895]LogPlayLevel: PIE: Created PIE world by copying editor world from /Game/FirstPersonBP/Maps/FirstPersonExampleMap.FirstPersonExampleMap to /Game/FirstPersonBP/Maps/UEDPIE_0_FirstPersonExampleMap.FirstPersonExampleMap (0.030168s)
[2015.07.12-10.37.23:084][895]LogParticles: Destroying 0 GPU particle simulations for FXSystem 0x0000000011625080
[2015.07.12-10.37.23:120][895]LogInit: XAudio2 using 'Lautsprecher (Realtek High Definition Audio)' : 2 channels at 48 kHz using 32 bits per sample (channel mask 0x3)
[2015.07.12-10.37.23:128][895]LogInit: FAudioDevice initialized.
[2015.07.12-10.37.23:162][895]LogWorld: Game class is 'FirstPersonGameMode_C'
[2015.07.12-10.37.23:170][895]LogWorld: Bringing World /Game/FirstPersonBP/Maps/UEDPIE_0_FirstPersonExampleMap.FirstPersonExampleMap up for play (max tick rate 0) at 2015.07.12-12.37.23
[2015.07.12-10.37.23:170][895]LogActor:Warning: GameSession /Game/FirstPersonBP/Maps/UEDPIE_0_FirstPersonExampleMap.FirstPersonExampleMap:PersistentLevel.GameSession_3 has natively added scene component(s), but none of them were set as the actor's RootComponent - picking one arbitrarily
[2015.07.12-10.37.23:171][895]LogActor:Warning: GameNetworkManager /Game/FirstPersonBP/Maps/UEDPIE_0_FirstPersonExampleMap.FirstPersonExampleMap:PersistentLevel.GameNetworkManager_3 has natively added scene component(s), but none of them were set as the actor's RootComponent - picking one arbitrarily
[2015.07.12-10.37.23:171][895]LogWorld: Bringing up level for play took: 0.007058
[2015.07.12-10.37.23:173][895]PIE: Info Play in editor start time for /Game/FirstPersonBP/Maps/UEDPIE_0_FirstPersonExampleMap -0.623
[2015.07.12-10.38.35:344][630]LogParticles: Destroying 0 GPU particle simulations for FXSystem 0x000000004E993920
[2015.07.12-10.41.02:637][408]LogPlayLevel: PIE:  No blueprints needed recompiling
[2015.07.12-10.41.02:637][408]PIE: New page: PIE session: FirstPersonExampleMap (Jul 12, 2015, 2:41:02 PM)
[2015.07.12-10.41.02:643][408]LogPlayLevel: Creating play world package: /Game/FirstPersonBP/Maps/UEDPIE_0_FirstPersonExampleMap
[2015.07.12-10.41.02:665][408]LogPlayLevel: PIE: StaticDuplicateObject took: (0.022758s)
[2015.07.12-10.41.02:666][408]LogAIModule: Creating AISystem for world FirstPersonExampleMap
[2015.07.12-10.41.02:667][408]LogPlayLevel: PIE: World Init took: (0.001170s)
[2015.07.12-10.41.02:667][408]LogPlayLevel: PIE: Created PIE world by copying editor world from /Game/FirstPersonBP/Maps/FirstPersonExampleMap.FirstPersonExampleMap to /Game/FirstPersonBP/Maps/UEDPIE_0_FirstPersonExampleMap.FirstPersonExampleMap (0.024296s)
[2015.07.12-10.41.02:721][408]LogInit: XAudio2 using 'Lautsprecher (Realtek High Definition Audio)' : 2 channels at 48 kHz using 32 bits per sample (channel mask 0x3)
[2015.07.12-10.41.02:730][408]LogInit: FAudioDevice initialized.
[2015.07.12-10.41.02:762][408]LogWorld: Game class is 'FirstPersonGameMode_C'
[2015.07.12-10.41.02:770][408]LogWorld: Bringing World /Game/FirstPersonBP/Maps/UEDPIE_0_FirstPersonExampleMap.FirstPersonExampleMap up for play (max tick rate 0) at 2015.07.12-12.41.02
[2015.07.12-10.41.02:770][408]LogActor:Warning: GameSession /Game/FirstPersonBP/Maps/UEDPIE_0_FirstPersonExampleMap.FirstPersonExampleMap:PersistentLevel.GameSession_4 has natively added scene component(s), but none of them were set as the actor's RootComponent - picking one arbitrarily
[2015.07.12-10.41.02:771][408]LogActor:Warning: GameNetworkManager /Game/FirstPersonBP/Maps/UEDPIE_0_FirstPersonExampleMap.FirstPersonExampleMap:PersistentLevel.GameNetworkManager_4 has natively added scene component(s), but none of them were set as the actor's RootComponent - picking one arbitrarily
[2015.07.12-10.41.02:771][408]LogWorld: Bringing up level for play took: 0.007010
[2015.07.12-10.41.02:773][408]PIE: Info Play in editor start time for /Game/FirstPersonBP/Maps/UEDPIE_0_FirstPersonExampleMap 0.972
[2015.07.12-10.41.11:072][258]LogParticles: Destroying 0 GPU particle simulations for FXSystem 0x000000001DC03100
[2015.07.12-10.44.43:719][101]LogSavePackage: Save=1758.471191ms
[2015.07.12-10.44.43:719][101]LogSavePackage: Moving '../../../../../../Users/Viktor.Pekar/Documents/12-07-2015/UnrealProject/Saved/FirstPersonExampleMap_Auto15428800B4E9BC6A4EC692A941493723D.tmp' to '../../../../../../Users/Viktor.Pekar/Documents/12-07-2015/UnrealProject/Saved/Autosaves/Game/FirstPersonBP/Maps/FirstPersonExampleMap_Auto1.umap'
[2015.07.12-10.44.43:727][101]LogFileHelpers: Editor autosave (incl. sublevels) for '/Game/FirstPersonBP/Maps/FirstPersonExampleMap' took 1.819
[2015.07.12-10.44.43:727][101]LogFileHelpers: Editor autosave (incl. sublevels) for all levels took 1.819
[2015.07.12-11.11.24:388][970]LogEditorViewport: Clicking on Actor (LMB): StaticMeshActor (Wall7)
[2015.07.12-11.11.29:624][440]LogEditorViewport: Clicking on Actor (LMB): PostProcessVolume (PostProcessVolume)
[2015.07.12-11.13.49:220][808]LogEditorViewport: Clicking on Actor (LMB): StaticMeshActor (Wall7)
[2015.07.12-11.13.53:682][204]LogEditorViewport: Clicking on Actor (LMB): PostProcessVolume (PostProcessVolume)
[2015.07.12-11.14.01:290][922]LogEditorViewport: Clicking on Actor (LMB): LightmassImportanceVolume (LightmassImportanceVolume)
[2015.07.12-11.14.15:090][337]LogEditorViewport: Clicking on Actor (LMB): PostProcessVolume (PostProcessVolume)
[2015.07.12-11.14.34:710][155]LogEditorViewport: Clicking on Actor (LMB): BP_Sky_Sphere_C (SkySphereBlueprint)
[2015.07.12-11.14.36:697][330]LogEditorViewport: Clicking on Actor (LMB): BP_Sky_Sphere_C (SkySphereBlueprint)
[2015.07.12-11.14.37:292][381]LogEditorViewport: Clicking on Actor (LMB): StaticMeshActor (Floor2)
[2015.07.12-11.14.39:168][542]LogEditorViewport: Clicking on Actor (LMB): BP_Sky_Sphere_C (SkySphereBlueprint)
[2015.07.12-11.14.40:645][668]LogEditorViewport: Clicking on Actor (LMB): StaticMeshActor (Wall7)
[2015.07.12-11.14.46:072][145]LogEditorViewport: Clicking on Actor (LMB): StaticMeshActor (Wall1)
[2015.07.12-11.14.49:487][439]LogEditorViewport: Clicking on Actor (LMB): StaticMeshActor (BigWall2)
[2015.07.12-11.14.52:945][741]LogEditorViewport: Clicking on Actor (LMB): StaticMeshActor (BigWall)
[2015.07.12-11.14.56:846][ 86]LogEditorViewport: Clicking on Actor (LMB): StaticMeshActor (Floor2)
[2015.07.12-11.14.58:635][234]LogEditorViewport: Clicking on Actor (LMB): StaticMeshActor (Cube04)
[2015.07.12-11.15.00:720][412]LogEditorViewport: Clicking on Actor (CTRL LMB): StaticMeshActor (Cube05)
[2015.07.12-11.15.08:077][ 42]LogEditorViewport: Clicking on Actor (LMB): StaticMeshActor (Cube07)
[2015.07.12-11.15.11:152][310]LogEditorViewport: Clicking on Actor (CTRL LMB): StaticMeshActor (Cube06)
[2015.07.12-11.15.11:995][378]LogEditorViewport: Clicking on Actor (CTRL LMB): StaticMeshActor (Cube08)
[2015.07.12-11.15.13:819][527]LogEditorViewport: Clicking on Actor (CTRL LMB): StaticMeshActor (Floor2)
[2015.07.12-11.15.15:449][667]Cmd: TRANSACTION UNDO
[2015.07.12-11.15.15:449][667]LogEditorTransaction: Undo Clicking on Actors
[2015.07.12-11.15.16:984][761]Cmd: DELETE
[2015.07.12-11.15.16:984][761]Cmd: ACTOR DELETE
[2015.07.12-11.15.16:987][761]LogEditorActor: Deleted Actor: StaticMeshActor
[2015.07.12-11.15.16:999][761]LogEditorActor: Deleted Actor: StaticMeshActor
[2015.07.12-11.15.17:010][761]LogEditorActor: Deleted Actor: StaticMeshActor
[2015.07.12-11.15.17:038][761]LogParticles: Destroying 0 GPU particle simulations for FXSystem 0x000000004EDFA980
[2015.07.12-11.15.17:039][761]LogParticles: Destroying 0 GPU particle simulations for FXSystem 0x000000004E8EA0C0
[2015.07.12-11.15.17:051][761]LogEditorActor: Deleted 3 Actors (0.065 secs)
[2015.07.12-11.15.17:684][807]LogEditorViewport: Clicking on Actor (LMB): StaticMeshActor (Cube11)
[2015.07.12-11.15.18:493][858]Cmd: DELETE
[2015.07.12-11.15.18:493][858]Cmd: ACTOR DELETE
[2015.07.12-11.15.18:493][858]LogEditorActor: Deleted Actor: StaticMeshActor
[2015.07.12-11.15.18:533][858]LogEditorActor: Deleted 1 Actors (0.040 secs)
[2015.07.12-11.15.19:157][925]LogEditorViewport: Clicking on Actor (LMB): StaticMeshActor (Cube10)
[2015.07.12-11.15.19:379][942]Cmd: DELETE
[2015.07.12-11.15.19:379][942]Cmd: ACTOR DELETE
[2015.07.12-11.15.19:380][942]LogEditorActor: Deleted Actor: StaticMeshActor
[2015.07.12-11.15.19:419][942]LogEditorActor: Deleted 1 Actors (0.040 secs)
[2015.07.12-11.15.19:973][  4]LogEditorViewport: Clicking on Actor (LMB): StaticMeshActor (Cube09)
[2015.07.12-11.15.20:226][ 24]Cmd: DELETE
[2015.07.12-11.15.20:226][ 24]Cmd: ACTOR DELETE
[2015.07.12-11.15.20:226][ 24]LogEditorActor: Deleted Actor: StaticMeshActor
[2015.07.12-11.15.20:265][ 24]LogEditorActor: Deleted 1 Actors (0.039 secs)
[2015.07.12-11.15.21:656][181]LogEditorViewport: Clicking on Actor (LMB): AtmosphericFog (AtmosphericFog)
[2015.07.12-11.15.21:774][188]LogEditorViewport: Clicking on Actor (double click): AtmosphericFog (AtmosphericFog)
[2015.07.12-11.15.22:241][228]LogEditorViewport: Clicking on Actor (LMB): AtmosphericFog (AtmosphericFog)
[2015.07.12-11.15.22:307][232]LogEditorViewport: Clicking on Actor (double click): AtmosphericFog (AtmosphericFog)
[2015.07.12-11.15.35:187][344]LogEditorViewport: Clicking on Actor (LMB): StaticMeshActor (LargeCube)
[2015.07.12-11.15.36:430][453]Cmd: DELETE
[2015.07.12-11.15.36:430][453]Cmd: ACTOR DELETE
[2015.07.12-11.15.36:432][453]LogEditorActor: Deleted Actor: StaticMeshActor
[2015.07.12-11.15.36:470][453]LogEditorActor: Deleted 1 Actors (0.040 secs)
[2015.07.12-11.15.38:091][638]LogEditorViewport: Clicking on Actor (LMB): StaticMeshActor (LargeCube2)
[2015.07.12-11.15.43:583][120]LogEditorViewport: Clicking on Actor (LMB): StaticMeshActor (Wall1)
[2015.07.12-11.15.46:142][346]LogEditorViewport: Clicking on Actor (LMB): StaticMeshActor (BigWall2)
[2015.07.12-11.15.53:400][981]LogEditorViewport: Clicking on Actor (LMB): CameraActor (CameraActor)
[2015.07.12-11.15.58:047][375]LogEditorViewport: Clicking on Actor (LMB): StaticMeshActor (Floor2)
[2015.07.12-11.15.58:712][430]LogEditorViewport: Clicking on Actor (LMB): StaticMeshActor (BigWall2)
[2015.07.12-11.15.59:812][526]Cmd: DELETE
[2015.07.12-11.15.59:812][526]Cmd: ACTOR DELETE
[2015.07.12-11.15.59:813][526]LogEditorActor: Deleted Actor: StaticMeshActor
[2015.07.12-11.15.59:852][526]LogEditorActor: Deleted 1 Actors (0.040 secs)
[2015.07.12-11.16.01:572][719]LogEditorViewport: Clicking on Actor (LMB): PlayerStart (NetworkPlayerStart)
[2015.07.12-11.16.10:744][621]LogNavigationPoint: PostEditMove Clear paths rebuilt
[2015.07.12-11.16.11:437][687]LogEditorViewport: Clicking on Actor (LMB): DirectionalLight (Light Source)
[2015.07.12-11.16.24:088][807]LogEditorViewport: Clicking on Actor (LMB): Actor_Blueprint_C (Enemy2)
[2015.07.12-11.16.29:826][277]LogEditorViewport: Clicking on Actor (LMB): FirstPersonCharacter_C (FirstPersonCharacter)
[2015.07.12-11.16.40:328][109]LogEditorViewport: Clicking on Actor (LMB): StaticMeshActor (Floor2)
[2015.07.12-11.16.54:449][369]LogEditorViewport: Clicking on Actor (LMB): StaticMeshActor (Wall8)
[2015.07.12-11.16.56:157][520]LogEditorViewport: Clicking on Actor (CTRL LMB): StaticMeshActor (Wall9)
[2015.07.12-11.17.00:538][899]Cmd: TRANSACTION UNDO
[2015.07.12-11.17.00:538][899]LogEditorTransaction: Undo Scale Actors
[2015.07.12-11.17.06:704][378]Cmd: TRANSACTION UNDO
[2015.07.12-11.17.06:704][378]LogEditorTransaction: Undo Scale Actors
[2015.07.12-11.17.08:117][468]LogEditorViewport: Clicking on Actor (LMB): StaticMeshActor (Wall8)
[2015.07.12-11.17.32:937][519]LogUnrealMath: Expression Error : No value recognized
[2015.07.12-11.17.32:937][519]LogUnrealMath: Expression Error : Error in expression
[2015.07.12-11.17.40:213][140]LogEditorViewport: Clicking on Actor (LMB): StaticMeshActor (Wall9)
[2015.07.12-11.17.49:497][877]LogEditorViewport: Clicking on Actor (LMB): StaticMeshActor (Wall8)
[2015.07.12-11.17.54:288][307]LogEditorViewport: Clicking on Actor (LMB): BP_Sky_Sphere_C (SkySphereBlueprint)
[2015.07.12-11.17.54:803][351]LogEditorViewport: Clicking on Actor (LMB): LightmassImportanceVolume (LightmassImportanceVolume)
[2015.07.12-11.17.59:082][806]PIE:Warning: Warning Scale ''X=-0.100 Y=1.000 Z=1.000'' is not valid on object '/Game/FirstPersonBP/Maps/FirstPersonExampleMap.FirstPersonExampleMap:PersistentLevel.LightmassImportanceVolume_0.BrushComponent0'.
[2015.07.12-11.17.59:232][822]PIE:Warning: Warning Scale ''X=-0.100 Y=1.000 Z=1.000'' is not valid on object '/Game/FirstPersonBP/Maps/FirstPersonExampleMap.FirstPersonExampleMap:PersistentLevel.LightmassImportanceVolume_0.BrushComponent0'.
[2015.07.12-11.18.08:816][826]LogEditorViewport: Clicking on Actor (LMB): PostProcessVolume (PostProcessVolume)
[2015.07.12-11.18.18:696][757]LogPlayLevel: PIE:  No blueprints needed recompiling
[2015.07.12-11.18.18:696][757]PIE: New page: PIE session: FirstPersonExampleMap (Jul 12, 2015, 3:18:18 PM)
[2015.07.12-11.18.18:696][757]LogPlayLevel: Creating play world package: /Game/FirstPersonBP/Maps/UEDPIE_0_FirstPersonExampleMap
[2015.07.12-11.18.18:719][757]LogPlayLevel: PIE: StaticDuplicateObject took: (0.022984s)
[2015.07.12-11.18.18:720][757]LogAIModule: Creating AISystem for world FirstPersonExampleMap
[2015.07.12-11.18.18:721][757]LogPlayLevel: PIE: World Init took: (0.001362s)
[2015.07.12-11.18.18:721][757]LogPlayLevel: PIE: Created PIE world by copying editor world from /Game/FirstPersonBP/Maps/FirstPersonExampleMap.FirstPersonExampleMap to /Game/FirstPersonBP/Maps/UEDPIE_0_FirstPersonExampleMap.FirstPersonExampleMap (0.024627s)
[2015.07.12-11.18.18:756][757]LogInit: XAudio2 using 'Lautsprecher (Realtek High Definition Audio)' : 2 channels at 48 kHz using 32 bits per sample (channel mask 0x3)
[2015.07.12-11.18.18:764][757]LogInit: FAudioDevice initialized.
[2015.07.12-11.18.18:802][757]LogWorld: Game class is 'FirstPersonGameMode_C'
[2015.07.12-11.18.18:809][757]LogWorld: Bringing World /Game/FirstPersonBP/Maps/UEDPIE_0_FirstPersonExampleMap.FirstPersonExampleMap up for play (max tick rate 0) at 2015.07.12-13.18.18
[2015.07.12-11.18.18:809][757]LogActor:Warning: GameSession /Game/FirstPersonBP/Maps/UEDPIE_0_FirstPersonExampleMap.FirstPersonExampleMap:PersistentLevel.GameSession_5 has natively added scene component(s), but none of them were set as the actor's RootComponent - picking one arbitrarily
[2015.07.12-11.18.18:809][757]LogActor:Warning: GameNetworkManager /Game/FirstPersonBP/Maps/UEDPIE_0_FirstPersonExampleMap.FirstPersonExampleMap:PersistentLevel.GameNetworkManager_5 has natively added scene component(s), but none of them were set as the actor's RootComponent - picking one arbitrarily
[2015.07.12-11.18.18:810][757]LogWorld: Bringing up level for play took: 0.006051
[2015.07.12-11.18.18:811][757]PIE: Info Play in editor start time for /Game/FirstPersonBP/Maps/UEDPIE_0_FirstPersonExampleMap 0.952
[2015.07.12-11.18.27:554][684]LogParticles: Destroying 0 GPU particle simulations for FXSystem 0x000000001700B380
[2015.07.12-11.18.35:417][390]LogEditorViewport: Clicking on Actor (LMB): StaticMeshActor (BigWall)
[2015.07.12-11.18.40:919][876]LogEditorViewport: Clicking on Actor (LMB): Actor_Blueprint_C (Enemy)
[2015.07.12-11.19.03:377][558]LogEditorViewport: Clicking on Actor (LMB): StaticMeshActor (Floor2)
[2015.07.12-11.19.04:456][651]LogEditorViewport: Clicking on Actor (LMB): Actor_Blueprint_C (Enemy)
[2015.07.12-11.19.16:458][790]LogEditorViewport: Clicking on Actor (LMB): Actor_Blueprint_C (Enemy2)
[2015.07.12-11.19.44:313][471]Cmd: DELETE
[2015.07.12-11.19.44:313][471]Cmd: ACTOR DELETE
[2015.07.12-11.19.49:235][471]LogEditorActor: Deleted 0 Actors (4.922 secs)
[2015.07.12-11.19.54:859][900]Cmd: DELETE
[2015.07.12-11.19.54:860][900]Cmd: ACTOR DELETE
[2015.07.12-11.20.21:180][900]LogEditorActor: Deleted 0 Actors (26.320 secs)
[2015.07.12-11.20.25:252][ 55]LogEditorActor: Deleted 0 Actors (1.806 secs)
[2015.07.12-11.20.27:402][123]LogEditorActor: Deleted Actor: Actor_Blueprint_C
[2015.07.12-11.20.27:440][123]LogEditorActor: Deleted 1 Actors (1.162 secs)
[2015.07.12-11.20.34:204][760]LogEditorViewport: Clicking on Actor (LMB): StaticMeshActor (Cube04)
[2015.07.12-11.20.35:578][887]Cmd: DELETE
[2015.07.12-11.20.35:578][887]Cmd: ACTOR DELETE
[2015.07.12-11.20.35:579][887]LogEditorActor: Deleted Actor: StaticMeshActor
[2015.07.12-11.20.35:616][887]LogEditorActor: Deleted 1 Actors (0.037 secs)
[2015.07.12-11.20.36:095][937]LogEditorViewport: Clicking on Actor (LMB): StaticMeshActor (Cube05)
[2015.07.12-11.20.50:572][273]Cmd: EDIT COPY
[2015.07.12-11.20.50:764][289]Cmd: EDIT PASTE
[2015.07.12-11.21.58:906][ 59]LogEditorViewport: Clicking on Actor (LMB): StaticMeshActor (Cube05)
[2015.07.12-11.22.01:871][329]LogEditorViewport: Clicking on Actor (LMB): StaticMeshActor (Cube6)
[2015.07.12-11.22.02:734][406]Cmd: DELETE
[2015.07.12-11.22.02:734][406]Cmd: ACTOR DELETE
[2015.07.12-11.22.02:735][406]LogEditorActor: Deleted Actor: StaticMeshActor
[2015.07.12-11.22.02:771][406]LogEditorActor: Deleted 1 Actors (0.037 secs)
[2015.07.12-11.22.03:372][470]LogEditorViewport: Clicking on Actor (LMB): StaticMeshActor (Cube05)
[2015.07.12-11.22.04:404][564]Cmd: EDIT COPY
[2015.07.12-11.22.04:592][580]Cmd: EDIT PASTE
[2015.07.12-11.22.11:237][189]Cmd: EDIT COPY
[2015.07.12-11.22.11:423][206]Cmd: EDIT PASTE
[2015.07.12-11.22.28:049][491]LogEditorViewport: Clicking on Actor (LMB): StaticMeshActor (Cube05)
[2015.07.12-11.22.38:728][411]LogEditorViewport: Clicking on Actor (LMB): StaticMeshActor (Cube7)
[2015.07.12-11.22.39:810][507]Cmd: DELETE
[2015.07.12-11.22.39:810][507]Cmd: ACTOR DELETE
[2015.07.12-11.22.39:811][507]LogEditorActor: Deleted Actor: StaticMeshActor
[2015.07.12-11.22.39:851][507]LogEditorActor: Deleted 1 Actors (0.040 secs)
[2015.07.12-11.22.40:172][541]LogEditorViewport: Clicking on Actor (LMB): StaticMeshActor (Cube6)
[2015.07.12-11.22.40:295][549]Cmd: DELETE
[2015.07.12-11.22.40:295][549]Cmd: ACTOR DELETE
[2015.07.12-11.22.40:296][549]LogEditorActor: Deleted Actor: StaticMeshActor
[2015.07.12-11.22.40:334][549]LogEditorActor: Deleted 1 Actors (0.039 secs)
[2015.07.12-11.22.40:935][614]LogEditorViewport: Clicking on Actor (LMB): StaticMeshActor (Cube05)
[2015.07.12-11.22.44:226][825]Cmd: MODE GRID=0
[2015.07.12-11.22.45:910][967]Cmd: EDIT COPY
[2015.07.12-11.22.46:102][983]Cmd: EDIT PASTE
[2015.07.12-11.22.49:817][318]Cmd: EDIT COPY
[2015.07.12-11.22.50:005][335]Cmd: EDIT PASTE
[2015.07.12-11.22.58:194][ 82]LogEditorViewport: Clicking on Actor (LMB): StaticMeshActor (Cube6)
[2015.07.12-11.23.04:993][471]LogEditorViewport: Clicking on Actor (LMB): StaticMeshActor (Cube05)
[2015.07.12-11.23.10:465][792]LogEditorViewport: Clicking on Actor (LMB): StaticMeshActor (Cube7)
[2015.07.12-11.23.21:341][374]LogEditorViewport: Clicking on Actor (LMB): StaticMeshActor (Cube6)
[2015.07.12-11.23.26:254][659]LogEditorViewport: Clicking on Actor (LMB): StaticMeshActor (Cube05)
[2015.07.12-11.23.41:178][816]LogEditorViewport: Clicking on Actor (LMB): StaticMeshActor (Cube7)
[2015.07.12-11.23.42:078][898]Cmd: EDIT COPY
[2015.07.12-11.23.42:305][918]Cmd: EDIT PASTE
[2015.07.12-11.23.54:212][855]LogPlayLevel: PIE:  No blueprints needed recompiling
[2015.07.12-11.23.54:212][855]PIE: New page: PIE session: FirstPersonExampleMap (Jul 12, 2015, 3:23:54 PM)
[2015.07.12-11.23.54:213][855]LogPlayLevel: Creating play world package: /Game/FirstPersonBP/Maps/UEDPIE_0_FirstPersonExampleMap
[2015.07.12-11.23.54:236][855]LogPlayLevel: PIE: StaticDuplicateObject took: (0.023177s)
[2015.07.12-11.23.54:237][855]LogAIModule: Creating AISystem for world FirstPersonExampleMap
[2015.07.12-11.23.54:237][855]LogPlayLevel: PIE: World Init took: (0.001335s)
[2015.07.12-11.23.54:237][855]LogPlayLevel: PIE: Created PIE world by copying editor world from /Game/FirstPersonBP/Maps/FirstPersonExampleMap.FirstPersonExampleMap to /Game/FirstPersonBP/Maps/UEDPIE_0_FirstPersonExampleMap.FirstPersonExampleMap (0.024817s)
[2015.07.12-11.23.54:269][855]LogInit: XAudio2 using 'Lautsprecher (Realtek High Definition Audio)' : 2 channels at 48 kHz using 32 bits per sample (channel mask 0x3)
[2015.07.12-11.23.54:279][855]LogInit: FAudioDevice initialized.
[2015.07.12-11.23.54:314][855]LogWorld: Game class is 'FirstPersonGameMode_C'
[2015.07.12-11.23.54:321][855]LogWorld: Bringing World /Game/FirstPersonBP/Maps/UEDPIE_0_FirstPersonExampleMap.FirstPersonExampleMap up for play (max tick rate 0) at 2015.07.12-13.23.54
[2015.07.12-11.23.54:321][855]LogActor:Warning: GameSession /Game/FirstPersonBP/Maps/UEDPIE_0_FirstPersonExampleMap.FirstPersonExampleMap:PersistentLevel.GameSession_6 has natively added scene component(s), but none of them were set as the actor's RootComponent - picking one arbitrarily
[2015.07.12-11.23.54:322][855]LogActor:Warning: GameNetworkManager /Game/FirstPersonBP/Maps/UEDPIE_0_FirstPersonExampleMap.FirstPersonExampleMap:PersistentLevel.GameNetworkManager_6 has natively added scene component(s), but none of them were set as the actor's RootComponent - picking one arbitrarily
[2015.07.12-11.23.54:322][855]LogWorld: Bringing up level for play took: 0.006205
[2015.07.12-11.23.54:324][855]PIE: Info Play in editor start time for /Game/FirstPersonBP/Maps/UEDPIE_0_FirstPersonExampleMap 0.455
[2015.07.12-11.24.04:433][898]LogParticles: Destroying 0 GPU particle simulations for FXSystem 0x000000001AD21580
[2015.07.12-11.24.07:609][173]LogEditorViewport: Clicking on Actor (LMB): FirstPersonCharacter_C (FirstPersonCharacter)
[2015.07.12-11.24.21:566][113]LogPlayLevel: PIE:  No blueprints needed recompiling
[2015.07.12-11.24.21:566][113]PIE: New page: PIE session: FirstPersonExampleMap (Jul 12, 2015, 3:24:21 PM)
[2015.07.12-11.24.21:569][113]LogPlayLevel: Creating play world package: /Game/FirstPersonBP/Maps/UEDPIE_0_FirstPersonExampleMap
[2015.07.12-11.24.21:591][113]LogPlayLevel: PIE: StaticDuplicateObject took: (0.021871s)
[2015.07.12-11.24.21:592][113]LogAIModule: Creating AISystem for world FirstPersonExampleMap
[2015.07.12-11.24.21:593][113]LogPlayLevel: PIE: World Init took: (0.001571s)
[2015.07.12-11.24.21:593][113]LogPlayLevel: PIE: Created PIE world by copying editor world from /Game/FirstPersonBP/Maps/FirstPersonExampleMap.FirstPersonExampleMap to /Game/FirstPersonBP/Maps/UEDPIE_0_FirstPersonExampleMap.FirstPersonExampleMap (0.023757s)
[2015.07.12-11.24.21:643][113]LogInit: XAudio2 using 'Lautsprecher (Realtek High Definition Audio)' : 2 channels at 48 kHz using 32 bits per sample (channel mask 0x3)
[2015.07.12-11.24.21:652][113]LogInit: FAudioDevice initialized.
[2015.07.12-11.24.21:686][113]LogWorld: Game class is 'FirstPersonGameMode_C'
[2015.07.12-11.24.21:693][113]LogWorld: Bringing World /Game/FirstPersonBP/Maps/UEDPIE_0_FirstPersonExampleMap.FirstPersonExampleMap up for play (max tick rate 0) at 2015.07.12-13.24.21
[2015.07.12-11.24.21:693][113]LogActor:Warning: GameSession /Game/FirstPersonBP/Maps/UEDPIE_0_FirstPersonExampleMap.FirstPersonExampleMap:PersistentLevel.GameSession_7 has natively added scene component(s), but none of them were set as the actor's RootComponent - picking one arbitrarily
[2015.07.12-11.24.21:694][113]LogActor:Warning: GameNetworkManager /Game/FirstPersonBP/Maps/UEDPIE_0_FirstPersonExampleMap.FirstPersonExampleMap:PersistentLevel.GameNetworkManager_7 has natively added scene component(s), but none of them were set as the actor's RootComponent - picking one arbitrarily
[2015.07.12-11.24.21:694][113]LogWorld: Bringing up level for play took: 0.006317
[2015.07.12-11.24.21:696][113]PIE: Info Play in editor start time for /Game/FirstPersonBP/Maps/UEDPIE_0_FirstPersonExampleMap -0.174
[2015.07.12-11.24.26:814][637]LogParticles: Destroying 0 GPU particle simulations for FXSystem 0x000000004EDA3CE0
[2015.07.12-11.24.44:494][100]LogPlayLevel: PIE:  No blueprints needed recompiling
[2015.07.12-11.24.44:495][100]PIE: New page: PIE session: FirstPersonExampleMap (Jul 12, 2015, 3:24:44 PM)
[2015.07.12-11.24.44:497][100]LogPlayLevel: Creating play world package: /Game/FirstPersonBP/Maps/UEDPIE_0_FirstPersonExampleMap
[2015.07.12-11.24.44:519][100]LogPlayLevel: PIE: StaticDuplicateObject took: (0.021940s)
[2015.07.12-11.24.44:520][100]LogAIModule: Creating AISystem for world FirstPersonExampleMap
[2015.07.12-11.24.44:520][100]LogPlayLevel: PIE: World Init took: (0.001317s)
[2015.07.12-11.24.44:520][100]LogPlayLevel: PIE: Created PIE world by copying editor world from /Game/FirstPersonBP/Maps/FirstPersonExampleMap.FirstPersonExampleMap to /Game/FirstPersonBP/Maps/UEDPIE_0_FirstPersonExampleMap.FirstPersonExampleMap (0.023558s)
[2015.07.12-11.24.44:574][100]LogInit: XAudio2 using 'Lautsprecher (Realtek High Definition Audio)' : 2 channels at 48 kHz using 32 bits per sample (channel mask 0x3)
[2015.07.12-11.24.44:583][100]LogInit: FAudioDevice initialized.
[2015.07.12-11.24.44:616][100]LogWorld: Game class is 'FirstPersonGameMode_C'
[2015.07.12-11.24.44:624][100]LogWorld: Bringing World /Game/FirstPersonBP/Maps/UEDPIE_0_FirstPersonExampleMap.FirstPersonExampleMap up for play (max tick rate 0) at 2015.07.12-13.24.44
[2015.07.12-11.24.44:624][100]LogActor:Warning: GameSession /Game/FirstPersonBP/Maps/UEDPIE_0_FirstPersonExampleMap.FirstPersonExampleMap:PersistentLevel.GameSession_8 has natively added scene component(s), but none of them were set as the actor's RootComponent - picking one arbitrarily
[2015.07.12-11.24.44:624][100]LogActor:Warning: GameNetworkManager /Game/FirstPersonBP/Maps/UEDPIE_0_FirstPersonExampleMap.FirstPersonExampleMap:PersistentLevel.GameNetworkManager_8 has natively added scene component(s), but none of them were set as the actor's RootComponent - picking one arbitrarily
[2015.07.12-11.24.44:625][100]LogWorld: Bringing up level for play took: 0.006235
[2015.07.12-11.24.44:626][100]PIE: Info Play in editor start time for /Game/FirstPersonBP/Maps/UEDPIE_0_FirstPersonExampleMap 0.756
[2015.07.12-11.24.51:611][802]LogParticles: Destroying 0 GPU particle simulations for FXSystem 0x00000000117F25C0
[2015.07.12-11.24.57:201][247]LogEditorViewport: Clicking on Actor (LMB): StaticMeshActor (Cube8)
[2015.07.12-11.25.26:573][809]LogEditorActor: Deleted Actor: StaticMeshActor
[2015.07.12-11.25.26:584][809]LogEditorActor: Deleted Actor: StaticMeshActor
[2015.07.12-11.25.26:596][809]LogEditorActor: Deleted Actor: StaticMeshActor
[2015.07.12-11.25.26:606][809]LogEditorActor: Deleted Actor: StaticMeshActor
[2015.07.12-11.25.26:616][809]LogEditorActor: Deleted Actor: StaticMeshActor
[2015.07.12-11.25.26:625][809]LogEditorActor: Deleted Actor: StaticMeshActor
[2015.07.12-11.25.26:634][809]LogEditorActor: Deleted Actor: StaticMeshActor
[2015.07.12-11.25.26:668][809]LogEditorActor: Deleted 7 Actors (0.095 secs)
[2015.07.12-11.27.37:019][950]LogEditorActor: Deleted Actor: StaticMeshActor
[2015.07.12-11.27.37:059][950]LogParticles: Destroying 0 GPU particle simulations for FXSystem 0x000000004ECF22A0
[2015.07.12-11.27.37:059][950]LogEditorActor: Deleted 1 Actors (0.040 secs)
[2015.07.12-11.28.16:637][318]LogSavePackage: Save=91.133209ms
[2015.07.12-11.28.16:637][318]LogSavePackage: Moving '../../../../../../Users/Viktor.Pekar/Documents/12-07-2015/UnrealProject/Saved/FirstPersonExampleMap62F4AE344F60322A927E9D89CF78C229.tmp' to '../../../../../../Users/Viktor.Pekar/Documents/12-07-2015/UnrealProject/Content/FirstPersonBP/Maps/FirstPersonExampleMap.umap'
[2015.07.12-11.28.16:668][318]LogFileHelpers: Saving map 'FirstPersonExampleMap' took 0.260
[2015.07.12-11.28.16:690][318]Cmd: OBJ SAVEPACKAGE PACKAGE="/Game/Assets/Cube01_Blueprint" FILE="../../../../../../Users/Viktor.Pekar/Documents/12-07-2015/UnrealProject/Content/Assets/Cube01_Blueprint.uasset" SILENT=true
[2015.07.12-11.28.16:716][318]LogSavePackage: Save=23.010637ms
[2015.07.12-11.28.16:716][318]LogSavePackage: Moving '../../../../../../Users/Viktor.Pekar/Documents/12-07-2015/UnrealProject/Saved/Cube01_BlueprintCA4B12F840CAE632F570ABB6F365DA7F.tmp' to '../../../../../../Users/Viktor.Pekar/Documents/12-07-2015/UnrealProject/Content/Assets/Cube01_Blueprint.uasset'
[2015.07.12-11.28.16:739][318]Cmd: OBJ SAVEPACKAGE PACKAGE="/Game/Assets/Cube_Small" FILE="../../../../../../Users/Viktor.Pekar/Documents/12-07-2015/UnrealProject/Content/Assets/Cube_Small.uasset" SILENT=true
[2015.07.12-11.28.16:763][318]LogSavePackage: Save=22.661680ms
[2015.07.12-11.28.16:763][318]LogSavePackage: Moving '../../../../../../Users/Viktor.Pekar/Documents/12-07-2015/UnrealProject/Saved/Cube_SmallD83D2ACC4EEFE6B6124321903642B5D9.tmp' to '../../../../../../Users/Viktor.Pekar/Documents/12-07-2015/UnrealProject/Content/Assets/Cube_Small.uasset'
[2015.07.12-11.28.23:547][896]Cmd: TRANSACTION UNDO
[2015.07.12-11.28.23:547][896]LogEditorTransaction: Undo Move Actors
[2015.07.12-11.28.37:589][120]LogPlayLevel: PIE:  No blueprints needed recompiling
[2015.07.12-11.28.37:589][120]PIE: New page: PIE session: FirstPersonExampleMap (Jul 12, 2015, 3:28:37 PM)
[2015.07.12-11.28.37:589][120]LogPlayLevel: Creating play world package: /Game/FirstPersonBP/Maps/UEDPIE_0_FirstPersonExampleMap
[2015.07.12-11.28.37:610][120]LogPlayLevel: PIE: StaticDuplicateObject took: (0.020376s)
[2015.07.12-11.28.37:611][120]LogAIModule: Creating AISystem for world FirstPersonExampleMap
[2015.07.12-11.28.37:611][120]LogPlayLevel: PIE: World Init took: (0.001643s)
[2015.07.12-11.28.37:612][120]LogPlayLevel: PIE: Created PIE world by copying editor world from /Game/FirstPersonBP/Maps/FirstPersonExampleMap.FirstPersonExampleMap to /Game/FirstPersonBP/Maps/UEDPIE_0_FirstPersonExampleMap.FirstPersonExampleMap (0.022375s)
[2015.07.12-11.28.37:634][120]LogParticles: Destroying 0 GPU particle simulations for FXSystem 0x000000004ECF2B60
[2015.07.12-11.28.37:687][120]LogInit: XAudio2 using 'Lautsprecher (Realtek High Definition Audio)' : 2 channels at 48 kHz using 32 bits per sample (channel mask 0x3)
[2015.07.12-11.28.37:696][120]LogInit: FAudioDevice initialized.
[2015.07.12-11.28.37:728][120]LogWorld: Game class is 'FirstPersonGameMode_C'
[2015.07.12-11.28.37:735][120]LogWorld: Bringing World /Game/FirstPersonBP/Maps/UEDPIE_0_FirstPersonExampleMap.FirstPersonExampleMap up for play (max tick rate 0) at 2015.07.12-13.28.37
[2015.07.12-11.28.37:735][120]LogActor:Warning: GameSession /Game/FirstPersonBP/Maps/UEDPIE_0_FirstPersonExampleMap.FirstPersonExampleMap:PersistentLevel.GameSession_9 has natively added scene component(s), but none of them were set as the actor's RootComponent - picking one arbitrarily
[2015.07.12-11.28.37:735][120]LogActor:Warning: GameNetworkManager /Game/FirstPersonBP/Maps/UEDPIE_0_FirstPersonExampleMap.FirstPersonExampleMap:PersistentLevel.GameNetworkManager_9 has natively added scene component(s), but none of them were set as the actor's RootComponent - picking one arbitrarily
[2015.07.12-11.28.37:736][120]LogWorld: Bringing up level for play took: 0.005325
[2015.07.12-11.28.37:737][120]PIE: Info Play in editor start time for /Game/FirstPersonBP/Maps/UEDPIE_0_FirstPersonExampleMap -0.139
[2015.07.12-11.28.41:072][475]LogParticles: Destroying 0 GPU particle simulations for FXSystem 0x000000001E0F3380
[2015.07.12-11.29.03:666][612]LogEditorViewport: Clicking on Actor (LMB): Cube_Small_C (Cube_Small)
[2015.07.12-11.29.59:420][339]LogUnrealMath: Expression Error : Unrecognized Operator
[2015.07.12-11.30.51:417][281]LogParticles: Destroying 0 GPU particle simulations for FXSystem 0x000000004E8E9300
[2015.07.12-11.30.51:418][281]LogParticles: Destroying 0 GPU particle simulations for FXSystem 0x00000000117F18A0
[2015.07.12-11.30.51:629][281]LogSavePackage: Save=89.933205ms
[2015.07.12-11.30.51:629][281]LogSavePackage: Moving '../../../../../../Users/Viktor.Pekar/Documents/12-07-2015/UnrealProject/Saved/FirstPersonExampleMapF72364504C3C275AE5916F976A91F31F.tmp' to '../../../../../../Users/Viktor.Pekar/Documents/12-07-2015/UnrealProject/Content/FirstPersonBP/Maps/FirstPersonExampleMap.umap'
[2015.07.12-11.30.51:687][281]LogFileHelpers: Saving map 'FirstPersonExampleMap' took 0.234
[2015.07.12-11.30.51:706][281]Cmd: OBJ SAVEPACKAGE PACKAGE="/Game/Assets/Cube_Small" FILE="../../../../../../Users/Viktor.Pekar/Documents/12-07-2015/UnrealProject/Content/Assets/Cube_Small.uasset" SILENT=true
[2015.07.12-11.30.51:737][281]LogSavePackage: Save=21.160755ms
[2015.07.12-11.30.51:737][281]LogSavePackage: Moving '../../../../../../Users/Viktor.Pekar/Documents/12-07-2015/UnrealProject/Saved/Cube_Small9F31364D446B17558A8A81BE1EF4A0DD.tmp' to '../../../../../../Users/Viktor.Pekar/Documents/12-07-2015/UnrealProject/Content/Assets/Cube_Small.uasset'
[2015.07.12-11.31.13:033][465]LogSavePackage: Save=90.300636ms
[2015.07.12-11.31.13:033][465]LogSavePackage: Moving '../../../../../../Users/Viktor.Pekar/Documents/12-07-2015/UnrealProject/Saved/FirstPersonExampleMap004D47E849A2AD26DE3CC0A340C7CBAF.tmp' to '../../../../../../Users/Viktor.Pekar/Documents/12-07-2015/UnrealProject/Content/FirstPersonBP/Maps/FirstPersonExampleMap.umap'
[2015.07.12-11.31.13:054][465]LogFileHelpers: Saving map 'FirstPersonExampleMap' took 0.193
[2015.07.12-11.31.13:074][465]Cmd: OBJ SAVEPACKAGE PACKAGE="/Game/Assets/Cube_Small" FILE="../../../../../../Users/Viktor.Pekar/Documents/12-07-2015/UnrealProject/Content/Assets/Cube_Small.uasset" SILENT=true
[2015.07.12-11.31.13:098][465]LogSavePackage: Save=21.244503ms
[2015.07.12-11.31.13:098][465]LogSavePackage: Moving '../../../../../../Users/Viktor.Pekar/Documents/12-07-2015/UnrealProject/Saved/Cube_Small06C6892D4C699715F6E53FAD28B7C920.tmp' to '../../../../../../Users/Viktor.Pekar/Documents/12-07-2015/UnrealProject/Content/Assets/Cube_Small.uasset'
[2015.07.12-11.31.20:132][ 28]LogPlayLevel: PIE:  No blueprints needed recompiling
[2015.07.12-11.31.20:132][ 28]PIE: New page: PIE session: FirstPersonExampleMap (Jul 12, 2015, 3:31:20 PM)
[2015.07.12-11.31.20:133][ 28]LogPlayLevel: Creating play world package: /Game/FirstPersonBP/Maps/UEDPIE_0_FirstPersonExampleMap
[2015.07.12-11.31.20:145][ 28]LogPlayLevel: PIE: StaticDuplicateObject took: (0.012635s)
[2015.07.12-11.31.20:146][ 28]LogAIModule: Creating AISystem for world FirstPersonExampleMap
[2015.07.12-11.31.20:146][ 28]LogPlayLevel: PIE: World Init took: (0.001145s)
[2015.07.12-11.31.20:147][ 28]LogPlayLevel: PIE: Created PIE world by copying editor world from /Game/FirstPersonBP/Maps/FirstPersonExampleMap.FirstPersonExampleMap to /Game/FirstPersonBP/Maps/UEDPIE_0_FirstPersonExampleMap.FirstPersonExampleMap (0.014066s)
[2015.07.12-11.31.20:166][ 28]LogParticles: Destroying 0 GPU particle simulations for FXSystem 0x00000000116BECA0
[2015.07.12-11.31.20:180][ 28]LogInit: XAudio2 using 'Lautsprecher (Realtek High Definition Audio)' : 2 channels at 48 kHz using 32 bits per sample (channel mask 0x3)
[2015.07.12-11.31.20:188][ 28]LogInit: FAudioDevice initialized.
[2015.07.12-11.31.20:222][ 28]LogWorld: Game class is 'FirstPersonGameMode_C'
[2015.07.12-11.31.20:229][ 28]LogWorld: Bringing World /Game/FirstPersonBP/Maps/UEDPIE_0_FirstPersonExampleMap.FirstPersonExampleMap up for play (max tick rate 0) at 2015.07.12-13.31.20
[2015.07.12-11.31.20:229][ 28]LogActor:Warning: GameSession /Game/FirstPersonBP/Maps/UEDPIE_0_FirstPersonExampleMap.FirstPersonExampleMap:PersistentLevel.GameSession_10 has natively added scene component(s), but none of them were set as the actor's RootComponent - picking one arbitrarily
[2015.07.12-11.31.20:229][ 28]LogActor:Warning: GameNetworkManager /Game/FirstPersonBP/Maps/UEDPIE_0_FirstPersonExampleMap.FirstPersonExampleMap:PersistentLevel.GameNetworkManager_10 has natively added scene component(s), but none of them were set as the actor's RootComponent - picking one arbitrarily
[2015.07.12-11.31.20:229][ 28]LogWorld: Bringing up level for play took: 0.005135
[2015.07.12-11.31.20:231][ 28]PIE: Info Play in editor start time for /Game/FirstPersonBP/Maps/UEDPIE_0_FirstPersonExampleMap 0.35
[2015.07.12-11.31.28:258][878]LogParticles: Destroying 0 GPU particle simulations for FXSystem 0x00000000531F1C60
[2015.07.12-11.31.45:811][142]Cmd: EDIT COPY
[2015.07.12-11.31.46:006][159]Cmd: EDIT PASTE
[2015.07.12-11.31.51:411][649]LogEditorViewport: Clicking on Actor (LMB): StaticMeshActor (Floor2)
[2015.07.12-11.31.51:978][700]LogEditorViewport: Clicking on Actor (LMB): FirstPersonCharacter_C (FirstPersonCharacter)
[2015.07.12-11.31.57:373][144]LogPlayLevel: PIE:  No blueprints needed recompiling
[2015.07.12-11.31.57:373][144]PIE: New page: PIE session: FirstPersonExampleMap (Jul 12, 2015, 3:31:57 PM)
[2015.07.12-11.31.57:376][144]LogPlayLevel: Creating play world package: /Game/FirstPersonBP/Maps/UEDPIE_0_FirstPersonExampleMap
[2015.07.12-11.31.57:389][144]LogPlayLevel: PIE: StaticDuplicateObject took: (0.013058s)
[2015.07.12-11.31.57:390][144]LogAIModule: Creating AISystem for world FirstPersonExampleMap
[2015.07.12-11.31.57:390][144]LogPlayLevel: PIE: World Init took: (0.001142s)
[2015.07.12-11.31.57:390][144]LogPlayLevel: PIE: Created PIE world by copying editor world from /Game/FirstPersonBP/Maps/FirstPersonExampleMap.FirstPersonExampleMap to /Game/FirstPersonBP/Maps/UEDPIE_0_FirstPersonExampleMap.FirstPersonExampleMap (0.014489s)
[2015.07.12-11.31.57:444][144]LogInit: XAudio2 using 'Lautsprecher (Realtek High Definition Audio)' : 2 channels at 48 kHz using 32 bits per sample (channel mask 0x3)
[2015.07.12-11.31.57:453][144]LogInit: FAudioDevice initialized.
[2015.07.12-11.31.57:487][144]LogWorld: Game class is 'FirstPersonGameMode_C'
[2015.07.12-11.31.57:493][144]LogWorld: Bringing World /Game/FirstPersonBP/Maps/UEDPIE_0_FirstPersonExampleMap.FirstPersonExampleMap up for play (max tick rate 0) at 2015.07.12-13.31.57
[2015.07.12-11.31.57:493][144]LogActor:Warning: GameSession /Game/FirstPersonBP/Maps/UEDPIE_0_FirstPersonExampleMap.FirstPersonExampleMap:PersistentLevel.GameSession_11 has natively added scene component(s), but none of them were set as the actor's RootComponent - picking one arbitrarily
[2015.07.12-11.31.57:494][144]LogActor:Warning: GameNetworkManager /Game/FirstPersonBP/Maps/UEDPIE_0_FirstPersonExampleMap.FirstPersonExampleMap:PersistentLevel.GameNetworkManager_11 has natively added scene component(s), but none of them were set as the actor's RootComponent - picking one arbitrarily
[2015.07.12-11.31.57:494][144]LogWorld: Bringing up level for play took: 0.005439
[2015.07.12-11.31.57:496][144]PIE: Info Play in editor start time for /Game/FirstPersonBP/Maps/UEDPIE_0_FirstPersonExampleMap -0.386
[2015.07.12-11.32.09:475][524]LogParticles: Destroying 0 GPU particle simulations for FXSystem 0x000000004E8BCD60
[2015.07.12-11.32.11:620][662]LogSavePackage: Save=88.575150ms
[2015.07.12-11.32.11:620][662]LogSavePackage: Moving '../../../../../../Users/Viktor.Pekar/Documents/12-07-2015/UnrealProject/Saved/FirstPersonExampleMapE4663C2B46CE9CD9FCEC558B577BF8CE.tmp' to '../../../../../../Users/Viktor.Pekar/Documents/12-07-2015/UnrealProject/Content/FirstPersonBP/Maps/FirstPersonExampleMap.umap'
[2015.07.12-11.32.11:643][662]LogFileHelpers: Saving map 'FirstPersonExampleMap' took 0.195
[2015.07.12-11.34.26:399][910]LogEditorViewport: Clicking on Actor (LMB): Cube01_Blueprint_C (Big Cube)
[2015.07.12-11.34.35:190][842]Cmd: DELETE
[2015.07.12-11.34.35:190][842]Cmd: ACTOR DELETE
[2015.07.12-11.34.35:192][842]LogEditorActor: Deleted Actor: Cube01_Blueprint_C
[2015.07.12-11.34.35:225][842]LogEditorActor: Deleted 1 Actors (0.034 secs)
[2015.07.12-11.34.35:817][912]LogEditorViewport: Clicking on Actor (LMB): Cube_Small_C (Cube_Small2)
[2015.07.12-11.34.36:745][  8]Cmd: EDIT COPY
[2015.07.12-11.34.36:930][ 28]Cmd: EDIT PASTE
[2015.07.12-11.34.41:478][512]Cmd: EDIT COPY
[2015.07.12-11.34.41:661][531]Cmd: EDIT PASTE
[2015.07.12-11.34.45:724][960]LogEditorViewport: Clicking on Actor (LMB): FirstPersonCharacter_C (FirstPersonCharacter)
[2015.07.12-11.34.51:637][519]Cmd: TRANSACTION UNDO
[2015.07.12-11.34.51:637][519]LogEditorTransaction: Undo Move Actors
[2015.07.12-11.34.58:024][ 55]LogEditorViewport: Clicking on Actor (LMB): Cube_Small_C (Cube_Small4)
[2015.07.12-11.34.59:896][236]LogEditorViewport: Clicking on Actor (CTRL LMB): Cube_Small_C (Cube_Small3)
[2015.07.12-11.35.01:721][407]LogEditorViewport: Clicking on Actor (CTRL LMB): Cube_Small_C (Cube_Small2)
[2015.07.12-11.35.13:850][183]LogPlayLevel: PIE:  No blueprints needed recompiling
[2015.07.12-11.35.13:851][183]PIE: New page: PIE session: FirstPersonExampleMap (Jul 12, 2015, 3:35:13 PM)
[2015.07.12-11.35.13:853][183]LogPlayLevel: Creating play world package: /Game/FirstPersonBP/Maps/UEDPIE_0_FirstPersonExampleMap
[2015.07.12-11.35.13:867][183]LogPlayLevel: PIE: StaticDuplicateObject took: (0.013658s)
[2015.07.12-11.35.13:867][183]LogAIModule: Creating AISystem for world FirstPersonExampleMap
[2015.07.12-11.35.13:868][183]LogPlayLevel: PIE: World Init took: (0.001210s)
[2015.07.12-11.35.13:868][183]LogPlayLevel: PIE: Created PIE world by copying editor world from /Game/FirstPersonBP/Maps/FirstPersonExampleMap.FirstPersonExampleMap to /Game/FirstPersonBP/Maps/UEDPIE_0_FirstPersonExampleMap.FirstPersonExampleMap (0.015160s)
[2015.07.12-11.35.13:905][183]LogInit: XAudio2 using 'Lautsprecher (Realtek High Definition Audio)' : 2 channels at 48 kHz using 32 bits per sample (channel mask 0x3)
[2015.07.12-11.35.13:914][183]LogInit: FAudioDevice initialized.
[2015.07.12-11.35.13:951][183]LogWorld: Game class is 'FirstPersonGameMode_C'
[2015.07.12-11.35.13:958][183]LogWorld: Bringing World /Game/FirstPersonBP/Maps/UEDPIE_0_FirstPersonExampleMap.FirstPersonExampleMap up for play (max tick rate 0) at 2015.07.12-13.35.13
[2015.07.12-11.35.13:958][183]LogActor:Warning: GameSession /Game/FirstPersonBP/Maps/UEDPIE_0_FirstPersonExampleMap.FirstPersonExampleMap:PersistentLevel.GameSession_12 has natively added scene component(s), but none of them were set as the actor's RootComponent - picking one arbitrarily
[2015.07.12-11.35.13:958][183]LogActor:Warning: GameNetworkManager /Game/FirstPersonBP/Maps/UEDPIE_0_FirstPersonExampleMap.FirstPersonExampleMap:PersistentLevel.GameNetworkManager_12 has natively added scene component(s), but none of them were set as the actor's RootComponent - picking one arbitrarily
[2015.07.12-11.35.13:959][183]LogWorld: Bringing up level for play took: 0.005738
[2015.07.12-11.35.13:960][183]PIE: Info Play in editor start time for /Game/FirstPersonBP/Maps/UEDPIE_0_FirstPersonExampleMap 0.074
[2015.07.12-11.35.29:239][886]LogParticles: Destroying 0 GPU particle simulations for FXSystem 0x0000000011626DE0
[2015.07.12-11.35.39:436][846]LogPlayLevel: PIE:  No blueprints needed recompiling
[2015.07.12-11.35.39:437][846]PIE: New page: PIE session: FirstPersonExampleMap (Jul 12, 2015, 3:35:39 PM)
[2015.07.12-11.35.39:440][846]LogPlayLevel: Creating play world package: /Game/FirstPersonBP/Maps/UEDPIE_0_FirstPersonExampleMap
[2015.07.12-11.35.39:453][846]LogPlayLevel: PIE: StaticDuplicateObject took: (0.012532s)
[2015.07.12-11.35.39:453][846]LogAIModule: Creating AISystem for world FirstPersonExampleMap
[2015.07.12-11.35.39:454][846]LogPlayLevel: PIE: World Init took: (0.001207s)
[2015.07.12-11.35.39:454][846]LogPlayLevel: PIE: Created PIE world by copying editor world from /Game/FirstPersonBP/Maps/FirstPersonExampleMap.FirstPersonExampleMap to /Game/FirstPersonBP/Maps/UEDPIE_0_FirstPersonExampleMap.FirstPersonExampleMap (0.014037s)
[2015.07.12-11.35.39:486][846]LogInit: XAudio2 using 'Lautsprecher (Realtek High Definition Audio)' : 2 channels at 48 kHz using 32 bits per sample (channel mask 0x3)
[2015.07.12-11.35.39:494][846]LogInit: FAudioDevice initialized.
[2015.07.12-11.35.39:530][846]LogWorld: Game class is 'FirstPersonGameMode_C'
[2015.07.12-11.35.39:537][846]LogWorld: Bringing World /Game/FirstPersonBP/Maps/UEDPIE_0_FirstPersonExampleMap.FirstPersonExampleMap up for play (max tick rate 0) at 2015.07.12-13.35.39
[2015.07.12-11.35.39:537][846]LogActor:Warning: GameSession /Game/FirstPersonBP/Maps/UEDPIE_0_FirstPersonExampleMap.FirstPersonExampleMap:PersistentLevel.GameSession_13 has natively added scene component(s), but none of them were set as the actor's RootComponent - picking one arbitrarily
[2015.07.12-11.35.39:537][846]LogActor:Warning: GameNetworkManager /Game/FirstPersonBP/Maps/UEDPIE_0_FirstPersonExampleMap.FirstPersonExampleMap:PersistentLevel.GameNetworkManager_13 has natively added scene component(s), but none of them were set as the actor's RootComponent - picking one arbitrarily
[2015.07.12-11.35.39:538][846]LogWorld: Bringing up level for play took: 0.005511
[2015.07.12-11.35.39:539][846]PIE: Info Play in editor start time for /Game/FirstPersonBP/Maps/UEDPIE_0_FirstPersonExampleMap -0.348
[2015.07.12-11.35.45:045][443]LogParticles: Destroying 0 GPU particle simulations for FXSystem 0x0000000013669620
[2015.07.12-11.36.07:173][728]LogSavePackage: Save=89.651985ms
[2015.07.12-11.36.07:174][728]LogSavePackage: Moving '../../../../../../Users/Viktor.Pekar/Documents/12-07-2015/UnrealProject/Saved/FirstPersonExampleMap69772070442D139DC49035A4D95C6F52.tmp' to '../../../../../../Users/Viktor.Pekar/Documents/12-07-2015/UnrealProject/Content/FirstPersonBP/Maps/FirstPersonExampleMap.umap'
[2015.07.12-11.36.07:198][728]LogFileHelpers: Saving map 'FirstPersonExampleMap' took 0.208
[2015.07.12-11.36.07:217][728]Cmd: OBJ SAVEPACKAGE PACKAGE="/Game/Assets/Cube_Small" FILE="../../../../../../Users/Viktor.Pekar/Documents/12-07-2015/UnrealProject/Content/Assets/Cube_Small.uasset" SILENT=true
[2015.07.12-11.36.07:245][728]LogSavePackage: Save=21.492880ms
[2015.07.12-11.36.07:245][728]LogSavePackage: Moving '../../../../../../Users/Viktor.Pekar/Documents/12-07-2015/UnrealProject/Saved/Cube_SmallA32E080C47F9C9B2DDA53A8111916429.tmp' to '../../../../../../Users/Viktor.Pekar/Documents/12-07-2015/UnrealProject/Content/Assets/Cube_Small.uasset'
[2015.07.12-11.36.10:649][942]LogPlayLevel: PIE:  No blueprints needed recompiling
[2015.07.12-11.36.10:649][942]PIE: New page: PIE session: FirstPersonExampleMap (Jul 12, 2015, 3:36:10 PM)
[2015.07.12-11.36.10:656][942]LogPlayLevel: Creating play world package: /Game/FirstPersonBP/Maps/UEDPIE_0_FirstPersonExampleMap
[2015.07.12-11.36.10:669][942]LogPlayLevel: PIE: StaticDuplicateObject took: (0.013197s)
[2015.07.12-11.36.10:670][942]LogAIModule: Creating AISystem for world FirstPersonExampleMap
[2015.07.12-11.36.10:671][942]LogPlayLevel: PIE: World Init took: (0.001360s)
[2015.07.12-11.36.10:671][942]LogPlayLevel: PIE: Created PIE world by copying editor world from /Game/FirstPersonBP/Maps/FirstPersonExampleMap.FirstPersonExampleMap to /Game/FirstPersonBP/Maps/UEDPIE_0_FirstPersonExampleMap.FirstPersonExampleMap (0.015067s)
[2015.07.12-11.36.10:705][942]LogParticles: Destroying 0 GPU particle simulations for FXSystem 0x000000001366A5C0
[2015.07.12-11.36.10:705][942]LogInit: XAudio2 using 'Lautsprecher (Realtek High Definition Audio)' : 2 channels at 48 kHz using 32 bits per sample (channel mask 0x3)
[2015.07.12-11.36.10:714][942]LogInit: FAudioDevice initialized.
[2015.07.12-11.36.10:750][942]LogWorld: Game class is 'FirstPersonGameMode_C'
[2015.07.12-11.36.10:756][942]LogWorld: Bringing World /Game/FirstPersonBP/Maps/UEDPIE_0_FirstPersonExampleMap.FirstPersonExampleMap up for play (max tick rate 0) at 2015.07.12-13.36.10
[2015.07.12-11.36.10:756][942]LogActor:Warning: GameSession /Game/FirstPersonBP/Maps/UEDPIE_0_FirstPersonExampleMap.FirstPersonExampleMap:PersistentLevel.GameSession_14 has natively added scene component(s), but none of them were set as the actor's RootComponent - picking one arbitrarily
[2015.07.12-11.36.10:757][942]LogActor:Warning: GameNetworkManager /Game/FirstPersonBP/Maps/UEDPIE_0_FirstPersonExampleMap.FirstPersonExampleMap:PersistentLevel.GameNetworkManager_14 has natively added scene component(s), but none of them were set as the actor's RootComponent - picking one arbitrarily
[2015.07.12-11.36.10:757][942]LogWorld: Bringing up level for play took: 0.005372
[2015.07.12-11.36.10:759][942]PIE: Info Play in editor start time for /Game/FirstPersonBP/Maps/UEDPIE_0_FirstPersonExampleMap 0.87
[2015.07.12-11.36.17:282][673]Set new viewmode: Wireframe
[2015.07.12-11.36.18:618][817]LogParticles: Destroying 0 GPU particle simulations for FXSystem 0x000000002C1CD080
[2015.07.12-11.36.42:352][150]LogSavePackage: Save=89.173714ms
[2015.07.12-11.36.42:352][150]LogSavePackage: Moving '../../../../../../Users/Viktor.Pekar/Documents/12-07-2015/UnrealProject/Saved/FirstPersonExampleMapCDB5BB2840D1AC2C4CA38F80A89A3B87.tmp' to '../../../../../../Users/Viktor.Pekar/Documents/12-07-2015/UnrealProject/Content/FirstPersonBP/Maps/FirstPersonExampleMap.umap'
[2015.07.12-11.36.42:373][150]LogFileHelpers: Saving map 'FirstPersonExampleMap' took 0.195
[2015.07.12-11.36.42:393][150]Cmd: OBJ SAVEPACKAGE PACKAGE="/Game/Assets/Cube_Small" FILE="../../../../../../Users/Viktor.Pekar/Documents/12-07-2015/UnrealProject/Content/Assets/Cube_Small.uasset" SILENT=true
[2015.07.12-11.36.42:417][150]LogSavePackage: Save=21.391476ms
[2015.07.12-11.36.42:417][150]LogSavePackage: Moving '../../../../../../Users/Viktor.Pekar/Documents/12-07-2015/UnrealProject/Saved/Cube_Small615979674005B04F532792B8BBB6EE0F.tmp' to '../../../../../../Users/Viktor.Pekar/Documents/12-07-2015/UnrealProject/Content/Assets/Cube_Small.uasset'
[2015.07.12-11.36.45:256][325]LogPlayLevel: PIE:  No blueprints needed recompiling
[2015.07.12-11.36.45:256][325]PIE: New page: PIE session: FirstPersonExampleMap (Jul 12, 2015, 3:36:45 PM)
[2015.07.12-11.36.45:263][325]LogPlayLevel: Creating play world package: /Game/FirstPersonBP/Maps/UEDPIE_0_FirstPersonExampleMap
[2015.07.12-11.36.45:276][325]LogPlayLevel: PIE: StaticDuplicateObject took: (0.013007s)
[2015.07.12-11.36.45:277][325]LogAIModule: Creating AISystem for world FirstPersonExampleMap
[2015.07.12-11.36.45:277][325]LogPlayLevel: PIE: World Init took: (0.001254s)
[2015.07.12-11.36.45:278][325]LogPlayLevel: PIE: Created PIE world by copying editor world from /Game/FirstPersonBP/Maps/FirstPersonExampleMap.FirstPersonExampleMap to /Game/FirstPersonBP/Maps/UEDPIE_0_FirstPersonExampleMap.FirstPersonExampleMap (0