[2015.07.12-11.50.06:507][  0]Log file open, 07/12/15 13:50:06
[2015.07.12-11.50.06:507][  0]LogInit:Display: Running engine for game: UnrealProject
[2015.07.12-11.50.06:507][  0]LogInit:Display: RandInit(-295504978) SRandInit(-295504978).
[2015.07.12-11.50.06:507][  0]LogTaskGraph: Started task graph with 4 named threads and 7 total threads.
[2015.07.12-11.50.06:507][  0]LogStats: Stats thread started
[2015.07.12-11.50.06:507][  0]LogInit: Version: 4.8.1-2591939+++depot+UE4-Releases+4.8
[2015.07.12-11.50.06:507][  0]LogInit: API Version: 2579680
[2015.07.12-11.50.06:507][  0]LogInit: Compiled (64-bit): Jun 18 2015 11:02:04
[2015.07.12-11.50.06:507][  0]LogInit: Compiled with Visual C++: 18.00.21005.01
[2015.07.12-11.50.06:507][  0]LogInit: Build Configuration: Development
[2015.07.12-11.50.06:507][  0]LogInit: Branch Name: ++depot+UE4-Releases+4.8
[2015.07.12-11.50.06:507][  0]LogInit: Command line: 
[2015.07.12-11.50.06:507][  0]LogInit: Base directory: C:/Program Files/Epic Games/4.8/Engine/Binaries/Win64/
[2015.07.12-11.50.06:507][  0]LogInit: Rocket: 1
[2015.07.12-11.50.06:518][  0]LogInit: Using libcurl 7.41.0
[2015.07.12-11.50.06:518][  0]LogInit:  - built for x86_64-pc-win32
[2015.07.12-11.50.06:518][  0]LogInit:  - supports SSL with WinSSL
[2015.07.12-11.50.06:518][  0]LogInit:  - other features:
[2015.07.12-11.50.06:518][  0]LogInit:      CURL_VERSION_SSL
[2015.07.12-11.50.06:518][  0]LogInit:      CURL_VERSION_IPV6
[2015.07.12-11.50.06:518][  0]LogInit:      CURL_VERSION_ASYNCHDNS
[2015.07.12-11.50.06:518][  0]LogInit:      CURL_VERSION_LARGEFILE
[2015.07.12-11.50.06:518][  0]LogInit:      CURL_VERSION_IDN
[2015.07.12-11.50.06:518][  0]LogInit:  CurlRequestOptions (configurable via config and command line):
[2015.07.12-11.50.06:518][  0]LogInit:  - bVerifyPeer = true  - Libcurl will verify peer certificate
[2015.07.12-11.50.06:518][  0]LogInit:  - bUseHttpProxy = false  - Libcurl will NOT use HTTP proxy
[2015.07.12-11.50.06:518][  0]LogInit:  - bDontReuseConnections = false  - Libcurl will reuse connections
[2015.07.12-11.50.06:518][  0]LogInit:  - CertBundlePath = nullptr  - Libcurl will use whatever was configured at build time.
[2015.07.12-11.50.06:528][  0]LogOnline:Warning: No default platform service specified for OnlineSubsystem
[2015.07.12-11.50.06:540][  0]LogInit: Presizing for 0 objects not considered by GC, pre-allocating 0 bytes.
[2015.07.12-11.50.06:545][  0]LogInit: Object subsystem initialized
[2015.07.12-11.50.06:546][  0]LogConsoleResponse:Warning: Skipping Unknown console variable: 'TranslucentSortAxis = (X=0.000000,Y=-1.000000,Z=0.000000)'
[2015.07.12-11.50.06:546][  0]LogConsoleResponse:Warning:   Found in ini file 'C:/Users/Viktor.Pekar/Documents/12-07-2015/UnrealProject/Saved/Config/Windows/Engine.ini', in section '[/Script/Engine.RendererSettings]'
[2015.07.12-11.50.06:546][  0]LogConsoleResponse:Warning: Skipping Unknown console variable: 'UIScaleRule = ShortestSide'
[2015.07.12-11.50.06:546][  0]LogConsoleResponse:Warning:   Found in ini file 'C:/Users/Viktor.Pekar/Documents/12-07-2015/UnrealProject/Saved/Config/Windows/Engine.ini', in section '[/Script/Engine.RendererSettings]'
[2015.07.12-11.50.06:546][  0]LogConsoleResponse:Warning: Skipping Unknown console variable: 'UIScaleCurve = (EditorCurveData=(Keys=),ExternalCurve=None)'
[2015.07.12-11.50.06:546][  0]LogConsoleResponse:Warning:   Found in ini file 'C:/Users/Viktor.Pekar/Documents/12-07-2015/UnrealProject/Saved/Config/Windows/Engine.ini', in section '[/Script/Engine.RendererSettings]'
[2015.07.12-11.50.06:547][  0]LogInit: Selected Device Profile: [Windows]
[2015.07.12-11.50.06:547][  0]LogInit: Applying CVar settings loaded from the selected device profile: [Windows]
[2015.07.12-11.50.06:555][  0]LogInit: Computer: 2015-GP-02
[2015.07.12-11.50.06:555][  0]LogInit: User: ViktorPekar
[2015.07.12-11.50.06:555][  0]LogInit: CPU Page size=4096, Cores=4
[2015.07.12-11.50.06:555][  0]LogInit: High frequency timer resolution =2.435830 MHz
[2015.07.12-11.50.06:555][  0]LogMemory: Memory total: Physical=15.9GB (16GB approx)
[2015.07.12-11.50.06:555][  0]LogMemory: Platform Memory Stats for Windows
[2015.07.12-11.50.06:555][  0]LogMemory: Process Physical Memory: 50.77 MB used, 50.77 MB peak
[2015.07.12-11.50.06:555][  0]LogMemory: Process Virtual Memory: 26.87 MB used, 26.87 MB peak
[2015.07.12-11.50.06:555][  0]LogMemory: Physical Memory: 5799.37 MB used, 16300.36 MB total
[2015.07.12-11.50.06:555][  0]LogMemory: Virtual Memory: 287.19 MB used, 8388608.00 MB total
[2015.07.12-11.50.06:595][  0]LogTextLocalizationManager: The requested culture ('de_DE') has no localization data; falling back to 'en' for localization and internationalization data.
[2015.07.12-11.50.06:805][  0]LogTextLocalizationManager:Warning: Loaded localization resources contain conflicting entries for (Namespace:ContentBrowser, Key:ImportAssetToolTip):
Localization Resource: (C:/Program Files/Epic Games/4.8/Engine/Content/Localization/Editor/en/Editor.locres) Source String Hash: (-630476809) Localized String: (Import to {0}...)
Localization Resource: (C:/Program Files/Epic Games/4.8/Engine/Content/Localization/Editor/en/Editor.locres) Source String Hash: (1271782899) Localized String: (Imports an asset from file to this folder.)
[2015.07.12-11.50.07:112][  0]LogD3D11RHI: Found D3D11 adapter 0: Intel(R) HD Graphics 4600 (Feature Level 11_0)
[2015.07.12-11.50.07:112][  0]LogD3D11RHI: Adapter has 64MB of dedicated video memory, 0MB of dedicated system memory, and 1632MB of shared system memory, 1 output[s]
[2015.07.12-11.50.07:125][  0]LogD3D11RHI: Found D3D11 adapter 1: NVIDIA GeForce GTX 860M   (Feature Level 11_0)
[2015.07.12-11.50.07:125][  0]LogD3D11RHI: Adapter has 4018MB of dedicated video memory, 0MB of dedicated system memory, and 7894MB of shared system memory, 0 output[s]
[2015.07.12-11.50.07:125][  0]LogD3D11RHI: Chosen D3D11 Adapter Id = 0
[2015.07.12-11.50.07:130][  0]LogRHI: Texture pool is 616 MB (70% of 880 MB)
[2015.07.12-11.50.07:141][  0]LogD3D11RHI: Async texture creation enabled
[2015.07.12-11.50.07:540][  0]LogShaderCompilers:Display: Using Local Shader Compiler.
[2015.07.12-11.50.08:253][  0]LogTemp:Display: Loaded TP DesktopTargetPlatform
[2015.07.12-11.50.08:265][  0]LogTemp:Display: Loaded TP WindowsClientTargetPlatform
[2015.07.12-11.50.08:277][  0]LogTemp:Display: Loaded TP WindowsNoEditorTargetPlatform
[2015.07.12-11.50.08:289][  0]LogTemp:Display: Loaded TP WindowsServerTargetPlatform
[2015.07.12-11.50.08:303][  0]LogTemp:Display: Loaded TP WindowsTargetPlatform
[2015.07.12-11.50.08:313][  0]LogTemp:Display: Loaded TP AndroidTargetPlatform
[2015.07.12-11.50.08:325][  0]LogTemp:Display: Loaded TP Android_ASTCTargetPlatform
[2015.07.12-11.50.08:335][  0]LogTemp:Display: Loaded TP Android_ATCTargetPlatform
[2015.07.12-11.50.08:346][  0]LogTemp:Display: Loaded TP Android_DXTTargetPlatform
[2015.07.12-11.50.08:356][  0]LogTemp:Display: Loaded TP Android_ETC1TargetPlatform
[2015.07.12-11.50.08:367][  0]LogTemp:Display: Loaded TP Android_ETC2TargetPlatform
[2015.07.12-11.50.08:377][  0]LogTemp:Display: Loaded TP Android_PVRTCTargetPlatform
[2015.07.12-11.50.08:417][  0]LogTemp:Display: Loaded TP IOSTargetPlatform
[2015.07.12-11.50.08:427][  0]LogTemp:Display: Loaded TP LinuxNoEditorTargetPlatform
[2015.07.12-11.50.08:436][  0]LogTemp:Display: Loaded TP LinuxServerTargetPlatform
[2015.07.12-11.50.08:448][  0]LogTemp:Display: Loaded TP LinuxTargetPlatform
[2015.07.12-11.50.08:448][  0]LogTargetPlatformManager:Display: Building Assets For Windows
[2015.07.12-11.50.08:622][  0]LogDerivedDataCache:Display: Max Cache Size: 512 MB
[2015.07.12-11.50.08:666][  0]LogDerivedDataCache: Loaded boot cache 0.04s 53MB C:/Users/Viktor.Pekar/AppData/Local/UnrealEngine/4.8/DerivedDataCache/Boot.ddc.
[2015.07.12-11.50.08:666][  0]LogDerivedDataCache:Display: Loaded Boot cache: C:/Users/Viktor.Pekar/AppData/Local/UnrealEngine/4.8/DerivedDataCache/Boot.ddc
[2015.07.12-11.50.08:666][  0]LogDerivedDataCache: FDerivedDataBackendGraph:  Pak pak cache file ../../../../../../Users/Viktor.Pekar/Documents/12-07-2015/UnrealProject/DerivedDataCache/DDC.ddp not found, will not use a pak cache.
[2015.07.12-11.50.08:666][  0]LogDerivedDataCache: Unable to find inner node Pak for hierarchical cache Hierarchy.
[2015.07.12-11.50.08:666][  0]LogDerivedDataCache: FDerivedDataBackendGraph:  CompressedPak pak cache file ../../../../../../Users/Viktor.Pekar/Documents/12-07-2015/UnrealProject/DerivedDataCache/Compressed.ddp not found, will not use a pak cache.
[2015.07.12-11.50.08:666][  0]LogDerivedDataCache: Unable to find inner node CompressedPak for hierarchical cache Hierarchy.
[2015.07.12-11.50.08:804][  0]LogDerivedDataCache:Display: Pak cache opened for reading ../../../Engine/DerivedDataCache/Compressed.ddp.
[2015.07.12-11.50.08:815][  0]LogDerivedDataCache: Using Local data cache path C:/Users/Viktor.Pekar/AppData/Local/UnrealEngine/Common/DerivedDataCache: Writable
[2015.07.12-11.50.08:989][  0]LogInit: Selected Device Profile: [Windows]
[2015.07.12-11.50.08:997][  0]ImportText (ComponentSweepMultiTests): Missing closing parenthesis: (RootShapeAsset="/Engine/BasicShapes/Cube.Cube",ShapeType="TriggerCapsule",HitResult=(Time=0.50,Location=(X=-100.000015,Y=0.0,Z=100.000015),ImpactPoint=(X=-50.0,Y=0.0,Z=50.0),Normal=(X=-1.0,Y=-0.0,Z=0.0),ImpactNormal=(X=0.0,Y=0.0,Z=1.0),TraceStart=(X=-200.0,Y=0.0,Z=200.0),TraceEnd=(X=0.0,Y=0.0,Z=0.0))
[2015.07.12-11.50.08:997][  0]ImportText (LineTraceSingleByChannelTests): Missing closing parenthesis: (RootShapeAsset="/Engine/BasicShapes/Cube.Cube",HitResult=(Time=0.50,Location=(X=-100.000015,Y=0.0,Z=100.000015),ImpactPoint=(X=-50.0,Y=0.0,Z=50.0),Normal=(X=-1.0,Y=-0.0,Z=0.0),ImpactNormal=(X=0.0,Y=0.0,Z=1.0),TraceStart=(X=-200.0,Y=0.0,Z=200.0),TraceEnd=(X=0.0,Y=0.0,Z=0.0))
[2015.07.12-11.50.09:021][  0]LogMeshUtilities: No automatic mesh reduction module available
[2015.07.12-11.50.09:021][  0]LogMeshUtilities: No automatic mesh merging module available
[2015.07.12-11.50.09:413][  0]LogInit: WinSock: version 1.1 (2.2), MaxSocks=32767, MaxUdp=65467
[2015.07.12-11.50.10:231][  0]UdpMessaging: Initializing bridge on interface 0.0.0.0:0 to multicast group 230.0.0.1:6666.
[2015.07.12-11.50.10:510][  0]SourceControl: Info Source control is disabled
[2015.07.12-11.50.10:521][  0]SourceControl: Info Source control is disabled
[2015.07.12-11.50.10:529][  0]SourceControl: Info Source control is disabled
[2015.07.12-11.50.10:537][  0]SourceControl: Info Source control is disabled
[2015.07.12-11.50.10:714][  0]LogObj: 26273 objects as part of root set at end of initial load.
[2015.07.12-11.50.10:714][  0]LogUObjectAllocator: 5409248 out of 0 bytes used by permanent object pool.
[2015.07.12-11.50.10:775][  0]LogEngine: Initializing Engine...
[2015.07.12-11.50.10:777][  0]LogHMD: Can't find Oculus library dev build: is proper Runtime installed? Version: 0.6.0.0
[2015.07.12-11.50.10:778][  0]LogHMD:Warning: SteamVR failed to initialize.  Error: 110
[2015.07.12-11.50.10:906][  0]LogAIModule: Creating AISystem for world NewWorld
[2015.07.12-11.50.10:910][  0]LogInit: XAudio2 using 'Lautsprecher (Realtek High Definition Audio)' : 2 channels at 48 kHz using 32 bits per sample (channel mask 0x3)
[2015.07.12-11.50.10:920][  0]LogInit: FAudioDevice initialized.
[2015.07.12-11.50.10:943][  0]LogDerivedDataCache: Saved boot cache 0.02s 53MB C:/Users/Viktor.Pekar/AppData/Local/UnrealEngine/4.8/DerivedDataCache/Boot.ddc.
[2015.07.12-11.50.10:948][  0]LogInit: Texture streaming: Disabled
[2015.07.12-11.50.10:967][  0]LogAnalytics: Creating configured Analytics provider AnalyticsET
[2015.07.12-11.50.10:967][  0]LogAnalytics: [UEEditor.Rocket.Release] APIServer = http://et2.epicgames.com/ET2/. AppVersion = 4.8.1-2591939+++depot+UE4-Releases+4.8
[2015.07.12-11.50.10:967][  0]LogAnalytics: [UEEditor.Rocket.Release] SetUserId fcdff1e148dbd36abe3e3593466647f0|7c8f08b2764d43e787567189fb578fc5|c56fab96-539e-4a88-91c5-28770007cfab
[2015.07.12-11.50.10:967][  0]LogAnalytics: [UEEditor.Rocket.Release] AnalyticsET::StartSession
[2015.07.12-11.50.10:989][  0]LogInit: Transaction tracking system initialized
[2015.07.12-11.50.11:091][  0]BlueprintLog: New page: Editor Load
[2015.07.12-11.50.11:120][  0]LogAssetRegistry: FAssetRegistry took 0.0094 seconds to start up
[2015.07.12-11.50.11:120][  0]LogDirectoryWatcher:Warning: Failed to begin reading directory changes for ../../../Engine/Plugins/Experimental/CharacterAI/Content/. Error: 0
[2015.07.12-11.50.11:677][  0]LogConsoleManager:Warning: Console variable 'r.VSync' wasn't set ('GameSetting' has a lower priority than 'SystemSettingsIni')
[2015.07.12-11.50.11:677][  0]LogConsoleResponse:Display: 
[2015.07.12-11.50.11:760][  0]LogCook:Display: Done creating registry. It took  0.00s.
[2015.07.12-11.50.11:899][  0]SourceControl: Info Source control is disabled
[2015.07.12-11.50.11:899][  0]Cmd: MAP LOAD FILE="../../../../../../Users/Viktor.Pekar/Documents/12-07-2015/UnrealProject/Content/FirstPersonBP/Maps/FirstPersonExampleMap.umap" TEMPLATE=0 SHOWPROGRESS=1 FEATURELEVEL=3
[2015.07.12-11.50.11:899][  0]LightingResults: New page: Lighting Build
[2015.07.12-11.50.11:910][  0]MapCheck: New page: Map Check
[2015.07.12-11.50.11:910][  0]LightingResults: New page: Lighting Build
[2015.07.12-11.50.11:918][  0]LogParticles: Destroying 0 GPU particle simulations for FXSystem 0x00000000181B8B80
[2015.07.12-11.50.12:500][  0]LogBlueprint:Error: [compiler Actor_Blueprint] Error This blueprint (self) is not a PlayerController, therefore ' Target ' must have a connection.
[2015.07.12-11.50.12:506][  0]LogBlueprint:Warning: [compiler Actor_Blueprint] Warning [0007.13] Compile of Actor_Blueprint failed. 1 Fatal Issue(s) 0 Warning(s) [in 14 ms]
[2015.07.12-11.50.12:506][  0]LogBlueprint:Warning: [compiler Actor_Blueprint] Warning [0007.13] Compile of Actor_Blueprint failed. 1 Fatal Issue(s) 1 Warning(s) [in 0 ms]
[2015.07.12-11.50.12:506][  0]LogBlueprint:Warning: [compiler Actor_Blueprint] Warning [0007.13] Compile of Actor_Blueprint failed. 1 Fatal Issue(s) 2 Warning(s) [in 0 ms]
[2015.07.12-11.50.12:674][  0]LogAIModule: Creating AISystem for world FirstPersonExampleMap
[2015.07.12-11.50.12:684][  0]LogEditorServer: Finished looking for orphan Actors (0.000 secs)
[2015.07.12-11.50.12:692][  0]Cmd: MAP CHECKDEP NOCLEARLOG
[2015.07.12-11.50.12:730][  0]MapCheck: Info Map check complete: 0 Error(s), 0 Warning(s), took 37.785ms to complete.
[2015.07.12-11.50.12:730][  0]LogFileHelpers: Loading map 'FirstPersonExampleMap' took 0.831
[2015.07.12-11.50.12:838][  0]LogCollectionManager: Loaded 0 collections in 0.001670 seconds
[2015.07.12-11.50.12:844][  0]LogContentBrowser: Native class hierarchy populated in 0.0061 seconds. Added 1793 classes and 303 folders.
[2015.07.12-11.50.12:879][  0]LogContentBrowser: Native class hierarchy updated for 'WidgetCarousel' in 0.0003 seconds. Added 0 classes and 0 folders.
[2015.07.12-11.50.12:904][  0]LogContentBrowser: Native class hierarchy updated for 'AddContentDialog' in 0.0003 seconds. Added 0 classes and 0 folders.
[2015.07.12-11.50.12:951][  0]LogCrashTracker: Crashtracker disabled due to settings.
[2015.07.12-11.50.12:954][  0]LogUObjectGlobals:Warning: Failed to find object 'Class None.'
[2015.07.12-11.50.12:975][  0]LogLoad: Full Startup: 7.60 seconds (BP compile: 0.35 seconds)
[2015.07.12-11.50.13:024][  0]LogContentStreaming: Texture pool size is 0.000000MB
[2015.07.12-11.50.13:043][  0]LogContentStreaming: Texture pool size now 700 MB
[2015.07.12-11.50.13:169][  0]LogRenderer: Reallocating scene render targets to support 800x640 (Frame:2).
[2015.07.12-11.50.13:668][  7]LogAssetRegistry: Asset discovery search completed in 2.5575 seconds
[2015.07.12-11.50.16:352][198]LogPlayLevel: PIE:  No blueprints needed recompiling
[2015.07.12-11.50.25:092][266]LogPlayLevel: PIE:  No blueprints needed recompiling
[2015.07.12-11.50.26:049][266]PIE: New page: PIE session: FirstPersonExampleMap (Jul 12, 2015, 3:50:26 PM)
[2015.07.12-11.50.26:053][266]LogPlayLevel: Creating play world package: /Game/FirstPersonBP/Maps/UEDPIE_0_FirstPersonExampleMap
[2015.07.12-11.50.26:078][266]LogPlayLevel: PIE: StaticDuplicateObject took: (0.025234s)
[2015.07.12-11.50.26:079][266]LogAIModule: Creating AISystem for world FirstPersonExampleMap
[2015.07.12-11.50.26:079][266]LogPlayLevel: PIE: World Init took: (0.001316s)
[2015.07.12-11.50.26:080][266]LogPlayLevel: PIE: Created PIE world by copying editor world from /Game/FirstPersonBP/Maps/FirstPersonExampleMap.FirstPersonExampleMap to /Game/FirstPersonBP/Maps/UEDPIE_0_FirstPersonExampleMap.FirstPersonExampleMap (0.027441s)
[2015.07.12-11.50.26:145][266]LogInit: XAudio2 using 'Lautsprecher (Realtek High Definition Audio)' : 2 channels at 48 kHz using 32 bits per sample (channel mask 0x3)
[2015.07.12-11.50.26:154][266]LogInit: FAudioDevice initialized.
[2015.07.12-11.50.26:277][266]LogWorld: Game class is 'FirstPersonGameMode_C'
[2015.07.12-11.50.26:283][266]LogWorld: Bringing World /Game/FirstPersonBP/Maps/UEDPIE_0_FirstPersonExampleMap.FirstPersonExampleMap up for play (max tick rate 0) at 2015.07.12-13.50.26
[2015.07.12-11.50.26:283][266]LogActor:Warning: GameSession /Game/FirstPersonBP/Maps/UEDPIE_0_FirstPersonExampleMap.FirstPersonExampleMap:PersistentLevel.GameSession_0 has natively added scene component(s), but none of them were set as the actor's RootComponent - picking one arbitrarily
[2015.07.12-11.50.26:283][266]LogActor:Warning: GameNetworkManager /Game/FirstPersonBP/Maps/UEDPIE_0_FirstPersonExampleMap.FirstPersonExampleMap:PersistentLevel.GameNetworkManager_0 has natively added scene component(s), but none of them were set as the actor's RootComponent - picking one arbitrarily
[2015.07.12-11.50.26:284][266]LogWorld: Bringing up level for play took: 0.004470
[2015.07.12-11.50.26:285][266]PIE: Info Play in editor start time for /Game/FirstPersonBP/Maps/UEDPIE_0_FirstPersonExampleMap 0.375
[2015.07.12-11.51.08:095][174]LogParticles: Destroying 0 GPU particle simulations for FXSystem 0x000000002520E5C0
[2015.07.12-11.53.00:958][672]LogEditorViewport: Clicking on Actor (LMB): CameraActor (CameraActor2)
[2015.07.12-11.53.05:610][ 37]Cmd: DELETE
[2015.07.12-11.53.05:610][ 37]Cmd: ACTOR DELETE
[2015.07.12-11.53.05:613][ 37]LogEditorActor: Deleted Actor: CameraActor
[2015.07.12-11.53.05:669][ 37]LogEditorActor: Deleted 1 Actors (0.059 secs)
[2015.07.12-11.53.08:922][288]LogEditorViewport: Clicking on Actor (LMB): StaticMeshActor (BigWall)
[2015.07.12-11.54.16:784][733]LogRenderer: Reallocating scene render targets to support 808x640 (Frame:25153).
[2015.07.12-11.54.16:837][734]LogRenderer: Reallocating scene render targets to support 816x640 (Frame:25155).
[2015.07.12-11.54.16:887][735]LogRenderer: Reallocating scene render targets to support 824x640 (Frame:25157).
[2015.07.12-11.54.16:936][736]LogRenderer: Reallocating scene render targets to support 848x640 (Frame:25159).
[2015.07.12-11.54.16:989][737]LogRenderer: Reallocating scene render targets to support 856x640 (Frame:25161).
[2015.07.12-11.54.17:038][738]LogRenderer: Reallocating scene render targets to support 888x640 (Frame:25163).
[2015.07.12-11.54.17:103][739]LogRenderer: Reallocating scene render targets to support 896x640 (Frame:25165).
[2015.07.12-11.54.17:152][740]LogRenderer: Reallocating scene render targets to support 904x640 (Frame:25167).
[2015.07.12-11.54.17:254][742]LogRenderer: Reallocating scene render targets to support 912x640 (Frame:25171).
[2015.07.12-11.54.17:308][743]LogRenderer: Reallocating scene render targets to support 920x640 (Frame:25173).
[2015.07.12-11.54.18:959][892]LogRenderer: Reallocating scene render targets to support 928x640 (Frame:25325).
[2015.07.12-11.54.19:008][893]LogRenderer: Reallocating scene render targets to support 1000x640 (Frame:25327).
[2015.07.12-11.54.19:068][894]LogRenderer: Reallocating scene render targets to support 1072x640 (Frame:25329).
[2015.07.12-11.54.19:122][895]LogRenderer: Reallocating scene render targets to support 1080x640 (Frame:25331).
[2015.07.12-11.54.50:555][665]LogEditorViewport: Clicking on Actor (LMB): CameraActor (CameraActor)
[2015.07.12-11.54.57:311][ 87]LogLinker:Warning: Asset '../../../Engine/Content/ArtTools/RenderToTexture/Macros/RenderToTextureMacros.uasset' has been saved with empty engine version. The asset will be loaded but may be incompatible.
[2015.07.12-11.54.57:360][ 87]LogLinker:Warning: Asset '../../../Engine/Content/ArtTools/RenderToTexture/Enums/RenderToTexture_Enum.uasset' has been saved with empty engine version. The asset will be loaded but may be incompatible.
[2015.07.12-12.00.16:008][319]BlueprintLog: New page: Pre-PIE auto-recompile
[2015.07.12-12.00.16:028][319]LogPlayLevel: [PIE] Compiling Actor_Blueprint before PIE...
[2015.07.12-12.00.16:045][319]LogBlueprint:Error: [compiler Actor_Blueprint] Error This blueprint (self) is not a PlayerController, therefore ' Target ' must have a connection.
[2015.07.12-12.00.16:125][319]LogBlueprint:Warning: [compiler Actor_Blueprint] Warning [0610.73] Compile of Actor_Blueprint failed. 1 Fatal Issue(s) 0 Warning(s) [in 92 ms]
[2015.07.12-12.00.16:125][319]LogBlueprint:Warning: [compiler Actor_Blueprint] Warning [0610.73] Compile of Actor_Blueprint failed. 1 Fatal Issue(s) 1 Warning(s) [in 0 ms]
[2015.07.12-12.00.16:125][319]LogBlueprint:Warning: [compiler Actor_Blueprint] Warning [0610.73] Compile of Actor_Blueprint failed. 1 Fatal Issue(s) 2 Warning(s) [in 0 ms]
[2015.07.12-12.00.16:125][319]LogBlueprint:Warning: [compiler Actor_Blueprint] Warning [0610.73] Compile of Actor_Blueprint failed. 1 Fatal Issue(s) 3 Warning(s) [in 0 ms]
[2015.07.12-12.00.16:137][319]LogBlueprint:Warning: [compiler Actor_Blueprint] Warning [0610.74] Compile of Actor_Blueprint failed. 1 Fatal Issue(s) 4 Warning(s) [in 11 ms]
[2015.07.12-12.00.16:137][319]LogBlueprint:Warning: [compiler Actor_Blueprint] Warning [0610.74] Compile of Actor_Blueprint failed. 1 Fatal Issue(s) 5 Warning(s) [in 0 ms]
[2015.07.12-12.00.16:175][319]LogPlayLevel: PIE:  Blueprint regeneration took 166 ms (1 blueprints)
[2015.07.12-12.00.22:368][319]BlueprintLog: Info Blueprint Actor_Blueprint failed to compile
[2015.07.12-12.00.22:368][319]PIE: New page: PIE session: FirstPersonExampleMap (Jul 12, 2015, 4:00:22 PM)
[2015.07.12-12.00.22:406][319]LogPlayLevel: Creating play world package: /Game/FirstPersonBP/Maps/UEDPIE_0_FirstPersonExampleMap
[2015.07.12-12.00.22:429][319]LogPlayLevel: PIE: StaticDuplicateObject took: (0.022468s)
[2015.07.12-12.00.22:430][319]LogAIModule: Creating AISystem for world FirstPersonExampleMap
[2015.07.12-12.00.22:431][319]LogPlayLevel: PIE: World Init took: (0.001608s)
[2015.07.12-12.00.22:431][319]LogPlayLevel: PIE: Created PIE world by copying editor world from /Game/FirstPersonBP/Maps/FirstPersonExampleMap.FirstPersonExampleMap to /Game/FirstPersonBP/Maps/UEDPIE_0_FirstPersonExampleMap.FirstPersonExampleMap (0.024437s)
[2015.07.12-12.00.22:491][319]LogInit: XAudio2 using 'Lautsprecher (Realtek High Definition Audio)' : 2 channels at 48 kHz using 32 bits per sample (channel mask 0x3)
[2015.07.12-12.00.22:501][319]LogInit: FAudioDevice initialized.
[2015.07.12-12.00.22:538][319]LogWorld: Game class is 'FirstPersonGameMode_C'
[2015.07.12-12.00.22:544][319]LogWorld: Bringing World /Game/FirstPersonBP/Maps/UEDPIE_0_FirstPersonExampleMap.FirstPersonExampleMap up for play (max tick rate 0) at 2015.07.12-14.00.22
[2015.07.12-12.00.22:544][319]LogActor:Warning: GameSession /Game/FirstPersonBP/Maps/UEDPIE_0_FirstPersonExampleMap.FirstPersonExampleMap:PersistentLevel.GameSession_1 has natively added scene component(s), but none of them were set as the actor's RootComponent - picking one arbitrarily
[2015.07.12-12.00.22:545][319]LogActor:Warning: GameNetworkManager /Game/FirstPersonBP/Maps/UEDPIE_0_FirstPersonExampleMap.FirstPersonExampleMap:PersistentLevel.GameNetworkManager_1 has natively added scene component(s), but none of them were set as the actor's RootComponent - picking one arbitrarily
[2015.07.12-12.00.22:545][319]LogWorld: Bringing up level for play took: 0.005366
[2015.07.12-12.00.22:547][319]PIE: Info Play in editor start time for /Game/FirstPersonBP/Maps/UEDPIE_0_FirstPersonExampleMap 6.62
[2015.07.12-12.00.24:695][438]LogRenderer: Reallocating scene render targets to support 1144x904 (Frame:65569).
[2015.07.12-12.00.45:328][388]LogParticles: Destroying 0 GPU particle simulations for FXSystem 0x0000000021CAC180
[2015.07.12-12.00.53:593][880]LogPlayLevel: PIE:  No blueprints needed recompiling
[2015.07.12-12.00.53:593][880]PIE: New page: PIE session: FirstPersonExampleMap (Jul 12, 2015, 4:00:53 PM)
[2015.07.12-12.00.53:598][880]LogPlayLevel: Creating play world package: /Game/FirstPersonBP/Maps/UEDPIE_0_FirstPersonExampleMap
[2015.07.12-12.00.53:619][880]LogPlayLevel: PIE: StaticDuplicateObject took: (0.020996s)
[2015.07.12-12.00.53:620][880]LogAIModule: Creating AISystem for world FirstPersonExampleMap
[2015.07.12-12.00.53:621][880]LogPlayLevel: PIE: World Init took: (0.001454s)
[2015.07.12-12.00.53:621][880]LogPlayLevel: PIE: Created PIE world by copying editor world from /Game/FirstPersonBP/Maps/FirstPersonExampleMap.FirstPersonExampleMap to /Game/FirstPersonBP/Maps/UEDPIE_0_FirstPersonExampleMap.FirstPersonExampleMap (0.022822s)
[2015.07.12-12.00.53:674][880]LogInit: XAudio2 using 'Lautsprecher (Realtek High Definition Audio)' : 2 channels at 48 kHz using 32 bits per sample (channel mask 0x3)
[2015.07.12-12.00.53:683][880]LogInit: FAudioDevice initialized.
[2015.07.12-12.00.53:717][880]LogWorld: Game class is 'FirstPersonGameMode_C'
[2015.07.12-12.00.53:724][880]LogWorld: Bringing World /Game/FirstPersonBP/Maps/UEDPIE_0_FirstPersonExampleMap.FirstPersonExampleMap up for play (max tick rate 0) at 2015.07.12-14.00.53
[2015.07.12-12.00.53:724][880]LogActor:Warning: GameSession /Game/FirstPersonBP/Maps/UEDPIE_0_FirstPersonExampleMap.FirstPersonExampleMap:PersistentLevel.GameSession_2 has natively added scene component(s), but none of them were set as the actor's RootComponent - picking one arbitrarily
[2015.07.12-12.00.53:724][880]LogActor:Warning: GameNetworkManager /Game/FirstPersonBP/Maps/UEDPIE_0_FirstPersonExampleMap.FirstPersonExampleMap:PersistentLevel.GameNetworkManager_2 has natively added scene component(s), but none of them were set as the actor's RootComponent - picking one arbitrarily
[2015.07.12-12.00.53:725][880]LogWorld: Bringing up level for play took: 0.005360
[2015.07.12-12.00.53:726][880]PIE: Info Play in editor start time for /Game/FirstPersonBP/Maps/UEDPIE_0_FirstPersonExampleMap -0.201
[2015.07.12-12.02.06:852][714]LogParticles: Destroying 0 GPU particle simulations for FXSystem 0x0000000014D847C0
[2015.07.12-12.06.10:668][749]LogMaterial: Missing cached shader map for material Material_0, compiling. 
[2015.07.12-12.06.10:772][750]LogMaterial: Missing cached shader map for material Material_1, compiling. 
[2015.07.12-12.06.10:817][751]LogMaterial: Missing cached shader map for material Material_2, compiling. 
[2015.07.12-12.06.10:871][752]LogMaterial: Missing cached shader map for material Material_3, compiling. 
[2015.07.12-12.07.04:933][279]LogActorComponent: UnregisterComponent: (/Engine/Transient.CharMoveComp) Not registered. Aborting.
[2015.07.12-12.07.04:933][279]LogActorComponent: UnregisterComponent: (/Engine/Transient.ProjectileMovementComponent_40__A6522401) Not registered. Aborting.
[2015.07.12-12.07.05:079][279]LogSavePackage: Save=100.376053ms
[2015.07.12-12.07.05:079][279]LogSavePackage: Moving '../../../../../../Users/Viktor.Pekar/Documents/12-07-2015/UnrealProject/Saved/FirstPersonExampleMap_Auto134C6D1D5435AD8C940CEE9A437940ECB.tmp' to '../../../../../../Users/Viktor.Pekar/Documents/12-07-2015/UnrealProject/Saved/Autosaves/Game/FirstPersonBP/Maps/FirstPersonExampleMap_Auto1.umap'
[2015.07.12-12.07.05:091][279]LogFileHelpers: Editor autosave (incl. sublevels) for '/Game/FirstPersonBP/Maps/FirstPersonExampleMap' took 0.159
[2015.07.12-12.07.05:091][279]LogFileHelpers: Editor autosave (incl. sublevels) for all levels took 0.159
[2015.07.12-12.07.05:101][279]OBJ SavePackage: Generating thumbnails for [1] asset(s) in package [/Game/Actor_Blueprint] ([1] browsable assets)...
[2015.07.12-12.07.05:118][279]OBJ SavePackage:     Rendered thumbnail for [Blueprint /Game/Actor_Blueprint.Actor_Blueprint]
[2015.07.12-12.07.05:118][279]OBJ SavePackage: Finished generating thumbnails for package [/Game/Actor_Blueprint]
[2015.07.12-12.07.05:167][279]LogSavePackage: Save=39.994171ms
[2015.07.12-12.07.05:167][279]LogSavePackage: Moving '../../../../../../Users/Viktor.Pekar/Documents/12-07-2015/UnrealProject/Saved/Actor_Blueprint_Auto1430E323E415870F5234636AB81F7F864.tmp' to '../../../../../../Users/Viktor.Pekar/Documents/12-07-2015/UnrealProject/Saved/Autosaves/Game/Actor_Blueprint_Auto1.uasset'
[2015.07.12-12.07.05:171][279]LogFileHelpers: Auto-saving content packages took 0.074
[2015.07.12-12.14.57:524][195]LogSavePackage: Save=97.051521ms
[2015.07.12-12.14.57:525][195]LogSavePackage: Moving '../../../../../../Users/Viktor.Pekar/Documents/12-07-2015/UnrealProject/Saved/FirstPersonExampleMap672915FE4C1CBECAE2CC5AAEFDA8826E.tmp' to '../../../../../../Users/Viktor.Pekar/Documents/12-07-2015/UnrealProject/Content/FirstPersonBP/Maps/FirstPersonExampleMap.umap'
[2015.07.12-12.14.57:554][195]LogFileHelpers: Saving map 'FirstPersonExampleMap' took 0.256
[2015.07.12-12.14.57:577][195]Cmd: OBJ SAVEPACKAGE PACKAGE="/Game/Actor_Blueprint" FILE="../../../../../../Users/Viktor.Pekar/Documents/12-07-2015/UnrealProject/Content/Actor_Blueprint.uasset" SILENT=true
[2015.07.12-12.14.57:626][195]LogSavePackage: Save=41.082504ms
[2015.07.12-12.14.57:626][195]LogSavePackage: Moving '../../../../../../Users/Viktor.Pekar/Documents/12-07-2015/UnrealProject/Saved/Actor_BlueprintEE34F9E54F1BC75887140B8DC50F4A6D.tmp' to '../../../../../../Users/Viktor.Pekar/Documents/12-07-2015/UnrealProject/Content/Actor_Blueprint.uasset'
[2015.07.12-12.15.20:560][597]Cmd: OBJ SAVEPACKAGE PACKAGE="/Game/Actor_Blueprint" FILE="../../../../../../Users/Viktor.Pekar/Documents/12-07-2015/UnrealProject/Content/Actor_Blueprint.uasset" SILENT=true
[2015.07.12-12.15.20:603][597]LogSavePackage: Save=38.007580ms
[2015.07.12-12.15.20:603][597]LogSavePackage: Moving '../../../../../../Users/Viktor.Pekar/Documents/12-07-2015/UnrealProject/Saved/Actor_Blueprint327C83114017A60ECE9157B9B6DD1E29.tmp' to '../../../../../../Users/Viktor.Pekar/Documents/12-07-2015/UnrealProject/Content/Actor_Blueprint.uasset'
[2015.07.12-12.15.28:111][959]BlueprintLog: New page: Pre-PIE auto-recompile
[2015.07.12-12.15.28:123][959]LogPlayLevel: [PIE] Compiling Actor_Blueprint before PIE...
[2015.07.12-12.15.28:141][959]LogBlueprint:Error: [compiler Actor_Blueprint] Error This blueprint (self) is not a PlayerController, therefore ' Target ' must have a connection.
[2015.07.12-12.15.28:141][959]LogBlueprint:Error: [compiler Actor_Blueprint] Error This blueprint (self) is not a SceneComponent, therefore ' Target ' must have a connection.
[2015.07.12-12.15.28:142][959]LogBlueprint:Error: [compiler Actor_Blueprint] Error This blueprint (self) is not a SceneComponent, therefore ' Target ' must have a connection.
[2015.07.12-12.15.28:221][959]LogBlueprint:Warning: [compiler Actor_Blueprint] Warning [1522.80] Compile of Actor_Blueprint failed. 3 Fatal Issue(s) 0 Warning(s) [in 92 ms]
[2015.07.12-12.15.28:221][959]LogBlueprint:Warning: [compiler Actor_Blueprint] Warning [1522.80] Compile of Actor_Blueprint failed. 3 Fatal Issue(s) 1 Warning(s) [in 0 ms]
[2015.07.12-12.15.28:221][959]LogBlueprint:Warning: [compiler Actor_Blueprint] Warning [1522.80] Compile of Actor_Blueprint failed. 3 Fatal Issue(s) 2 Warning(s) [in 0 ms]
[2015.07.12-12.15.28:221][959]LogBlueprint:Warning: [compiler Actor_Blueprint] Warning [1522.80] Compile of Actor_Blueprint failed. 3 Fatal Issue(s) 3 Warning(s) [in 0 ms]
[2015.07.12-12.15.28:230][959]LogBlueprint:Warning: [compiler Actor_Blueprint] Warning [1522.81] Compile of Actor_Blueprint failed. 3 Fatal Issue(s) 4 Warning(s) [in 9 ms]
[2015.07.12-12.15.28:231][959]LogBlueprint:Warning: [compiler Actor_Blueprint] Warning [1522.81] Compile of Actor_Blueprint failed. 3 Fatal Issue(s) 5 Warning(s) [in 0 ms]
[2015.07.12-12.15.28:250][959]LogParticles: Destroying 0 GPU particle simulations for FXSystem 0x0000000010F4AF20
[2015.07.12-12.15.28:262][959]LogPlayLevel: PIE:  Blueprint regeneration took 150 ms (1 blueprints)
[2015.07.12-12.15.30:708][959]BlueprintLog: Info Blueprint Actor_Blueprint failed to compile
[2015.07.12-12.15.30:708][959]PIE: New page: PIE session: FirstPersonExampleMap (Jul 12, 2015, 4:15:30 PM)
[2015.07.12-12.15.30:714][959]LogPlayLevel: Creating play world package: /Game/FirstPersonBP/Maps/UEDPIE_0_FirstPersonExampleMap
[2015.07.12-12.15.30:737][959]LogPlayLevel: PIE: StaticDuplicateObject took: (0.023069s)
[2015.07.12-12.15.30:738][959]LogAIModule: Creating AISystem for world FirstPersonExampleMap
[2015.07.12-12.15.30:739][959]LogPlayLevel: PIE: World Init took: (0.001376s)
[2015.07.12-12.15.30:739][959]LogPlayLevel: PIE: Created PIE world by copying editor world from /Game/FirstPersonBP/Maps/FirstPersonExampleMap.FirstPersonExampleMap to /Game/FirstPersonBP/Maps/UEDPIE_0_FirstPersonExampleMap.FirstPersonExampleMap (0.024806s)
[2015.07.12-12.15.30:792][959]LogInit: XAudio2 using 'Lautsprecher (Realtek High Definition Audio)' : 2 channels at 48 kHz using 32 bits per sample (channel mask 0x3)
[2015.07.12-12.15.30:801][959]LogInit: FAudioDevice initialized.
[2015.07.12-12.15.30:836][959]LogWorld: Game class is 'FirstPersonGameMode_C'
[2015.07.12-12.15.30:842][959]LogWorld: Bringing World /Game/FirstPersonBP/Maps/UEDPIE_0_FirstPersonExampleMap.FirstPersonExampleMap up for play (max tick rate 0) at 2015.07.12-14.15.30
[2015.07.12-12.15.30:843][959]LogActor:Warning: GameSession /Game/FirstPersonBP/Maps/UEDPIE_0_FirstPersonExampleMap.FirstPersonExampleMap:PersistentLevel.GameSession_3 has natively added scene component(s), but none of them were set as the actor's RootComponent - picking one arbitrarily
[2015.07.12-12.15.30:843][959]LogActor:Warning: GameNetworkManager /Game/FirstPersonBP/Maps/UEDPIE_0_FirstPersonExampleMap.FirstPersonExampleMap:PersistentLevel.GameNetworkManager_3 has natively added scene component(s), but none of them were set as the actor's RootComponent - picking one arbitrarily
[2015.07.12-12.15.30:844][959]LogWorld: Bringing up level for play took: 0.005614
[2015.07.12-12.15.30:845][959]PIE: Info Play in editor start time for /Game/FirstPersonBP/Maps/UEDPIE_0_FirstPersonExampleMap 2.895
[2015.07.12-12.15.51:778][394]LogParticles: Destroying 0 GPU particle simulations for FXSystem 0x000000003800FE20
[2015.07.12-12.16.59:808][256]LogSavePackage: Save=91.379532ms
[2015.07.12-12.16.59:808][256]LogSavePackage: Moving '../../../../../../Users/Viktor.Pekar/Documents/12-07-2015/UnrealProject/Saved/FirstPersonExampleMap94E76E304A852AF13F9D9195C032CA95.tmp' to '../../../../../../Users/Viktor.Pekar/Documents/12-07-2015/UnrealProject/Content/FirstPersonBP/Maps/FirstPersonExampleMap.umap'
[2015.07.12-12.16.59:867][256]LogFileHelpers: Saving map 'FirstPersonExampleMap' took 0.235
[2015.07.12-12.16.59:886][256]Cmd: OBJ SAVEPACKAGE PACKAGE="/Game/Actor_Blueprint" FILE="../../../../../../Users/Viktor.Pekar/Documents/12-07-2015/UnrealProject/Content/Actor_Blueprint.uasset" SILENT=true
[2015.07.12-12.16.59:928][256]LogSavePackage: Save=37.797382ms
[2015.07.12-12.16.59:928][256]LogSavePackage: Moving '../../../../../../Users/Viktor.Pekar/Documents/12-07-2015/UnrealProject/Saved/Actor_Blueprint27B188854CD5DA2C68323EBA597CAA21.tmp' to '../../../../../../Users/Viktor.Pekar/Documents/12-07-2015/UnrealProject/Content/Actor_Blueprint.uasset'
[2015.07.12-12.17.09:882][857]Cmd: OBJ SAVEPACKAGE PACKAGE="/Game/Actor_Blueprint" FILE="../../../../../../Users/Viktor.Pekar/Documents/12-07-2015/UnrealProject/Content/Actor_Blueprint.uasset" SILENT=true
[2015.07.12-12.17.09:914][857]LogSavePackage: Save=27.983070ms
[2015.07.12-12.17.09:914][857]LogSavePackage: Moving '../../../../../../Users/Viktor.Pekar/Documents/12-07-2015/UnrealProject/Saved/Actor_Blueprint758CA30B469140AFDD8F8A8F7882D0C0.tmp' to '../../../../../../Users/Viktor.Pekar/Documents/12-07-2015/UnrealProject/Content/Actor_Blueprint.uasset'
[2015.07.12-12.17.32:509][214]BlueprintLog: New page: Pre-PIE auto-recompile
[2015.07.12-12.17.32:520][214]LogPlayLevel: [PIE] Compiling Actor_Blueprint before PIE...
[2015.07.12-12.17.32:539][214]LogBlueprint:Error: [compiler Actor_Blueprint] Error This blueprint (self) is not a PlayerController, therefore ' Target ' must have a connection.
[2015.07.12-12.17.32:620][214]LogBlueprint:Warning: [compiler Actor_Blueprint] Warning [1647.20] Compile of Actor_Blueprint failed. 1 Fatal Issue(s) 0 Warning(s) [in 93 ms]
[2015.07.12-12.17.32:620][214]LogBlueprint:Warning: [compiler Actor_Blueprint] Warning [1647.20] Compile of Actor_Blueprint failed. 1 Fatal Issue(s) 1 Warning(s) [in 0 ms]
[2015.07.12-12.17.32:620][214]LogBlueprint:Warning: [compiler Actor_Blueprint] Warning [1647.20] Compile of Actor_Blueprint failed. 1 Fatal Issue(s) 2 Warning(s) [in 0 ms]
[2015.07.12-12.17.32:621][214]LogBlueprint:Warning: [compiler Actor_Blueprint] Warning [1647.20] Compile of Actor_Blueprint failed. 1 Fatal Issue(s) 3 Warning(s) [in 0 ms]
[2015.07.12-12.17.32:631][214]LogBlueprint:Warning: [compiler Actor_Blueprint] Warning [1647.21] Compile of Actor_Blueprint failed. 1 Fatal Issue(s) 4 Warning(s) [in 10 ms]
[2015.07.12-12.17.32:631][214]LogBlueprint:Warning: [compiler Actor_Blueprint] Warning [1647.21] Compile of Actor_Blueprint failed. 1 Fatal Issue(s) 5 Warning(s) [in 0 ms]
[2015.07.12-12.17.32:663][214]LogParticles: Destroying 0 GPU particle simulations for FXSystem 0x000000001F5F7CE0
[2015.07.12-12.17.32:663][214]LogPlayLevel: PIE:  Blueprint regeneration took 153 ms (1 blueprints)
[2015.07.12-12.17.33:925][214]BlueprintLog: Info Blueprint Actor_Blueprint failed to compile
[2015.07.12-12.17.33:925][214]PIE: New page: PIE session: FirstPersonExampleMap (Jul 12, 2015, 4:17:33 PM)
[2015.07.12-12.17.33:932][214]LogPlayLevel: Creating play world package: /Game/FirstPersonBP/Maps/UEDPIE_0_FirstPersonExampleMap
[2015.07.12-12.17.33:955][214]LogPlayLevel: PIE: StaticDuplicateObject took: (0.023361s)
[2015.07.12-12.17.33:956][214]LogAIModule: Creating AISystem for world FirstPersonExampleMap
[2015.07.12-12.17.33:957][214]LogPlayLevel: PIE: World Init took: (0.001674s)
[2015.07.12-12.17.33:957][214]LogPlayLevel: PIE: Created PIE world by copying editor world from /Game/FirstPersonBP/Maps/FirstPersonExampleMap.FirstPersonExampleMap to /Game/FirstPersonBP/Maps/UEDPIE_0_FirstPersonExampleMap.FirstPersonExampleMap (0.025393s)
[2015.07.12-12.17.34:012][214]LogInit: XAudio2 using 'Lautsprecher (Realtek High Definition Audio)' : 2 channels at 48 kHz using 32 bits per sample (channel mask 0x3)
[2015.07.12-12.17.34:022][214]LogInit: FAudioDevice initialized.
[2015.07.12-12.17.34:059][214]LogWorld: Game class is 'FirstPersonGameMode_C'
[2015.07.12-12.17.34:066][214]LogWorld: Bringing World /Game/FirstPersonBP/Maps/UEDPIE_0_FirstPersonExampleMap.FirstPersonExampleMap up for play (max tick rate 0) at 2015.07.12-14.17.34
[2015.07.12-12.17.34:066][214]LogActor:Warning: GameSession /Game/FirstPersonBP/Maps/UEDPIE_0_FirstPersonExampleMap.FirstPersonExampleMap:PersistentLevel.GameSession_4 has natively added scene component(s), but none of them were set as the actor's RootComponent - picking one arbitrarily
[2015.07.12-12.17.34:066][214]LogActor:Warning: GameNetworkManager /Game/FirstPersonBP/Maps/UEDPIE_0_FirstPersonExampleMap.FirstPersonExampleMap:PersistentLevel.GameNetworkManager_4 has natively added scene component(s), but none of them were set as the actor's RootComponent - picking one arbitrarily
[2015.07.12-12.17.34:067][214]LogWorld: Bringing up level for play took: 0.005538
[2015.07.12-12.17.34:068][214]PIE: Info Play in editor start time for /Game/FirstPersonBP/Maps/UEDPIE_0_FirstPersonExampleMap 2.114
[2015.07.12-12.17.45:661][485]LogParticles: Destroying 0 GPU particle simulations for FXSystem 0x000000001F4DFB00
[2015.07.12-12.21.12:123][950]LogParticles: Destroying 0 GPU particle simulations for FXSystem 0x0000000016E272E0
[2015.07.12-12.21.12:124][950]LogParticles: Destroying 0 GPU particle simulations for FXSystem 0x000000001F3B9260
[2015.07.12-12.21.12:138][950]LogParticles: Destroying 0 GPU particle simulations for FXSystem 0x0000000010BD7EC0
[2015.07.12-12.21.12:344][950]LogSavePackage: Save=93.102554ms
[2015.07.12-12.21.12:344][950]LogSavePackage: Moving '../../../../../../Users/Viktor.Pekar/Documents/12-07-2015/UnrealProject/Saved/FirstPersonExampleMap7ADAEE0A4182E0EBEC39BBBD09948FA6.tmp' to '../../../../../../Users/Viktor.Pekar/Documents/12-07-2015/UnrealProject/Content/FirstPersonBP/Maps/FirstPersonExampleMap.umap'
[2015.07.12-12.21.12:371][950]LogFileHelpers: Saving map 'FirstPersonExampleMap' took 0.219
[2015.07.12-12.21.12:390][950]Cmd: OBJ SAVEPACKAGE PACKAGE="/Game/Actor_Blueprint" FILE="../../../../../../Users/Viktor.Pekar/Documents/12-07-2015/UnrealProject/Content/Actor_Blueprint.uasset" SILENT=true
[2015.07.12-12.21.12:436][950]LogSavePackage: Save=38.135666ms
[2015.07.12-12.21.12:436][950]LogSavePackage: Moving '../../../../../../Users/Viktor.Pekar/Documents/12-07-2015/UnrealProject/Saved/Actor_BlueprintE6B03EFF40B66092D23363B1E609444F.tmp' to '../../../../../../Users/Viktor.Pekar/Documents/12-07-2015/UnrealProject/Content/Actor_Blueprint.uasset'
[2015.07.12-12.21.15:573][136]BlueprintLog: New page: Pre-PIE auto-recompile
[2015.07.12-12.21.15:591][136]LogPlayLevel: [PIE] Compiling Actor_Blueprint before PIE...
[2015.07.12-12.21.15:609][136]LogBlueprint:Error: [compiler Actor_Blueprint] Error This blueprint (self) is not a PlayerController, therefore ' Target ' must have a connection.
[2015.07.12-12.21.15:695][136]LogBlueprint:Warning: [compiler Actor_Blueprint] Warning [1870.27] Compile of Actor_Blueprint failed. 1 Fatal Issue(s) 0 Warning(s) [in 99 ms]
[2015.07.12-12.21.15:696][136]LogBlueprint:Warning: [compiler Actor_Blueprint] Warning [1870.27] Compile of Actor_Blueprint failed. 1 Fatal Issue(s) 1 Warning(s) [in 0 ms]
[2015.07.12-12.21.15:696][136]LogBlueprint:Warning: [compiler Actor_Blueprint] Warning [1870.27] Compile of Actor_Blueprint failed. 1 Fatal Issue(s) 2 Warning(s) [in 0 ms]
[2015.07.12-12.21.15:696][136]LogBlueprint:Warning: [compiler Actor_Blueprint] Warning [1870.27] Compile of Actor_Blueprint failed. 1 Fatal Issue(s) 3 Warning(s) [in 0 ms]
[2015.07.12-12.21.15:707][136]LogBlueprint:Warning: [compiler Actor_Blueprint] Warning [1870.28] Compile of Actor_Blueprint failed. 1 Fatal Issue(s) 4 Warning(s) [in 11 ms]
[2015.07.12-12.21.15:708][136]LogBlueprint:Warning: [compiler Actor_Blueprint] Warning [1870.28] Compile of Actor_Blueprint failed. 1 Fatal Issue(s) 5 Warning(s) [in 0 ms]
[2015.07.12-12.21.15:741][136]LogPlayLevel: PIE:  Blueprint regeneration took 168 ms (1 blueprints)
[2015.07.12-12.21.17:321][136]BlueprintLog: Info Blueprint Actor_Blueprint failed to compile
[2015.07.12-12.21.17:321][136]PIE: New page: PIE session: FirstPersonExampleMap (Jul 12, 2015, 4:21:17 PM)
[2015.07.12-12.21.17:331][136]LogPlayLevel: Creating play world package: /Game/FirstPersonBP/Maps/UEDPIE_0_FirstPersonExampleMap
[2015.07.12-12.21.17:354][136]LogPlayLevel: PIE: StaticDuplicateObject took: (0.022481s)
[2015.07.12-12.21.17:355][136]LogAIModule: Creating AISystem for world FirstPersonExampleMap
[2015.07.12-12.21.17:355][136]LogPlayLevel: PIE: World Init took: (0.001575s)
[2015.07.12-12.21.17:356][136]LogPlayLevel: PIE: Created PIE world by copying editor world from /Game/FirstPersonBP/Maps/FirstPersonExampleMap.FirstPersonExampleMap to /Game/FirstPersonBP/Maps/UEDPIE_0_FirstPersonExampleMap.FirstPersonExampleMap (0.024443s)
[2015.07.12-12.21.17:407][136]LogInit: XAudio2 using 'Lautsprecher (Realtek High Definition Audio)' : 2 channels at 48 kHz using 32 bits per sample (channel mask 0x3)
[2015.07.12-12.21.17:417][136]LogInit: FAudioDevice initialized.
[2015.07.12-12.21.17:448][136]LogWorld: Game class is 'FirstPersonGameMode_C'
[2015.07.12-12.21.17:455][136]LogWorld: Bringing World /Game/FirstPersonBP/Maps/UEDPIE_0_FirstPersonExampleMap.FirstPersonExampleMap up for play (max tick rate 0) at 2015.07.12-14.21.17
[2015.07.12-12.21.17:455][136]LogActor:Warning: GameSession /Game/FirstPersonBP/Maps/UEDPIE_0_FirstPersonExampleMap.FirstPersonExampleMap:PersistentLevel.GameSession_5 has natively added scene component(s), but none of them were set as the actor's RootComponent - picking one arbitrarily
[2015.07.12-12.21.17:455][136]LogActor:Warning: GameNetworkManager /Game/FirstPersonBP/Maps/UEDPIE_0_FirstPersonExampleMap.FirstPersonExampleMap:PersistentLevel.GameNetworkManager_5 has natively added scene component(s), but none of them were set as the actor's RootComponent - picking one arbitrarily
[2015.07.12-12.21.17:456][136]LogWorld: Bringing up level for play took: 0.005268
[2015.07.12-12.21.17:457][136]PIE: Info Play in editor start time for /Game/FirstPersonBP/Maps/UEDPIE_0_FirstPersonExampleMap 1.498
[2015.07.12-12.21.31:455][ 47]LogParticles: Destroying 0 GPU particle simulations for FXSystem 0x0000000016166520
[2015.07.12-12.22.05:678][990]LogEditorTransaction: Undo Modify Component(s)
[2015.07.12-12.22.18:678][717]BlueprintLog: New page: Pre-PIE auto-recompile
[2015.07.12-12.22.18:697][717]LogPlayLevel: [PIE] Compiling Actor_Blueprint before PIE...
[2015.07.12-12.22.18:715][717]LogBlueprint:Error: [compiler Actor_Blueprint] Error This blueprint (self) is not a PlayerController, therefore ' Target ' must have a connection.
[2015.07.12-12.22.18:804][717]LogBlueprint:Warning: [compiler Actor_Blueprint] Warning [1933.38] Compile of Actor_Blueprint failed. 1 Fatal Issue(s) 0 Warning(s) [in 101 ms]
[2015.07.12-12.22.18:804][717]LogBlueprint:Warning: [compiler Actor_Blueprint] Warning [1933.38] Compile of Actor_Blueprint failed. 1 Fatal Issue(s) 1 Warning(s) [in 0 ms]
[2015.07.12-12.22.18:804][717]LogBlueprint:Warning: [compiler Actor_Blueprint] Warning [1933.38] Compile of Actor_Blueprint failed. 1 Fatal Issue(s) 2 Warning(s) [in 0 ms]
[2015.07.12-12.22.18:804][717]LogBlueprint:Warning: [compiler Actor_Blueprint] Warning [1933.38] Compile of Actor_Blueprint failed. 1 Fatal Issue(s) 3 Warning(s) [in 0 ms]
[2015.07.12-12.22.18:816][717]LogBlueprint:Warning: [compiler Actor_Blueprint] Warning [1933.39] Compile of Actor_Blueprint failed. 1 Fatal Issue(s) 4 Warning(s) [in 11 ms]
[2015.07.12-12.22.18:816][717]LogBlueprint:Warning: [compiler Actor_Blueprint] Warning [1933.39] Compile of Actor_Blueprint failed. 1 Fatal Issue(s) 5 Warning(s) [in 0 ms]
[2015.07.12-12.22.18:852][717]LogPlayLevel: PIE:  Blueprint regeneration took 173 ms (1 blueprints)
[2015.07.12-12.22.21:153][717]BlueprintLog: Info Blueprint Actor_Blueprint failed to compile
[2015.07.12-12.25.38:014][ 38]LogSavePackage: Save=92.798347ms
[2015.07.12-12.25.38:014][ 38]LogSavePackage: Moving '../../../../../../Users/Viktor.Pekar/Documents/12-07-2015/UnrealProject/Saved/FirstPersonExampleMap59E1A81A4707B7E1FB8090B7FCD2B138.tmp' to '../../../../../../Users/Viktor.Pekar/Documents/12-07-2015/UnrealProject/Content/FirstPersonBP/Maps/FirstPersonExampleMap.umap'
[2015.07.12-12.25.38:037][ 38]LogFileHelpers: Saving map 'FirstPersonExampleMap' took 0.237
[2015.07.12-12.25.38:057][ 38]Cmd: OBJ SAVEPACKAGE PACKAGE="/Game/Actor_Blueprint" FILE="../../../../../../Users/Viktor.Pekar/Documents/12-07-2015/UnrealProject/Content/Actor_Blueprint.uasset" SILENT=true
[2015.07.12-12.25.38:100][ 38]LogSavePackage: Save=38.893929ms
[2015.07.12-12.25.38:100][ 38]LogSavePackage: Moving '../../../../../../Users/Viktor.Pekar/Documents/12-07-2015/UnrealProject/Saved/Actor_BlueprintD5986C394E399DFEE956ECA8113C642A.tmp' to '../../../../../../Users/Viktor.Pekar/Documents/12-07-2015/UnrealProject/Content/Actor_Blueprint.uasset'
[2015.07.12-12.25.41:348][230]BlueprintLog: New page: Pre-PIE auto-recompile
[2015.07.12-12.25.41:368][230]LogPlayLevel: [PIE] Compiling Actor_Blueprint before PIE...
[2015.07.12-12.25.41:479][230]LogPlayLevel: PIE:  Blueprint regeneration took 131 ms (1 blueprints)
[2015.07.12-12.25.41:479][230]PIE: New page: PIE session: FirstPersonExampleMap (Jul 12, 2015, 4:25:41 PM)
[2015.07.12-12.25.41:479][230]LogPlayLevel: Creating play world package: /Game/FirstPersonBP/Maps/UEDPIE_0_FirstPersonExampleMap
[2015.07.12-12.25.41:502][230]LogPlayLevel: PIE: StaticDuplicateObject took: (0.022428s)
[2015.07.12-12.25.41:503][230]LogAIModule: Creating AISystem for world FirstPersonExampleMap
[2015.07.12-12.25.41:503][230]LogPlayLevel: PIE: World Init took: (0.001521s)
[2015.07.12-12.25.41:504][230]LogPlayLevel: PIE: Created PIE world by copying editor world from /Game/FirstPersonBP/Maps/FirstPersonExampleMap.FirstPersonExampleMap to /Game/FirstPersonBP/Maps/UEDPIE_0_FirstPersonExampleMap.FirstPersonExampleMap (0.024332s)
[2015.07.12-12.25.41:557][230]LogInit: XAudio2 using 'Lautsprecher (Realtek High Definition Audio)' : 2 channels at 48 kHz using 32 bits per sample (channel mask 0x3)
[2015.07.12-12.25.41:566][230]LogInit: FAudioDevice initialized.
[2015.07.12-12.25.41:600][230]LogWorld: Game class is 'FirstPersonGameMode_C'
[2015.07.12-12.25.41:607][230]LogWorld: Bringing World /Game/FirstPersonBP/Maps/UEDPIE_0_FirstPersonExampleMap.FirstPersonExampleMap up for play (max tick rate 0) at 2015.07.12-14.25.41
[2015.07.12-12.25.41:607][230]LogActor:Warning: GameSession /Game/FirstPersonBP/Maps/UEDPIE_0_FirstPersonExampleMap.FirstPersonExampleMap:PersistentLevel.GameSession_6 has natively added scene component(s), but none of them were set as the actor's RootComponent - picking one arbitrarily
[2015.07.12-12.25.41:608][230]LogActor:Warning: GameNetworkManager /Game/FirstPersonBP/Maps/UEDPIE_0_FirstPersonExampleMap.FirstPersonExampleMap:PersistentLevel.GameNetworkManager_6 has natively added scene component(s), but none of them were set as the actor's RootComponent - picking one arbitrarily
[2015.07.12-12.25.41:608][230]LogWorld: Bringing up level for play took: 0.005524
[2015.07.12-12.25.41:613][230]PIE: Info Play in editor start time for /Game/FirstPersonBP/Maps/UEDPIE_0_FirstPersonExampleMap -0.353
[2015.07.12-12.25.47:354][603]LogBlueprintUserMessages:Warning: SetTimer passed a bad function (None) or object (Enemy)
[2015.07.12-12.25.49:558][752]LogParticles: Destroying 0 GPU particle simulations for FXSystem 0x0000000034747600
[2015.07.12-12.25.52:848][941]LogPlayLevel: PIE:  No blueprints needed recompiling
[2015.07.12-12.25.52:849][941]PIE: New page: PIE session: FirstPersonExampleMap (Jul 12, 2015, 4:25:52 PM)
[2015.07.12-12.25.52:853][941]LogPlayLevel: Creating play world package: /Game/FirstPersonBP/Maps/UEDPIE_0_FirstPersonExampleMap
[2015.07.12-12.25.52:876][941]LogPlayLevel: PIE: StaticDuplicateObject took: (0.022663s)
[2015.07.12-12.25.52:876][941]LogAIModule: Creating AISystem for world FirstPersonExampleMap
[2015.07.12-12.25.52:877][941]LogPlayLevel: PIE: World Init took: (0.001324s)
[2015.07.12-12.25.52:877][941]LogPlayLevel: PIE: Created PIE world by copying editor world from /Game/FirstPersonBP/Maps/FirstPersonExampleMap.FirstPersonExampleMap to /Game/FirstPersonBP/Maps/UEDPIE_0_FirstPersonExampleMap.FirstPersonExampleMap (0.024302s)
[2015.07.12-12.25.52:930][941]LogInit: XAudio2 using 'Lautsprecher (Realtek High Definition Audio)' : 2 channels at 48 kHz using 32 bits per sample (channel mask 0x3)
[2015.07.12-12.25.52:939][941]LogInit: FAudioDevice initialized.
[2015.07.12-12.25.52:974][941]LogWorld: Game class is 'FirstPersonGameMode_C'
[2015.07.12-12.25.52:981][941]LogWorld: Bringing World /Game/FirstPersonBP/Maps/UEDPIE_0_FirstPersonExampleMap.FirstPersonExampleMap up for play (max tick rate 0) at 2015.07.12-14.25.52
[2015.07.12-12.25.52:981][941]LogActor:Warning: GameSession /Game/FirstPersonBP/Maps/UEDPIE_0_FirstPersonExampleMap.FirstPersonExampleMap:PersistentLevel.GameSession_7 has natively added scene component(s), but none of them were set as the actor's RootComponent - picking one arbitrarily
[2015.07.12-12.25.52:982][941]LogActor:Warning: GameNetworkManager /Game/FirstPersonBP/Maps/UEDPIE_0_FirstPersonExampleMap.FirstPersonExampleMap:PersistentLevel.GameNetworkManager_7 has natively added scene component(s), but none of them were set as the actor's RootComponent - picking one arbitrarily
[2015.07.12-12.25.52:982][941]LogWorld: Bringing up level for play took: 0.005376
[2015.07.12-12.25.52:984][941]PIE: Info Play in editor start time for /Game/FirstPersonBP/Maps/UEDPIE_0_FirstPersonExampleMap 1.017
[2015.07.12-12.25.58:840][337]LogBlueprintUserMessages:Warning: SetTimer passed a bad function (None) or object (Enemy)
[2015.07.12-12.26.03:836][682]LogParticles: Destroying 0 GPU particle simulations for FXSystem 0x00000000347460C0
[2015.07.12-12.26.14:730][246]LogPlayLevel: PIE:  No blueprints needed recompiling
[2015.07.12-12.26.14:730][246]PIE: New page: PIE session: FirstPersonExampleMap (Jul 12, 2015, 4:26:14 PM)
[2015.07.12-12.26.14:736][246]LogPlayLevel: Creating play world package: /Game/FirstPersonBP/Maps/UEDPIE_0_FirstPersonExampleMap
[2015.07.12-12.26.14:758][246]LogPlayLevel: PIE: StaticDuplicateObject took: (0.021508s)
[2015.07.12-12.26.14:758][246]LogAIModule: Creating AISystem for world FirstPersonExampleMap
[2015.07.12-12.26.14:759][246]LogPlayLevel: PIE: World Init took: (0.001297s)
[2015.07.12-12.26.14:759][246]LogPlayLevel: PIE: Created PIE world by copying editor world from /Game/FirstPersonBP/Maps/FirstPersonExampleMap.FirstPersonExampleMap to /Game/FirstPersonBP/Maps/UEDPIE_0_FirstPersonExampleMap.FirstPersonExampleMap (0.023104s)
[2015.07.12-12.26.14:815][246]LogInit: XAudio2 using 'Lautsprecher (Realtek High Definition Audio)' : 2 channels at 48 kHz using 32 bits per sample (channel mask 0x3)
[2015.07.12-12.26.14:825][246]LogInit: FAudioDevice initialized.
[2015.07.12-12.26.14:863][246]LogWorld: Game class is 'FirstPersonGameMode_C'
[2015.07.12-12.26.14:869][246]LogWorld: Bringing World /Game/FirstPersonBP/Maps/UEDPIE_0_FirstPersonExampleMap.FirstPersonExampleMap up for play (max tick rate 0) at 2015.07.12-14.26.14
[2015.07.12-12.26.14:869][246]LogActor:Warning: GameSession /Game/FirstPersonBP/Maps/UEDPIE_0_FirstPersonExampleMap.FirstPersonExampleMap:PersistentLevel.GameSession_8 has natively added scene component(s), but none of them were set as the actor's RootComponent - picking one arbitrarily
[2015.07.12-12.26.14:870][246]LogActor:Warning: GameNetworkManager /Game/FirstPersonBP/Maps/UEDPIE_0_FirstPersonExampleMap.FirstPersonExampleMap:PersistentLevel.GameNetworkManager_8 has natively added scene component(s), but none of them were set as the actor's RootComponent - picking one arbitrarily
[2015.07.12-12.26.14:870][246]LogWorld: Bringing up level for play took: 0.005312
[2015.07.12-12.26.14:872][246]PIE: Info Play in editor start time for /Game/FirstPersonBP/Maps/UEDPIE_0_FirstPersonExampleMap 0.905
[2015.07.12-12.26.20:722][786]LogBlueprintUserMessages:Warning: SetTimer passed a bad function (None) or object (Enemy)
[2015.07.12-12.26.20:849][789]LogParticles: Destroying 0 GPU particle simulations for FXSystem 0x00000000360E3100
[2015.07.12-12.26.24:908][114]LogEditorViewport: Clicking on Actor (LMB): StaticMeshActor (BigWall)
[2015.07.12-12.26.25:596][165]LogEditorViewport: Clicking on Actor (LMB): CameraActor (CameraActor)
[2015.07.12-12.26.27:716][329]LogPlayLevel: PIE:  No blueprints needed recompiling
[2015.07.12-12.26.27:716][329]PIE: New page: PIE session: FirstPersonExampleMap (Jul 12, 2015, 4:26:27 PM)
[2015.07.12-12.26.27:723][329]LogPlayLevel: Creating play world package: /Game/FirstPersonBP/Maps/UEDPIE_0_FirstPersonExampleMap
[2015.07.12-12.26.27:745][329]LogPlayLevel: PIE: StaticDuplicateObject took: (0.022012s)
[2015.07.12-12.26.27:746][329]LogAIModule: Creating AISystem for world FirstPersonExampleMap
[2015.07.12-12.26.27:746][329]LogPlayLevel: PIE: World Init took: (0.001417s)
[2015.07.12-12.26.27:746][329]LogPlayLevel: PIE: Created PIE world by copying editor world from /Game/FirstPersonBP/Maps/FirstPersonExampleMap.FirstPersonExampleMap to /Game/FirstPersonBP/Maps/UEDPIE_0_FirstPersonExampleMap.FirstPersonExampleMap (0.023718s)
[2015.07.12-12.26.27:798][329]LogInit: XAudio2 using 'Lautsprecher (Realtek High Definition Audio)' : 2 channels at 48 kHz using 32 bits per sample (channel mask 0x3)
[2015.07.12-12.26.27:807][329]LogInit: FAudioDevice initialized.
[2015.07.12-12.26.27:839][329]LogWorld: Game class is 'FirstPersonGameMode_C'
[2015.07.12-12.26.27:845][329]LogWorld: Bringing World /Game/FirstPersonBP/Maps/UEDPIE_0_FirstPersonExampleMap.FirstPersonExampleMap up for play (max tick rate 0) at 2015.07.12-14.26.27
[2015.07.12-12.26.27:845][329]LogActor:Warning: GameSession /Game/FirstPersonBP/Maps/UEDPIE_0_FirstPersonExampleMap.FirstPersonExampleMap:PersistentLevel.GameSession_9 has natively added scene component(s), but none of them were set as the actor's RootComponent - picking one arbitrarily
[2015.07.12-12.26.27:846][329]LogActor:Warning: GameNetworkManager /Game/FirstPersonBP/Maps/UEDPIE_0_FirstPersonExampleMap.FirstPersonExampleMap:PersistentLevel.GameNetworkManager_9 has natively added scene component(s), but none of them were set as the actor's RootComponent - picking one arbitrarily
[2015.07.12-12.26.27:846][329]LogWorld: Bringing up level for play took: 0.005305
[2015.07.12-12.26.27:848][329]PIE: Info Play in editor start time for /Game/FirstPersonBP/Maps/UEDPIE_0_FirstPersonExampleMap -0.119
[2015.07.12-12.26.33:711][918]LogBlueprintUserMessages:Warning: SetTimer passed a bad function (None) or object (Enemy)
[2015.07.12-12.26.34:543][994]LogParticles: Destroying 0 GPU particle simulations for FXSystem 0x0000000010BD5A80
[2015.07.12-12.26.58:858][ 18]LogPlayLevel: PIE:  No blueprints needed recompiling
[2015.07.12-12.26.58:858][ 18]PIE: New page: PIE session: FirstPersonExampleMap (Jul 12, 2015, 4:26:58 PM)
[2015.07.12-12.26.58:865][ 18]LogPlayLevel: Creating play world package: /Game/FirstPersonBP/Maps/UEDPIE_0_FirstPersonExampleMap
[2015.07.12-12.26.58:887][ 18]LogPlayLevel: PIE: StaticDuplicateObject took: (0.022527s)
[2015.07.12-12.26.58:888][ 18]LogAIModule: Creating AISystem for world FirstPersonExampleMap
[2015.07.12-12.26.58:889][ 18]LogPlayLevel: PIE: World Init took: (0.001480s)
[2015.07.12-12.26.58:889][ 18]LogPlayLevel: PIE: Created PIE world by copying editor world from /Game/FirstPersonBP/Maps/FirstPersonExampleMap.FirstPersonExampleMap to /Game/FirstPersonBP/Maps/UEDPIE_0_FirstPersonExampleMap.FirstPersonExampleMap (0.024297s)
[2015.07.12-12.26.58:942][ 18]LogInit: XAudio2 using 'Lautsprecher (Realtek High Definition Audio)' : 2 channels at 48 kHz using 32 bits per sample (channel mask 0x3)
[2015.07.12-12.26.58:950][ 18]LogInit: FAudioDevice initialized.
[2015.07.12-12.26.58:984][ 18]LogWorld: Game class is 'FirstPersonGameMode_C'
[2015.07.12-12.26.58:991][ 18]LogWorld: Bringing World /Game/FirstPersonBP/Maps/UEDPIE_0_FirstPersonExampleMap.FirstPersonExampleMap up for play (max tick rate 0) at 2015.07.12-14.26.58
[2015.07.12-12.26.58:991][ 18]LogActor:Warning: GameSession /Game/FirstPersonBP/Maps/UEDPIE_0_FirstPersonExampleMap.FirstPersonExampleMap:PersistentLevel.GameSession_10 has natively added scene component(s), but none of them were set as the actor's RootComponent - picking one arbitrarily
[2015.07.12-12.26.58:991][ 18]LogActor:Warning: GameNetworkManager /Game/FirstPersonBP/Maps/UEDPIE_0_FirstPersonExampleMap.FirstPersonExampleMap:PersistentLevel.GameNetworkManager_10 has natively added scene component(s), but none of them were set as the actor's RootComponent - picking one arbitrarily
[2015.07.12-12.26.58:992][ 18]LogWorld: Bringing up level for play took: 0.005511
[2015.07.12-12.26.58:993][ 18]PIE: Info Play in editor start time for /Game/FirstPersonBP/Maps/UEDPIE_0_FirstPersonExampleMap 1.025
[2015.07.12-12.27.04:850][595]LogBlueprintUserMessages:Warning: SetTimer passed a bad function (None) or object (Enemy)
[2015.07.12-12.27.09:882][101]LogParticles: Destroying 0 GPU particle simulations for FXSystem 0x0000000010BD4B80
[2015.07.12-12.30.26:564][297]LogSavePackage: Save=91.913643ms
[2015.07.12-12.30.26:564][297]LogSavePackage: Moving '../../../../../../Users/Viktor.Pekar/Documents/12-07-2015/UnrealProject/Saved/FirstPersonExampleMapCA62DF374D87742E9E001BA3C8CBCCB1.tmp' to '../../../../../../Users/Viktor.Pekar/Documents/12-07-2015/UnrealProject/Content/FirstPersonBP/Maps/FirstPersonExampleMap.umap'
[2015.07.12-12.30.26:588][297]LogFileHelpers: Saving map 'FirstPersonExampleMap' took 0.210
[2015.07.12-12.30.26:607][297]Cmd: OBJ SAVEPACKAGE PACKAGE="/Game/Actor_Blueprint" FILE="../../../../../../Users/Viktor.Pekar/Documents/12-07-2015/UnrealProject/Content/Actor_Blueprint.uasset" SILENT=true
[2015.07.12-12.30.26:655][297]LogSavePackage: Save=40.448227ms
[2015.07.12-12.30.26:655][297]LogSavePackage: Moving '../../../../../../Users/Viktor.Pekar/Documents/12-07-2015/UnrealProject/Saved/Actor_BlueprintA6E2B1A541A6FB91482A9E89913871CD.tmp' to '../../../../../../Users/Viktor.Pekar/Documents/12-07-2015/UnrealProject/Content/Actor_Blueprint.uasset'
[2015.07.12-12.30.50:117][749]BlueprintLog: New page: Pre-PIE auto-recompile
[2015.07.12-12.30.50:138][749]LogPlayLevel: [PIE] Compiling Actor_Blueprint before PIE...
[2015.07.12-12.30.50:241][749]LogPlayLevel: PIE:  Blueprint regeneration took 124 ms (1 blueprints)
[2015.07.12-12.30.50:241][749]PIE: New page: PIE session: FirstPersonExampleMap (Jul 12, 2015, 4:30:50 PM)
[2015.07.12-12.30.50:242][749]LogPlayLevel: Creating play world package: /Game/FirstPersonBP/Maps/UEDPIE_0_FirstPersonExampleMap
[2015.07.12-12.30.50:265][749]LogPlayLevel: PIE: StaticDuplicateObject took: (0.022877s)
[2015.07.12-12.30.50:265][749]LogAIModule: Creating AISystem for world FirstPersonExampleMap
[2015.07.12-12.30.50:266][749]LogPlayLevel: PIE: World Init took: (0.001381s)
[2015.07.12-12.30.50:266][749]LogPlayLevel: PIE: Created PIE world by copying editor world from /Game/FirstPersonBP/Maps/FirstPersonExampleMap.FirstPersonExampleMap to /Game/FirstPersonBP/Maps/UEDPIE_0_FirstPersonExampleMap.FirstPersonExampleMap (0.024559s)
[2015.07.12-12.30.50:323][749]LogInit: XAudio2 using 'Lautsprecher (Realtek High Definition Audio)' : 2 channels at 48 kHz using 32 bits per sample (channel mask 0x3)
[2015.07.12-12.30.50:334][749]LogInit: FAudioDevice initialized.
[2015.07.12-12.30.50:370][749]LogWorld: Game class is 'FirstPersonGameMode_C'
[2015.07.12-12.30.50:376][749]LogWorld: Bringing World /Game/FirstPersonBP/Maps/UEDPIE_0_FirstPersonExampleMap.FirstPersonExampleMap up for play (max tick rate 0) at 2015.07.12-14.30.50
[2015.07.12-12.30.50:376][749]LogActor:Warning: GameSession /Game/FirstPersonBP/Maps/UEDPIE_0_FirstPersonExampleMap.FirstPersonExampleMap:PersistentLevel.GameSession_11 has natively added scene component(s), but none of them were set as the actor's RootComponent - picking one arbitrarily
[2015.07.12-12.30.50:377][749]LogActor:Warning: GameNetworkManager /Game/FirstPersonBP/Maps/UEDPIE_0_FirstPersonExampleMap.FirstPersonExampleMap:PersistentLevel.GameNetworkManager_11 has natively added scene component(s), but none of them were set as the actor's RootComponent - picking one arbitrarily
[2015.07.12-12.30.50:377][749]LogWorld: Bringing up level for play took: 0.005364
[2015.07.12-12.30.50:379][749]PIE: Info Play in editor start time for /Game/FirstPersonBP/Maps/UEDPIE_0_FirstPersonExampleMap 0.405
[2015.07.12-12.30.54:843][220]LogParticles: Destroying 0 GPU particle simulations for FXSystem 0x0000000034FED760
[2015.07.12-12.31.01:245][747]LogPlayLevel: PIE:  No blueprints needed recompiling
[2015.07.12-12.31.01:245][747]PIE: New page: PIE session: FirstPersonExampleMap (Jul 12, 2015, 4:31:01 PM)
[2015.07.12-12.31.01:251][747]LogPlayLevel: Creating play world package: /Game/FirstPersonBP/Maps/UEDPIE_0_FirstPersonExampleMap
[2015.07.12-12.31.01:277][747]LogPlayLevel: PIE: StaticDuplicateObject took: (0.025832s)
[2015.07.12-12.31.01:278][747]LogAIModule: Creating AISystem for world FirstPersonExampleMap
[2015.07.12-12.31.01:278][747]LogPlayLevel: PIE: World Init took: (0.001384s)
[2015.07.12-12.31.01:279][747]LogPlayLevel: PIE: Created PIE world by copying editor world from /Game/FirstPersonBP/Maps/FirstPersonExampleMap.FirstPersonExampleMap to /Game/FirstPersonBP/Maps/UEDPIE_0_FirstPersonExampleMap.FirstPersonExampleMap (0.027575s)
[2015.07.12-12.31.01:332][747]LogInit: XAudio2 using 'Lautsprecher (Realtek High Definition Audio)' : 2 channels at 48 kHz using 32 bits per sample (channel mask 0x3)
[2015.07.12-12.31.01:341][747]LogInit: FAudioDevice initialized.
[2015.07.12-12.31.01:372][747]LogWorld: Game class is 'FirstPersonGameMode_C'
[2015.07.12-12.31.01:379][747]LogWorld: Bringing World /Game/FirstPersonBP/Maps/UEDPIE_0_FirstPersonExampleMap.FirstPersonExampleMap up for play (max tick rate 0) at 2015.07.12-14.31.01
[2015.07.12-12.31.01:379][747]LogActor:Warning: GameSession /Game/FirstPersonBP/Maps/UEDPIE_0_FirstPersonExampleMap.FirstPersonExampleMap:PersistentLevel.GameSession_12 has natively added scene component(s), but none of them were set as the actor's RootComponent - picking one arbitrarily
[2015.07.12-12.31.01:379][747]LogActor:Warning: GameNetworkManager /Game/FirstPersonBP/Maps/UEDPIE_0_FirstPersonExampleMap.FirstPersonExampleMap:PersistentLevel.GameNetworkManager_12 has natively added scene component(s), but none of them were set as the actor's RootComponent - picking one arbitrarily
[2015.07.12-12.31.01:380][747]LogWorld: Bringing up level for play took: 0.005376
[2015.07.12-12.31.01:381][747]PIE: Info Play in editor start time for /Game/FirstPersonBP/Maps/UEDPIE_0_FirstPersonExampleMap -0.593
[2015.07.12-12.31.07:236][365]LogBlueprintUserMessages:Warning: SetTimer passed a bad function (None) or object (Enemy)
[2015.07.12-12.31.11:098][778]LogParticles: Destroying 0 GPU particle simulations for FXSystem 0x0000000034FEFEC0
[2015.07.12-12.31.16:207][129]LogPlayLevel: PIE:  No blueprints needed recompiling
[2015.07.12-12.31.16:207][129]PIE: New page: PIE session: FirstPersonExampleMap (Jul 12, 2015, 4:31:16 PM)
[2015.07.12-12.31.16:213][129]LogPlayLevel: Creating play world package: /Game/FirstPersonBP/Maps/UEDPIE_0_FirstPersonExampleMap
[2015.07.12-12.31.16:240][129]LogPlayLevel: PIE: StaticDuplicateObject took: (0.026122s)
[2015.07.12-12.31.16:240][129]LogAIModule: Creating AISystem for world FirstPersonExampleMap
[2015.07.12-12.31.16:241][129]LogPlayLevel: PIE: World Init took: (0.001455s)
[2015.07.12-12.31.16:241][129]LogPlayLevel: PIE: Created PIE world by copying editor world from /Game/FirstPersonBP/Maps/FirstPersonExampleMap.FirstPersonExampleMap to /Game/FirstPersonBP/Maps/UEDPIE_0_FirstPersonExampleMap.FirstPersonExampleMap (0.027931s)
[2015.07.12-12.31.16:294][129]LogInit: XAudio2 using 'Lautsprecher (Realtek High Definition Audio)' : 2 channels at 48 kHz using 32 bits per sample (channel mask 0x3)
[2015.07.12-12.31.16:302][129]LogInit: FAudioDevice initialized.
[2015.07.12-12.31.16:339][129]LogWorld: Game class is 'FirstPersonGameMode_C'
[2015.07.12-12.31.16:345][129]LogWorld: Bringing World /Game/FirstPersonBP/Maps/UEDPIE_0_FirstPersonExampleMap.FirstPersonExampleMap up for play (max tick rate 0) at 2015.07.12-14.31.16
[2015.07.12-12.31.16:345][129]LogActor:Warning: GameSession /Game/FirstPersonBP/Maps/UEDPIE_0_FirstPersonExampleMap.FirstPersonExampleMap:PersistentLevel.GameSession_13 has natively added scene component(s), but none of them were set as the actor's RootComponent - picking one arbitrarily
[2015.07.12-12.31.16:346][129]LogActor:Warning: GameNetworkManager /Game/FirstPersonBP/Maps/UEDPIE_0_FirstPersonExampleMap.FirstPersonExampleMap:PersistentLevel.GameNetworkManager_13 has natively added scene component(s), but none of them were set as the actor's RootComponent - picking one arbitrarily
[2015.07.12-12.31.16:346][129]LogWorld: Bringing up level for play took: 0.005387
[2015.07.12-12.31.16:348][129]PIE: Info Play in editor start time for /Game/FirstPersonBP/Maps/UEDPIE_0_FirstPersonExampleMap 0.372
[2015.07.12-12.31.22:285][485]LogBlueprintUserMessages:Warning: SetTimer passed a bad function (None) or object (Enemy)
[2015.07.12-12.31.28:293][861]LogBlueprintUserMessages:Warning: SetTimer passed a bad function (None) or object (Enemy)
[2015.07.12-12.31.34:292][331]LogBlueprintUserMessages:Warning: SetTimer passed a bad function (None) or object (Enemy)
[2015.07.12-12.31.40:293][798]LogBlueprintUserMessages:Warning: SetTimer passed a bad function (None) or object (Enemy)
[2015.07.12-12.31.44:985][143]LogParticles: Destroying 0 GPU particle simulations for FXSystem 0x000000001353C4A0
[2015.07.12-12.32.24:541][504]LogSavePackage: Save=93.434685ms
[2015.07.12-12.32.24:541][504]LogSavePackage: Moving '../../../../../../Users/Viktor.Pekar/Documents/12-07-2015/UnrealProject/Saved/FirstPersonExampleMap9F42BFD640165B42B88BB5A59110D23D.tmp' to '../../../../../../Users/Viktor.Pekar/Documents/12-07-2015/UnrealProject/Content/FirstPersonBP/Maps/FirstPersonExampleMap.umap'
[2015.07.12-12.32.24:581][504]LogFileHelpers: Saving map 'FirstPersonExampleMap' took 0.218
[2015.07.12-12.32.24:600][504]Cmd: OBJ SAVEPACKAGE PACKAGE="/Game/Actor_Blueprint" FILE="../../../../../../Users/Viktor.Pekar/Documents/12-07-2015/UnrealProject/Content/Actor_Blueprint.uasset" SILENT=true
[2015.07.12-12.32.24:645][504]LogSavePackage: Save=40.759003ms
[2015.07.12-12.32.24:645][504]LogSavePackage: Moving '../../../../../../Users/Viktor.Pekar/Documents/12-07-2015/UnrealProject/Saved/Actor_Blueprint166C63DE4335DC700ADECFA5680CA72D.tmp' to '../../../../../../Users/Viktor.Pekar/Documents/12-07-2015/UnrealProject/Content/Actor_Blueprint.uasset'
[2015.07.12-12.32.29:138][772]BlueprintLog: New page: Pre-PIE auto-recompile
[2015.07.12-12.32.29:156][772]LogPlayLevel: [PIE] Compiling Actor_Blueprint before PIE...
[2015.07.12-12.32.29:260][772]LogPlayLevel: PIE:  Blueprint regeneration took 122 ms (1 blueprints)
[2015.07.12-12.32.29:260][772]PIE: New page: PIE session: FirstPersonExampleMap (Jul 12, 2015, 4:32:29 PM)
[2015.07.12-12.32.29:260][772]LogPlayLevel: Creating play world package: /Game/FirstPersonBP/Maps/UEDPIE_0_FirstPersonExampleMap
[2015.07.12-12.32.29:281][772]LogPlayLevel: PIE: StaticDuplicateObject took: (0.020303s)
[2015.07.12-12.32.29:282][772]LogAIModule: Creating AISystem for world FirstPersonExampleMap
[2015.07.12-12.32.29:282][772]LogPlayLevel: PIE: World Init took: (0.001494s)
[2015.07.12-12.32.29:283][772]LogPlayLevel: PIE: Created PIE world by copying editor world from /Game/FirstPersonBP/Maps/FirstPersonExampleMap.FirstPersonExampleMap to /Game/FirstPersonBP/Maps/UEDPIE_0_FirstPersonExampleMap.FirstPersonExampleMap (0.022072s)
[2015.07.12-12.32.29:336][772]LogInit: XAudio2 using 'Lautsprecher (Realtek High Definition Audio)' : 2 channels at 48 kHz using 32 bits per sample (channel mask 0x3)
[2015.07.12-12.32.29:345][772]LogInit: FAudioDevice initialized.
[2015.07.12-12.32.29:380][772]LogWorld: Game class is 'FirstPersonGameMode_C'
[2015.07.12-12.32.29:386][772]LogWorld: Bringing World /Game/FirstPersonBP/Maps/UEDPIE_0_FirstPersonExampleMap.FirstPersonExampleMap up for play (max tick rate 0) at 2015.07.12-14.32.29
[2015.07.12-12.32.29:386][772]LogActor:Warning: GameSession /Game/FirstPersonBP/Maps/UEDPIE_0_FirstPersonExampleMap.FirstPersonExampleMap:PersistentLevel.GameSession_14 has natively added scene component(s), but none of them were set as the actor's RootComponent - picking one arbitrarily
[2015.07.12-12.32.29:387][772]LogActor:Warning: GameNetworkManager /Game/FirstPersonBP/Maps/UEDPIE_0_FirstPersonExampleMap.FirstPersonExampleMap:PersistentLevel.GameNetworkManager_14 has natively added scene component(s), but none of them were set as the actor's RootComponent - picking one arbitrarily
[2015.07.12-12.32.29:387][772]LogWorld: Bringing up level for play took: 0.005302
[2015.07.12-12.32.29:389][772]PIE: Info Play in editor start time for /Game/FirstPersonBP/Maps/UEDPIE_0_FirstPersonExampleMap -0.588
[2015.07.12-12.32.35:219][170]LogBlueprintUserMessages:Warning: SetTimer passed a bad function (None) or object (Enemy)
[2015.07.12-12.32.41:221][630]LogBlueprintUserMessages:Warning: SetTimer passed a bad function (None) or object (Enemy)
[2015.07.12-12.32.47:218][ 87]LogBlueprintUserMessages:Warning: SetTimer passed a bad function (None) or object (Enemy)
[2015.07.12-12.32.47:645][108]LogParticles: Destroying 0 GPU particle simulations for FXSystem 0x0000000037ADA0C0
[2015.07.12-12.32.53:128][461]LogPlayLevel: PIE:  No blueprints needed recompiling
[2015.07.12-12.32.53:128][461]PIE: New page: PIE session: FirstPersonExampleMap (Jul 12, 2015, 4:32:53 PM)
[2015.07.12-12.32.53:128][461]LogPlayLevel: Creating play world package: /Game/FirstPersonBP/Maps/UEDPIE_0_FirstPersonExampleMap
[2015.07.12-12.32.53:150][461]LogPlayLevel: PIE: StaticDuplicateObject took: (0.021848s)
[2015.07.12-12.32.53:151][461]LogAIModule: Creating AISystem for world FirstPersonExampleMap
[2015.07.12-12.32.53:152][461]LogPlayLevel: PIE: World Init took: (0.001528s)
[2015.07.12-12.32.53:152][461]LogPlayLevel: PIE: Created PIE world by copying editor world from /Game/FirstPersonBP/Maps/FirstPersonExampleMap.FirstPersonExampleMap to /Game/FirstPersonBP/Maps/UEDPIE_0_FirstPersonExampleMap.FirstPersonExampleMap (0.023679s)
[2015.07.12-12.32.53:211][461]LogInit: XAudio2 using 'Lautsprecher (Realtek High Definition Audio)' : 2 channels at 48 kHz using 32 bits per sample (channel mask 0x3)
[2015.07.12-12.32.53:219][461]LogInit: FAudioDevice initialized.
[2015.07.12-12.32.53:252][461]LogWorld: Game class is 'FirstPersonGameMode_C'
[2015.07.12-12.32.53:258][461]LogWorld: Bringing World /Game/FirstPersonBP/Maps/UEDPIE_0_FirstPersonExampleMap.FirstPersonExampleMap up for play (max tick rate 0) at 2015.07.12-14.32.53
[2015.07.12-12.32.53:258][461]LogActor:Warning: GameSession /Game/FirstPersonBP/Maps/UEDPIE_0_FirstPersonExampleMap.FirstPersonExampleMap:PersistentLevel.GameSession_15 has natively added scene component(s), but none of them were set as the actor's RootComponent - picking one arbitrarily
[2015.07.12-12.32.53:259][461]LogActor:Warning: GameNetworkManager /Game/FirstPersonBP/Maps/UEDPIE_0_FirstPersonExampleMap.FirstPersonExampleMap:PersistentLevel.GameNetworkManager_15 has natively added scene component(s), but none of them were set as the actor's RootComponent - picking one arbitrarily
[2015.07.12-12.32.53:259][461]LogWorld: Bringing up level for play took: 0.005437
[2015.07.12-12.32.53:261][461]PIE: Info Play in editor start time for /Game/FirstPersonBP/Maps/UEDPIE_0_FirstPersonExampleMap -0.716
[2015.07.12-12.32.59:127][ 53]LogBlueprintUserMessages:Warning: SetTimer passed a bad function (None) or object (Enemy)
[2015.07.12-12.32.59:525][ 75]LogParticles: Destroying 0 GPU particle simulations for FXSystem 0x0000000037AD9B20
[2015.07.12-12.33.10:039][970]LogPlayLevel: PIE:  No blueprints needed recompiling
[2015.07.12-12.33.10:039][970]PIE: New page: PIE session: FirstPersonExampleMap (Jul 12, 2015, 4:33:10 PM)
[2015.07.12-12.33.10:039][970]LogPlayLevel: Creating play world package: /Game/FirstPersonBP/Maps/UEDPIE_0_FirstPersonExampleMap
[2015.07.12-12.33.10:060][970]LogPlayLevel: PIE: StaticDuplicateObject took: (0.020965s)
[2015.07.12-12.33.10:061][970]LogAIModule: Creating AISystem for world FirstPersonExampleMap
[2015.07.12-12.33.10:062][970]LogPlayLevel: PIE: World Init took: (0.001485s)
[2015.07.12-12.33.10:062][970]LogPlayLevel: PIE: Created PIE world by copying editor world from /Game/FirstPersonBP/Maps/FirstPersonExampleMap.FirstPersonExampleMap to /Game/FirstPersonBP/Maps/UEDPIE_0_FirstPersonExampleMap.FirstPersonExampleMap (0.022745s)
[2015.07.12-12.33.10:115][970]LogInit: XAudio2 using 'Lautsprecher (Realtek High Definition Audio)' : 2 channels at 48 kHz using 32 bits per sample (channel mask 0x3)
[2015.07.12-12.33.10:124][970]LogInit: FAudioDevice initialized.
[2015.07.12-12.33.10:155][970]LogWorld: Game class is 'FirstPersonGameMode_C'
[2015.07.12-12.33.10:162][970]LogWorld: Bringing World /Game/FirstPersonBP/Maps/UEDPIE_0_FirstPersonExampleMap.FirstPersonExampleMap up for play (max tick rate 0) at 2015.07.12-14.33.10
[2015.07.12-12.33.10:162][970]LogActor:Warning: GameSession /Game/FirstPersonBP/Maps/UEDPIE_0_FirstPersonExampleMap.FirstPersonExampleMap:PersistentLevel.GameSession_16 has natively added scene component(s), but none of them were set as the actor's RootComponent - picking one arbitrarily
[2015.07.12-12.33.10:163][970]LogActor:Warning: GameNetworkManager /Game/FirstPersonBP/Maps/UEDPIE_0_FirstPersonExampleMap.FirstPersonExampleMap:PersistentLevel.GameNetworkManager_16 has natively added scene component(s), but none of them were set as the actor's RootComponent - picking one arbitrarily
[2015.07.12-12.33.10:163][970]LogWorld: Bringing up level for play took: 0.005287
[2015.07.12-12.33.10:165][970]PIE: Info Play in editor start time for /Game/FirstPersonBP/Maps/UEDPIE_0_FirstPersonExampleMap 0.187
[2015.07.12-12.33.12:616][189]LogParticles: Destroying 0 GPU particle simulations for FXSystem 0x0000000037AD8860
[2015.07.12-12.33.17:667][605]Cmd: SELECT NONE
[2015.07.12-12.33.18:677][682]LogSavePackage: Save=90.759209ms
[2015.07.12-12.33.18:677][682]LogSavePackage: Moving '../../../../../../Users/Viktor.Pekar/Documents/12-07-2015/UnrealProject/Saved/FirstPersonExampleMap59E472C74A8A79A40158C58250FCC528.tmp' to '../../../../../../Users/Viktor.Pekar/Documents/12-07-2015/UnrealProject/Content/FirstPersonBP/Maps/FirstPersonExampleMap.umap'
[2015.07.12-12.33.18:700][682]LogFileHelpers: Saving map 'FirstPersonExampleMap' took 0.199
[2015.07.12-12.33.46:162][100]LogParticles: Destroying 0 GPU particle simulations for FXSystem 0x000000003800F600
[2015.07.12-12.33.46:536][101]Cmd: QUIT_EDITOR
[2015.07.12-12.33.46:819][101]LogExit: Preparing to exit.
[2015.07.12-12.33.47:510][101]LogExit: Editor shut down
[2015.07.12-12.33.47:510][101]LogExit: Transaction tracking system shut down
[2015.07.12-12.33.47:513][101]LogParticles: Destroying 0 GPU particle simulations for FXSystem 0x00000000108EC7C0
[2015.07.12-12.33.47:513][101]LogParticles: Destroying 0 GPU particle simulations for FXSystem 0x00000000233360C0
[2015.07.12-12.33.47:513][101]LogParticles: Destroying 0 GPU particle simulations for FXSystem 0x0000000023F7FEC0
[2015.07.12-12.33.47:513][101]LogParticles: Destroying 0 GPU particle simulations for FXSystem 0x000000001353EB60
[2015.07.12-12.33.47:514][101]LogParticles: Destroying 0 GPU particle simulations for FXSystem 0x000000001353E2A0
[2015.07.12-12.33.47:516][101]LogParticles: Destroying 0 GPU particle simulations for FXSystem 0x000000003308BA60
[2015.07.12-12.33.47:516][101]LogParticles: Destroying 0 GPU particle simulations for FXSystem 0x000000002DC42E80
[2015.07.12-12.33.47:516][101]LogParticles: Destroying 0 GPU particle simulations for FXSystem 0x0000000037D92FC0
[2015.07.12-12.33.47:517][101]LogParticles: Destroying 0 GPU particle simulations for FXSystem 0x0000000035493C40
[2015.07.12-12.33.47:688][101]LogExit: Object subsystem successfully closed.
[2015.07.12-12.33.47:768][101]LogModuleManager: Shutting down and abandoning module CrashTracker (188)
[2015.07.12-12.33.47:768][101]LogModuleManager: Shutting down and abandoning module SuperSearch (187)
[2015.07.12-12.33.47:768][101]LogModuleManager: Shutting down and abandoning module WidgetCarousel (186)
[2015.07.12-12.33.47:768][101]LogModuleManager: Shutting down and abandoning module AddContentDialog (185)
[2015.07.12-12.33.47:768][101]LogModuleManager: Shutting down and abandoning module EditorWidgets (184)
[2015.07.12-12.33.47:768][101]LogModuleManager: Shutting down and abandoning module CollectionManager (183)
[2015.07.12-12.33.47:768][101]LogModuleManager: Shutting down and abandoning module SceneOutliner (182)
[2015.07.12-12.33.47:768][101]LogModuleManager: Shutting down and abandoning module StatsViewer (181)
[2015.07.12-12.33.47:768][101]LogModuleManager: Shutting down and abandoning module FoliageEdit (180)
[2015.07.12-12.33.47:768][101]LogModuleManager: Shutting down and abandoning module LandscapeEditor (179)
[2015.07.12-12.33.47:768][101]LogModuleManager: Shutting down and abandoning module ActorPickerMode (178)
[2015.07.12-12.33.47:768][101]LogModuleManager: Shutting down and abandoning module GeometryMode (177)
[2015.07.12-12.33.47:768][101]LogModuleManager: Shutting down and abandoning module TextureAlignMode (176)
[2015.07.12-12.33.47:768][101]LogModuleManager: Shutting down and abandoning module BspMode (175)
[2015.07.12-12.33.47:768][101]LogModuleManager: Shutting down and abandoning module PlacementMode (174)
[2015.07.12-12.33.47:768][101]LogModuleManager: Shutting down and abandoning module AutomationWorker (173)
[2015.07.12-12.33.47:768][101]LogModuleManager: Shutting down and abandoning module CharacterAI (172)
[2015.07.12-12.33.47:768][101]LogModuleManager: Shutting down and abandoning module SmartSnapping (171)
[2015.07.12-12.33.47:768][101]LogModuleManager: Shutting down and abandoning module ViewportSnapping (170)
[2015.07.12-12.33.47:769][101]LogModuleManager: Shutting down and abandoning module LogVisualizer (169)
[2015.07.12-12.33.47:769][101]LogModuleManager: Shutting down and abandoning module GameProjectGeneration (168)
[2015.07.12-12.33.47:769][101]LogModuleManager: Shutting down and abandoning module IntroTutorials (167)
[2015.07.12-12.33.47:769][101]LogModuleManager: Shutting down and abandoning module EditorLiveStreaming (166)
[2015.07.12-12.33.47:769][101]LogModuleManager: Shutting down and abandoning module IOSPlatformEditor (165)
[2015.07.12-12.33.47:769][101]LogModuleManager: Shutting down and abandoning module HTML5PlatformEditor (164)
[2015.07.12-12.33.47:769][101]LogModuleManager: Shutting down and abandoning module AndroidDeviceDetection (163)
[2015.07.12-12.33.48:668][101]LogModuleManager: Shutting down and abandoning module AndroidPlatformEditor (162)
[2015.07.12-12.33.48:668][101]LogModuleManager: Shutting down and abandoning module IOSRuntimeSettings (161)
[2015.07.12-12.33.48:668][101]LogModuleManager: Shutting down and abandoning module AndroidRuntimeSettings (160)
[2015.07.12-12.33.48:668][101]LogModuleManager: Shutting down and abandoning module MergeActors (159)
[2015.07.12-12.33.48:668][101]LogModuleManager: Shutting down and abandoning module SizeMap (158)
[2015.07.12-12.33.48:668][101]LogModuleManager: Shutting down and abandoning module TreeMap (157)
[2015.07.12-12.33.48:668][101]LogModuleManager: Shutting down and abandoning module ReferenceViewer (156)
[2015.07.12-12.33.48:668][101]LogModuleManager: Shutting down and abandoning module LocalizationDashboard (155)
[2015.07.12-12.33.48:668][101]LogModuleManager: Shutting down and abandoning module HardwareTargeting (154)
[2015.07.12-12.33.48:668][101]LogModuleManager: Shutting down and abandoning module DeviceProfileEditor (153)
[2015.07.12-12.33.48:668][101]LogModuleManager: Shutting down and abandoning module UndoHistory (152)
[2015.07.12-12.33.48:668][101]LogModuleManager: Shutting down and abandoning module GameplayTagsEditor (151)
[2015.07.12-12.33.48:668][101]LogModuleManager: Shutting down and abandoning module UserFeedback (150)
[2015.07.12-12.33.48:668][101]LogModuleManager: Shutting down and abandoning module XmlParser (149)
[2015.07.12-12.33.48:668][101]LogModuleManager: Shutting down and abandoning module Blutility (148)
[2015.07.12-12.33.48:668][101]LogModuleManager: Shutting down and abandoning module ProjectTargetPlatformEditor (147)
[2015.07.12-12.33.48:668][101]LogModuleManager: Shutting down and abandoning module ProjectSettingsViewer (146)
[2015.07.12-12.33.48:668][101]LogModuleManager: Shutting down and abandoning module InputBindingEditor (145)
[2015.07.12-12.33.48:668][101]LogModuleManager: Shutting down and abandoning module EditorSettingsViewer (144)
[2015.07.12-12.33.48:668][101]LogModuleManager: Shutting down and abandoning module SettingsEditor (143)
[2015.07.12-12.33.48:668][101]LogModuleManager: Shutting down and abandoning module ProjectLauncher (142)
[2015.07.12-12.33.48:668][101]LogModuleManager: Shutting down and abandoning module SessionFrontend (141)
[2015.07.12-12.33.48:668][101]LogModuleManager: Shutting down and abandoning module ProfilerClient (140)
[2015.07.12-12.33.48:668][101]LogModuleManager: Shutting down and abandoning module TargetDeviceServices (139)
[2015.07.12-12.33.48:668][101]LogModuleManager: Shutting down and abandoning module DeviceManager (138)
[2015.07.12-12.33.48:669][101]LogModuleManager: Shutting down and abandoning module AutomationController (137)
[2015.07.12-12.33.48:669][101]LogModuleManager: Shutting down and abandoning module AutomationWindow (136)
[2015.07.12-12.33.48:669][101]LogModuleManager: Shutting down and abandoning module Layers (135)
[2015.07.12-12.33.48:669][101]LogModuleManager: Shutting down and abandoning module ComponentVisualizers (134)
[2015.07.12-12.33.48:669][101]LogModuleManager: Shutting down and abandoning module DetailCustomizations (133)
[2015.07.12-12.33.48:669][101]LogModuleManager: Shutting down and abandoning module PackagesDialog (132)
[2015.07.12-12.33.48:669][101]LogModuleManager: Shutting down and abandoning module AssetRegistry (131)
[2015.07.12-12.33.48:778][101]LogModuleManager: Shutting down and abandoning module Persona (130)
[2015.07.12-12.33.48:778][101]LogModuleManager: Shutting down and abandoning module Kismet (129)
[2015.07.12-12.33.48:778][101]LogModuleManager: Shutting down and abandoning module GraphEditor (128)
[2015.07.12-12.33.48:778][101]LogModuleManager: Shutting down and abandoning module ClassViewer (127)
[2015.07.12-12.33.48:778][101]LogModuleManager: Shutting down and abandoning module Toolbox (126)
[2015.07.12-12.33.48:778][101]LogModuleManager: Shutting down and abandoning module ModuleUI (125)
[2015.07.12-12.33.48:778][101]LogModuleManager: Shutting down and abandoning module MovieSceneTools (124)
[2015.07.12-12.33.48:778][101]LogModuleManager: Shutting down and abandoning module OutputLog (123)
[2015.07.12-12.33.48:778][101]LogModuleManager: Shutting down and abandoning module GammaUI (122)
[2015.07.12-12.33.48:778][101]LogModuleManager: Shutting down and abandoning module Documentation (121)
[2015.07.12-12.33.48:778][101]LogModuleManager: Shutting down and abandoning module GameLiveStreaming (120)
[2015.07.12-12.33.48:778][101]LogModuleManager: Shutting down and abandoning module StreamingPauseRendering (119)
[2015.07.12-12.33.48:778][101]LogModuleManager: Shutting down and abandoning module AnalyticsET (118)
[2015.07.12-12.33.48:778][101]LogModuleManager: Shutting down and abandoning module Analytics (117)
[2015.07.12-12.33.48:778][101]LogModuleManager: Shutting down and abandoning module AITestSuite (116)
[2015.07.12-12.33.48:778][101]LogModuleManager: Shutting down and abandoning module GameplayDebugger (115)
[2015.07.12-12.33.48:778][101]LogModuleManager: Shutting down and abandoning module AIModule (114)
[2015.07.12-12.33.48:778][101]LogModuleManager: Shutting down and abandoning module ProfilerService (113)
[2015.07.12-12.33.48:978][101]LogModuleManager: Shutting down and abandoning module TaskGraph (112)
[2015.07.12-12.33.48:978][101]LogModuleManager: Shutting down and abandoning module SlateRemote (111)
[2015.07.12-12.33.48:978][101]LogModuleManager: Shutting down and abandoning module SteamVRController (110)
[2015.07.12-12.33.48:978][101]LogModuleManager: Shutting down and abandoning module SteamVR (109)
[2015.07.12-12.33.48:978][101]LogModuleManager: Shutting down and abandoning module ProceduralMeshComponent (108)
[2015.07.12-12.33.48:978][101]LogModuleManager: Shutting down and abandoning module OculusRift (107)
[2015.07.12-12.33.48:978][101]LogModuleManager: Shutting down and abandoning module LeapMotionController (106)
[2015.07.12-12.33.48:987][101]LogModuleManager: Shutting down and abandoning module CustomMeshComponent (105)
[2015.07.12-12.33.48:987][101]LogModuleManager: Shutting down and abandoning module CableComponent (104)
[2015.07.12-12.33.48:987][101]LogModuleManager: Shutting down and abandoning module MessagingDebugger (103)
[2015.07.12-12.33.48:987][101]LogModuleManager: Shutting down and abandoning module MediaPlayerEditor (102)
[2015.07.12-12.33.48:988][101]LogModuleManager: Shutting down and abandoning module SpeedTreeImporter (101)
[2015.07.12-12.33.48:988][101]LogModuleManager: Shutting down and abandoning module PluginBrowser (100)
[2015.07.12-12.33.48:988][101]LogModuleManager: Shutting down and abandoning module EpicSurvey (99)
[2015.07.12-12.33.48:988][101]LogModuleManager: Shutting down and abandoning module DesktopPlatform (98)
[2015.07.12-12.33.48:988][101]LogModuleManager: Shutting down and abandoning module VisualStudioSourceCodeAccess (97)
[2015.07.12-12.33.48:988][101]LogModuleManager: Shutting down and abandoning module UObjectPlugin (96)
[2015.07.12-12.33.48:988][101]LogModuleManager: Shutting down and abandoning module SubversionSourceControl (95)
[2015.07.12-12.33.48:988][101]LogModuleManager: Shutting down and abandoning module PerforceSourceControl (94)
[2015.07.12-12.33.48:988][101]LogModuleManager: Shutting down and abandoning module SourceControl (93)
[2015.07.12-12.33.48:988][101]LogModuleManager: Shutting down and abandoning module GitSourceControl (92)
[2015.07.12-12.33.48:988][101]LogModuleManager: Shutting down and abandoning module BlankPlugin (91)
[2015.07.12-12.33.48:988][101]LogModuleManager: Shutting down and abandoning module PaperTiledImporter (90)
[2015.07.12-12.33.48:988][101]LogModuleManager: Shutting down and abandoning module PaperSpriteSheetImporter (89)
[2015.07.12-12.33.48:988][101]LogModuleManager: Shutting down and abandoning module MeshPaint (88)
[2015.07.12-12.33.48:988][101]LogModuleManager: Shutting down and abandoning module SlateReflector (87)
[2015.07.12-12.33.48:988][101]LogModuleManager: Shutting down and abandoning module DirectoryWatcher (86)
[2015.07.12-12.33.48:988][101]LogModuleManager: Shutting down and abandoning module HotReload (85)
[2015.07.12-12.33.48:988][101]LogModuleManager: Shutting down and abandoning module MainFrame (84)
[2015.07.12-12.33.48:988][101]LogModuleManager: Shutting down and abandoning module LevelEditor (83)
[2015.07.12-12.33.48:989][101]LogModuleManager: Shutting down and abandoning module ContentBrowser (82)
[2015.07.12-12.33.48:990][101]LogModuleManager: Shutting down and abandoning module Paper2DEditor (81)
[2015.07.12-12.33.48:990][101]LogModuleManager: Shutting down and abandoning module UdpMessaging (80)
[2015.07.12-12.33.49:090][101]LogModuleManager: Shutting down and abandoning module Paper2D (79)
[2015.07.12-12.33.49:090][101]LogModuleManager: Shutting down and abandoning module WindowsMoviePlayer (78)
[2015.07.12-12.33.49:093][101]LogModuleManager: Shutting down and abandoning module Media (77)
[2015.07.12-12.33.49:093][101]LogModuleManager: Shutting down and abandoning module WmfMedia (76)
[2015.07.12-12.33.49:093][101]LogModuleManager: Shutting down and abandoning module OnlineBlueprintSupport (75)
[2015.07.12-12.33.49:093][101]LogModuleManager: Shutting down and abandoning module PropertyEditor (74)
[2015.07.12-12.33.49:093][101]LogModuleManager: Shutting down and abandoning module BehaviorTreeEditor (73)
[2015.07.12-12.33.49:093][101]LogModuleManager: Shutting down and abandoning module FunctionalTesting (72)
[2015.07.12-12.33.49:093][101]LogModuleManager: Shutting down and abandoning module CollisionAnalyzer (71)
[2015.07.12-12.33.49:093][101]LogModuleManager: Shutting down and abandoning module WorkspaceMenuStructure (70)
[2015.07.12-12.33.49:093][101]LogModuleManager: Shutting down and abandoning module MessageLog (69)
[2015.07.12-12.33.49:093][101]LogModuleManager: Shutting down and abandoning module Sequencer (68)
[2015.07.12-12.33.49:093][101]LogModuleManager: Shutting down and abandoning module AssetTools (67)
[2015.07.12-12.33.49:093][101]LogModuleManager: Shutting down and abandoning module UMGEditor (66)
[2015.07.12-12.33.49:094][101]LogModuleManager: Shutting down and abandoning module UMG (65)
[2015.07.12-12.33.49:094][101]LogModuleManager: Shutting down and abandoning module Slate (64)
[2015.07.12-12.33.49:094][101]LogModuleManager: Shutting down and abandoning module EditorStyle (63)
[2015.07.12-12.33.49:096][101]LogModuleManager: Shutting down and abandoning module SessionServices (62)
[2015.07.12-12.33.49:096][101]LogModuleManager: Shutting down and abandoning module SourceCodeAccess (61)
[2015.07.12-12.33.49:096][101]LogModuleManager: Shutting down and abandoning module HeadMountedDisplay (60)
[2015.07.12-12.33.49:096][101]LogModuleManager: Shutting down and abandoning module XAudio2 (59)
[2015.07.12-12.33.49:096][101]LogModuleManager: Shutting down and abandoning module Networking (57)
[2015.07.12-12.33.49:096][101]LogModuleManager: Shutting down and abandoning module Core (56)
[2015.07.12-12.33.49:096][101]LogModuleManager: Shutting down and abandoning module KismetCompiler (55)
[2015.07.12-12.33.49:096][101]LogModuleManager: Shutting down and abandoning module PhysXFormats (54)
[2015.07.12-12.33.49:096][101]LogModuleManager: Shutting down and abandoning module MeshUtilities (53)
[2015.07.12-12.33.49:096][101]LogModuleManager: Shutting down and abandoning module DerivedDataCache (52)
[2015.07.12-12.33.49:131][101]LogDerivedDataCache: Shutdown
[2015.07.12-12.33.49:131][101]LogModuleManager: Shutting down and abandoning module ShaderFormatOpenGL (51)
[2015.07.12-12.33.49:131][101]LogModuleManager: Shutting down and abandoning module ShaderFormatD3D (50)
[2015.07.12-12.33.49:131][101]LogModuleManager: Shutting down and abandoning module MetalShaderFormat (49)
[2015.07.12-12.33.49:131][101]LogModuleManager: Shutting down and abandoning module TextureFormatUncompressed (48)
[2015.07.12-12.33.49:131][101]LogModuleManager: Shutting down and abandoning module TextureFormatPVR (47)
[2015.07.12-12.33.49:131][101]LogModuleManager: Shutting down and abandoning module TextureFormatIntelISPCTexComp (46)
[2015.07.12-12.33.49:131][101]LogModuleManager: Shutting down and abandoning module TextureFormatDXT (45)
[2015.07.12-12.33.49:131][101]LogModuleManager: Shutting down and abandoning module ImageWrapper (44)
[2015.07.12-12.33.49:131][101]LogModuleManager: Shutting down and abandoning module TextureFormatASTC (43)
[2015.07.12-12.33.49:131][101]LogModuleManager: Shutting down and abandoning module TextureFormatAndroid (42)
[2015.07.12-12.33.49:131][101]LogModuleManager: Shutting down and abandoning module AudioFormatOpus (41)
[2015.07.12-12.33.49:131][101]LogModuleManager: Shutting down and abandoning module AudioFormatOgg (40)
[2015.07.12-12.33.49:131][101]LogModuleManager: Shutting down and abandoning module AudioFormatADPCM (39)
[2015.07.12-12.33.49:131][101]LogModuleManager: Shutting down and abandoning module LinuxTargetPlatform (38)
[2015.07.12-12.33.49:131][101]LogModuleManager: Shutting down and abandoning module LinuxServerTargetPlatform (37)
[2015.07.12-12.33.49:131][101]LogModuleManager: Shutting down and abandoning module LinuxNoEditorTargetPlatform (36)
[2015.07.12-12.33.49:131][101]LogModuleManager: Shutting down and abandoning module Messaging (35)
[2015.07.12-12.33.49:131][101]LogModuleManager: Shutting down and abandoning module IOSTargetPlatform (34)
[2015.07.12-12.33.49:131][101]LogModuleManager: Shutting down and abandoning module HTML5TargetPlatform (33)
[2015.07.12-12.33.49:131][101]LogModuleManager: Shutting down and abandoning module Android_PVRTCTargetPlatform (32)
[2015.07.12-12.33.49:131][101]LogModuleManager: Shutting down and abandoning module Android_ETC2TargetPlatform (31)
[2015.07.12-12.33.49:131][101]LogModuleManager: Shutting down and abandoning module Android_ETC1TargetPlatform (30)
[2015.07.12-12.33.49:131][101]LogModuleManager: Shutting down and abandoning module Android_DXTTargetPlatform (29)
[2015.07.12-12.33.49:131][101]LogModuleManager: Shutting down and abandoning module Android_ATCTargetPlatform (28)
[2015.07.12-12.33.49:131][101]LogModuleManager: Shutting down and abandoning module Android_ASTCTargetPlatform (27)
[2015.07.12-12.33.49:131][101]LogModuleManager: Shutting down and abandoning module AndroidTargetPlatform (26)
[2015.07.12-12.33.49:131][101]LogModuleManager: Shutting down and abandoning module WindowsTargetPlatform (25)
[2015.07.12-12.33.49:131][101]LogModuleManager: Shutting down and abandoning module WindowsServerTargetPlatform (24)
[2015.07.12-12.33.49:131][101]LogModuleManager: Shutting down and abandoning module WindowsNoEditorTargetPlatform (23)
[2015.07.12-12.33.49:131][101]LogModuleManager: Shutting down and abandoning module WindowsClientTargetPlatform (22)
[2015.07.12-12.33.49:131][101]LogModuleManager: Shutting down and abandoning module DesktopTargetPlatform (21)
[2015.07.12-12.33.49:131][101]LogModuleManager: Shutting down and abandoning module TargetPlatform (20)
[2015.07.12-12.33.49:131][101]LogModuleManager: Shutting down and abandoning module InputCore (19)
[2015.07.12-12.33.49:131][101]LogModuleManager: Shutting down and abandoning module Settings (18)
[2015.07.12-12.33.49:131][101]LogModuleManager: Shutting down and abandoning module OnlineSubsystem (16)
[2015.07.12-12.33.49:131][101]LogModuleManager: Shutting down and abandoning module HTTP (15)
[2015.07.12-12.33.49:131][101]LogModuleManager: Shutting down and abandoning module ExampleDeviceProfileSelector (14)
[2015.07.12-12.33.49:131][101]LogModuleManager: Shutting down and abandoning module TextureCompressor (13)
[2015.07.12-12.33.49:132][101]LogModuleManager: Shutting down and abandoning module ShaderCore (12)
[2015.07.12-12.33.49:132][101]LogModuleManager: Shutting down and abandoning module Landscape (11)
[2015.07.12-12.33.49:132][101]LogModuleManager: Shutting down and abandoning module SlateRHIRenderer (10)
[2015.07.12-12.33.49:133][101]LogModuleManager: Shutting down and abandoning module OpenGLDrv (9)
[2015.07.12-12.33.49:133][101]LogModuleManager: Shutting down and abandoning module D3D11RHI (8)
[2015.07.12-12.33.49:133][101]LogModuleManager: Shutting down and abandoning module Renderer (7)
[2015.07.12-12.33.49:133][101]LogModuleManager: Shutting down and abandoning module Engine (6)
[2015.07.12-12.33.49:133][101]LogModuleManager: Shutting down and abandoning module CoreUObject (5)
[2015.07.12-12.33.49:133][101]LogModuleManager: Shutting down and abandoning module NetworkFile (4)
[2015.07.12-12.33.49:133][101]LogModuleManager: Shutting down and abandoning module StreamingFile (3)
[2015.07.12-12.33.49:133][101]LogModuleManager: Shutting down and abandoning module SandboxFile (2)
[2015.07.12-12.33.49:133][101]LogModuleManager: Shutting down and abandoning module PakFile (1)
[2015.07.12-12.33.49:134][101]LogExit: Exiting.
[2015.07.12-12.33.49:149][101]Log file closed, 07/12/15 14:33:49
